---- log file ---
2007-08-23T18:40:54-05:00 : SELECT * FROM collection WHERE ascii_id = :ascii_id LIMIT 1 /// test_collection
2007-08-23T18:40:54-05:00 : SELECT * FROM item WHERE collection_id = :collection_id AND status_id = :status_id LIMIT 1 /// 105,0
2007-08-23T18:40:54-05:00 : SELECT * FROM item_type WHERE ascii_id = :ascii_id AND collection_id = :collection_id LIMIT 1 /// glossary,105
2007-08-23T18:40:54-05:00 : SELECT * FROM attribute WHERE ascii_id = :ascii_id AND collection_id = :collection_id LIMIT 1 /// glossary_term,105
2007-08-23T18:40:54-05:00 : SELECT * FROM attribute WHERE ascii_id = :ascii_id AND collection_id = :collection_id LIMIT 1 /// glossary_definition,105
2007-08-23T18:40:54-05:00 : SELECT * FROM item WHERE collection_id = :collection_id AND status_id = :status_id LIMIT 1 /// 105,0
2007-08-23T18:40:54-05:00 : SELECT * FROM item_type WHERE ascii_id = :ascii_id AND collection_id = :collection_id LIMIT 1 /// glossary,105
2007-08-23T18:40:54-05:00 : SELECT * FROM attribute WHERE ascii_id = :ascii_id AND collection_id = :collection_id LIMIT 1 /// glossary_term,105
2007-08-23T18:40:54-05:00 : SELECT * FROM attribute WHERE ascii_id = :ascii_id AND collection_id = :collection_id LIMIT 1 /// glossary_definition,105
2007-08-25T04:58:38-05:00 : UPDATE value SET attribute_id = ?,item_id = ?,value_text = ?,value_text_md5 = ? WHERE id=? /// 2448,406992,Inferior,b5e2299a2eabcc8fbba9a826454799d2,9458635
2007-08-25T04:58:38-05:00 : UPDATE value SET attribute_id = ?,item_id = ?,value_text = ?,value_text_md5 = ? WHERE id=? /// 2448,406993,Left lateral,39d83c73fb1a07212a6b2566ac55c23c,9458643
2007-08-25T04:58:38-05:00 : UPDATE value SET attribute_id = ?,item_id = ?,value_text = ?,value_text_md5 = ? WHERE id=? /// 2448,406994,Right lateral,7dbac9c2e59bcc59bef2e759975fcff2,9458651
2007-08-25T04:58:38-05:00 : UPDATE value SET attribute_id = ?,item_id = ?,value_text = ?,value_text_md5 = ? WHERE id=? /// 2448,406995,Superior,64dbb87794fbe7f587582b27d08ace2b,9458659
2007-08-25T04:58:38-05:00 : UPDATE value SET attribute_id = ?,item_id = ?,value_text = ?,value_text_md5 = ? WHERE id=? /// 2448,406996,Ventral,7e0c0647fba4096726b6a9eba529517b,9458667
2007-08-25T04:58:38-05:00 : UPDATE value SET attribute_id = ?,item_id = ?,value_text = ?,value_text_md5 = ? WHERE id=? /// 2448,406997,Left lateral,39d83c73fb1a07212a6b2566ac55c23c,9458676
2007-08-25T04:58:38-05:00 : UPDATE value SET attribute_id = ?,item_id = ?,value_text = ?,value_text_md5 = ? WHERE id=? /// 2448,406998,Right lateral,7dbac9c2e59bcc59bef2e759975fcff2,9458689
2007-08-25T04:58:38-05:00 : UPDATE value SET attribute_id = ?,item_id = ?,value_text = ?,value_text_md5 = ? WHERE id=? /// 2448,406999,Occlusal,29008f2ff90719c1b9242e3177ebbda8,9458698
2007-08-25T04:58:38-05:00 : SELECT * FROM value WHERE attribute_id = :attribute_id /// 2420
2007-08-25T04:58:38-05:00 : SELECT * FROM value WHERE attribute_id = :attribute_id /// 2419
