---- log file ---
[28-Jul-2008 22:47:06] PHP Warning:  include(Dase/DB/Collection.php): failed to open stream: No such file or directory in /Users/pkeane/dase/bin/build_indexes.php on line 35
[28-Jul-2008 22:47:06] PHP Warning:  include(): Failed opening 'Dase/DB/Collection.php' for inclusion (include_path='../lib') in /Users/pkeane/dase/bin/build_indexes.php on line 35
[28-Jul-2008 22:47:06] PHP Fatal error:  Class 'Dase_DB_Collection' not found in /Users/pkeane/dase/bin/build_indexes.php on line 50
[28-Jul-2008 22:47:30] PHP Fatal error:  Call to undefined method Dase_DBO_Collection::getAll() in /Users/pkeane/dase/bin/build_indexes.php on line 51
[31-Jul-2008 14:05:18] PHP Notice:  Use of undefined constant APP_ROOT - assumed 'APP_ROOT' in /Users/pkeane/dase/lib/Dase/DBO/Item.php on line 558
[31-Jul-2008 14:05:18] PHP Notice:  Use of undefined constant APP_ROOT - assumed 'APP_ROOT' in /Users/pkeane/dase/lib/Dase/DBO/Item.php on line 528
[31-Jul-2008 14:05:18] PHP Notice:  Use of undefined constant APP_ROOT - assumed 'APP_ROOT' in /Users/pkeane/dase/lib/Dase/DBO/Item.php on line 437
[31-Jul-2008 14:05:18] PHP Notice:  Use of undefined constant APP_ROOT - assumed 'APP_ROOT' in /Users/pkeane/dase/lib/Dase/DBO/Item.php on line 558
[31-Jul-2008 14:05:18] PHP Notice:  Use of undefined constant APP_ROOT - assumed 'APP_ROOT' in /Users/pkeane/dase/lib/Dase/DBO/Item.php on line 558
[31-Jul-2008 14:05:18] PHP Notice:  Use of undefined constant APP_ROOT - assumed 'APP_ROOT' in /Users/pkeane/dase/lib/Dase/DBO/Item.php on line 558
[31-Jul-2008 14:05:18] PHP Notice:  Use of undefined constant APP_ROOT - assumed 'APP_ROOT' in /Users/pkeane/dase/lib/Dase/DBO/Item.php on line 558
[31-Jul-2008 14:05:18] PHP Notice:  Use of undefined constant APP_ROOT - assumed 'APP_ROOT' in /Users/pkeane/dase/lib/Dase/DBO/Item.php on line 277
[31-Jul-2008 14:05:18] PHP Notice:  Use of undefined constant APP_ROOT - assumed 'APP_ROOT' in /Users/pkeane/dase/lib/Dase/DBO/MediaFile.php on line 67
[31-Jul-2008 14:05:18] PHP Notice:  Use of undefined constant APP_ROOT - assumed 'APP_ROOT' in /Users/pkeane/dase/lib/Dase/DBO/MediaFile.php on line 67
[31-Jul-2008 14:05:18] PHP Notice:  Use of undefined constant APP_ROOT - assumed 'APP_ROOT' in /Users/pkeane/dase/lib/Dase/DBO/MediaFile.php on line 67
[31-Jul-2008 14:05:18] PHP Notice:  Use of undefined constant APP_ROOT - assumed 'APP_ROOT' in /Users/pkeane/dase/lib/Dase/DBO/Item.php on line 277
[31-Jul-2008 14:05:18] PHP Notice:  Use of undefined constant APP_ROOT - assumed 'APP_ROOT' in /Users/pkeane/dase/lib/Dase/DBO/Item.php on line 558
[31-Jul-2008 14:05:18] PHP Notice:  Use of undefined constant APP_ROOT - assumed 'APP_ROOT' in /Users/pkeane/dase/lib/Dase/DBO/Item.php on line 528
[31-Jul-2008 14:05:18] PHP Notice:  Use of undefined constant APP_ROOT - assumed 'APP_ROOT' in /Users/pkeane/dase/lib/Dase/DBO/Item.php on line 437
[31-Jul-2008 14:05:18] PHP Notice:  Use of undefined constant APP_ROOT - assumed 'APP_ROOT' in /Users/pkeane/dase/lib/Dase/DBO/Item.php on line 558
[31-Jul-2008 14:05:18] PHP Notice:  Use of undefined constant APP_ROOT - assumed 'APP_ROOT' in /Users/pkeane/dase/lib/Dase/DBO/Item.php on line 558
[31-Jul-2008 14:05:18] PHP Notice:  Use of undefined constant APP_ROOT - assumed 'APP_ROOT' in /Users/pkeane/dase/lib/Dase/DBO/Item.php on line 558
[31-Jul-2008 14:05:18] PHP Notice:  Use of undefined constant APP_ROOT - assumed 'APP_ROOT' in /Users/pkeane/dase/lib/Dase/DBO/Item.php on line 558
[31-Jul-2008 14:05:18] PHP Notice:  Use of undefined constant APP_ROOT - assumed 'APP_ROOT' in /Users/pkeane/dase/lib/Dase/DBO/Item.php on line 277
[31-Jul-2008 14:05:18] PHP Notice:  Use of undefined constant APP_ROOT - assumed 'APP_ROOT' in /Users/pkeane/dase/lib/Dase/DBO/MediaFile.php on line 67
[31-Jul-2008 14:05:18] PHP Notice:  Use of undefined constant APP_ROOT - assumed 'APP_ROOT' in /Users/pkeane/dase/lib/Dase/DBO/MediaFile.php on line 67
[31-Jul-2008 14:05:18] PHP Notice:  Use of undefined constant APP_ROOT - assumed 'APP_ROOT' in /Users/pkeane/dase/lib/Dase/DBO/MediaFile.php on line 67
[31-Jul-2008 14:05:18] PHP Notice:  Use of undefined constant APP_ROOT - assumed 'APP_ROOT' in /Users/pkeane/dase/lib/Dase/DBO/Item.php on line 277
[31-Jul-2008 14:05:18] PHP Notice:  Use of undefined constant APP_ROOT - assumed 'APP_ROOT' in /Users/pkeane/dase/lib/Dase/DBO/Item.php on line 558
[31-Jul-2008 14:05:18] PHP Notice:  Use of undefined constant APP_ROOT - assumed 'APP_ROOT' in /Users/pkeane/dase/lib/Dase/DBO/Item.php on line 528
[31-Jul-2008 14:05:18] PHP Notice:  Use of undefined constant APP_ROOT - assumed 'APP_ROOT' in /Users/pkeane/dase/lib/Dase/DBO/Item.php on line 437
[31-Jul-2008 14:05:18] PHP Notice:  Use of undefined constant APP_ROOT - assumed 'APP_ROOT' in /Users/pkeane/dase/lib/Dase/DBO/Item.php on line 558
[31-Jul-2008 14:05:18] PHP Notice:  Use of undefined constant APP_ROOT - assumed 'APP_ROOT' in /Users/pkeane/dase/lib/Dase/DBO/Item.php on line 558
[31-Jul-2008 14:05:18] PHP Notice:  Use of undefined constant APP_ROOT - assumed 'APP_ROOT' in /Users/pkeane/dase/lib/Dase/DBO/Item.php on line 558
[31-Jul-2008 14:05:18] PHP Notice:  Use of undefined constant APP_ROOT - assumed 'APP_ROOT' in /Users/pkeane/dase/lib/Dase/DBO/Item.php on line 558
[31-Jul-2008 14:05:18] PHP Notice:  Use of undefined constant APP_ROOT - assumed 'APP_ROOT' in /Users/pkeane/dase/lib/Dase/DBO/Item.php on line 277
[31-Jul-2008 14:05:18] PHP Notice:  Use of undefined constant APP_ROOT - assumed 'APP_ROOT' in /Users/pkeane/dase/lib/Dase/DBO/MediaFile.php on line 67
[31-Jul-2008 14:05:18] PHP Notice:  Use of undefined constant APP_ROOT - assumed 'APP_ROOT' in /Users/pkeane/dase/lib/Dase/DBO/MediaFile.php on line 67
[31-Jul-2008 14:05:18] PHP Notice:  Use of undefined constant APP_ROOT - assumed 'APP_ROOT' in /Users/pkeane/dase/lib/Dase/DBO/MediaFile.php on line 67
[31-Jul-2008 14:05:18] PHP Notice:  Use of undefined constant APP_ROOT - assumed 'APP_ROOT' in /Users/pkeane/dase/lib/Dase/DBO/Item.php on line 277
[31-Jul-2008 14:05:18] PHP Notice:  Use of undefined constant APP_ROOT - assumed 'APP_ROOT' in /Users/pkeane/dase/lib/Dase/DBO/Item.php on line 558
[31-Jul-2008 14:05:18] PHP Notice:  Use of undefined constant APP_ROOT - assumed 'APP_ROOT' in /Users/pkeane/dase/lib/Dase/DBO/Item.php on line 528
[31-Jul-2008 14:05:18] PHP Notice:  Use of undefined constant APP_ROOT - assumed 'APP_ROOT' in /Users/pkeane/dase/lib/Dase/DBO/Item.php on line 437
[31-Jul-2008 14:05:18] PHP Notice:  Use of undefined constant APP_ROOT - assumed 'APP_ROOT' in /Users/pkeane/dase/lib/Dase/DBO/Item.php on line 558
[31-Jul-2008 14:05:18] PHP Notice:  Use of undefined constant APP_ROOT - assumed 'APP_ROOT' in /Users/pkeane/dase/lib/Dase/DBO/Item.php on line 558
[31-Jul-2008 14:05:18] PHP Notice:  Use of undefined constant APP_ROOT - assumed 'APP_ROOT' in /Users/pkeane/dase/lib/Dase/DBO/Item.php on line 558
[31-Jul-2008 14:05:18] PHP Notice:  Use of undefined constant APP_ROOT - assumed 'APP_ROOT' in /Users/pkeane/dase/lib/Dase/DBO/Item.php on line 558
[31-Jul-2008 14:05:18] PHP Notice:  Use of undefined constant APP_ROOT - assumed 'APP_ROOT' in /Users/pkeane/dase/lib/Dase/DBO/Item.php on line 277
[31-Jul-2008 14:05:18] PHP Notice:  Use of undefined constant APP_ROOT - assumed 'APP_ROOT' in /Users/pkeane/dase/lib/Dase/DBO/MediaFile.php on line 67
[31-Jul-2008 14:05:18] PHP Notice:  Use of undefined constant APP_ROOT - assumed 'APP_ROOT' in /Users/pkeane/dase/lib/Dase/DBO/MediaFile.php on line 67
[31-Jul-2008 14:05:18] PHP Notice:  Use of undefined constant APP_ROOT - assumed 'APP_ROOT' in /Users/pkeane/dase/lib/Dase/DBO/MediaFile.php on line 67
[31-Jul-2008 14:05:18] PHP Notice:  Use of undefined constant APP_ROOT - assumed 'APP_ROOT' in /Users/pkeane/dase/lib/Dase/DBO/Item.php on line 277
[31-Jul-2008 14:05:18] PHP Notice:  Use of undefined constant APP_ROOT - assumed 'APP_ROOT' in /Users/pkeane/dase/lib/Dase/DBO/Item.php on line 558
[31-Jul-2008 14:05:18] PHP Notice:  Use of undefined constant APP_ROOT - assumed 'APP_ROOT' in /Users/pkeane/dase/lib/Dase/DBO/Item.php on line 528
[31-Jul-2008 14:05:18] PHP Notice:  Use of undefined constant APP_ROOT - assumed 'APP_ROOT' in /Users/pkeane/dase/lib/Dase/DBO/Item.php on line 437
[31-Jul-2008 14:05:18] PHP Notice:  Use of undefined constant APP_ROOT - assumed 'APP_ROOT' in /Users/pkeane/dase/lib/Dase/DBO/Item.php on line 558
[31-Jul-2008 14:05:18] PHP Notice:  Use of undefined constant APP_ROOT - assumed 'APP_ROOT' in /Users/pkeane/dase/lib/Dase/DBO/Item.php on line 558
[31-Jul-2008 14:05:18] PHP Notice:  Use of undefined constant APP_ROOT - assumed 'APP_ROOT' in /Users/pkeane/dase/lib/Dase/DBO/Item.php on line 558
[31-Jul-2008 14:05:18] PHP Notice:  Use of undefined constant APP_ROOT - assumed 'APP_ROOT' in /Users/pkeane/dase/lib/Dase/DBO/Item.php on line 558
[31-Jul-2008 14:05:18] PHP Notice:  Use of undefined constant APP_ROOT - assumed 'APP_ROOT' in /Users/pkeane/dase/lib/Dase/DBO/Item.php on line 277
[31-Jul-2008 14:05:18] PHP Notice:  Use of undefined constant APP_ROOT - assumed 'APP_ROOT' in /Users/pkeane/dase/lib/Dase/DBO/MediaFile.php on line 67
[31-Jul-2008 14:05:18] PHP Notice:  Use of undefined constant APP_ROOT - assumed 'APP_ROOT' in /Users/pkeane/dase/lib/Dase/DBO/MediaFile.php on line 67
[31-Jul-2008 14:05:18] PHP Notice:  Use of undefined constant APP_ROOT - assumed 'APP_ROOT' in /Users/pkeane/dase/lib/Dase/DBO/MediaFile.php on line 67
[31-Jul-2008 14:05:18] PHP Notice:  Use of undefined constant APP_ROOT - assumed 'APP_ROOT' in /Users/pkeane/dase/lib/Dase/DBO/Item.php on line 277
[31-Jul-2008 14:05:18] PHP Notice:  Use of undefined constant APP_ROOT - assumed 'APP_ROOT' in /Users/pkeane/dase/lib/Dase/DBO/Item.php on line 558
[31-Jul-2008 14:05:18] PHP Notice:  Use of undefined constant APP_ROOT - assumed 'APP_ROOT' in /Users/pkeane/dase/lib/Dase/DBO/Item.php on line 528
[31-Jul-2008 14:05:18] PHP Notice:  Use of undefined constant APP_ROOT - assumed 'APP_ROOT' in /Users/pkeane/dase/lib/Dase/DBO/Item.php on line 437
[31-Jul-2008 14:05:18] PHP Notice:  Use of undefined constant APP_ROOT - assumed 'APP_ROOT' in /Users/pkeane/dase/lib/Dase/DBO/Item.php on line 558
[31-Jul-2008 14:05:18] PHP Notice:  Use of undefined constant APP_ROOT - assumed 'APP_ROOT' in /Users/pkeane/dase/lib/Dase/DBO/Item.php on line 558
[31-Jul-2008 14:05:18] PHP Notice:  Use of undefined constant APP_ROOT - assumed 'APP_ROOT' in /Users/pkeane/dase/lib/Dase/DBO/Item.php on line 558
[31-Jul-2008 14:05:18] PHP Notice:  Use of undefined constant APP_ROOT - assumed 'APP_ROOT' in /Users/pkeane/dase/lib/Dase/DBO/Item.php on line 558
[31-Jul-2008 14:05:18] PHP Notice:  Use of undefined constant APP_ROOT - assumed 'APP_ROOT' in /Users/pkeane/dase/lib/Dase/DBO/Item.php on line 277
[31-Jul-2008 14:05:18] PHP Notice:  Use of undefined constant APP_ROOT - assumed 'APP_ROOT' in /Users/pkeane/dase/lib/Dase/DBO/MediaFile.php on line 67
[31-Jul-2008 14:05:18] PHP Notice:  Use of undefined constant APP_ROOT - assumed 'APP_ROOT' in /Users/pkeane/dase/lib/Dase/DBO/MediaFile.php on line 67
[31-Jul-2008 14:05:18] PHP Notice:  Use of undefined constant APP_ROOT - assumed 'APP_ROOT' in /Users/pkeane/dase/lib/Dase/DBO/MediaFile.php on line 67
[31-Jul-2008 14:05:18] PHP Notice:  Use of undefined constant APP_ROOT - assumed 'APP_ROOT' in /Users/pkeane/dase/lib/Dase/DBO/Item.php on line 277
[31-Jul-2008 14:05:18] PHP Notice:  Use of undefined constant APP_ROOT - assumed 'APP_ROOT' in /Users/pkeane/dase/lib/Dase/DBO/Item.php on line 558
[31-Jul-2008 14:05:18] PHP Notice:  Use of undefined constant APP_ROOT - assumed 'APP_ROOT' in /Users/pkeane/dase/lib/Dase/DBO/Item.php on line 528
[31-Jul-2008 14:05:18] PHP Notice:  Use of undefined constant APP_ROOT - assumed 'APP_ROOT' in /Users/pkeane/dase/lib/Dase/DBO/Item.php on line 437
[31-Jul-2008 14:05:18] PHP Notice:  Use of undefined constant APP_ROOT - assumed 'APP_ROOT' in /Users/pkeane/dase/lib/Dase/DBO/Item.php on line 558
[31-Jul-2008 14:05:18] PHP Notice:  Use of undefined constant APP_ROOT - assumed 'APP_ROOT' in /Users/pkeane/dase/lib/Dase/DBO/Item.php on line 558
[31-Jul-2008 14:05:18] PHP Notice:  Use of undefined constant APP_ROOT - assumed 'APP_ROOT' in /Users/pkeane/dase/lib/Dase/DBO/Item.php on line 558
[31-Jul-2008 14:05:18] PHP Notice:  Use of undefined constant APP_ROOT - assumed 'APP_ROOT' in /Users/pkeane/dase/lib/Dase/DBO/Item.php on line 558
[31-Jul-2008 14:05:18] PHP Notice:  Use of undefined constant APP_ROOT - assumed 'APP_ROOT' in /Users/pkeane/dase/lib/Dase/DBO/Item.php on line 277
[31-Jul-2008 14:05:18] PHP Notice:  Use of undefined constant APP_ROOT - assumed 'APP_ROOT' in /Users/pkeane/dase/lib/Dase/DBO/MediaFile.php on line 67
[31-Jul-2008 14:05:18] PHP Notice:  Use of undefined constant APP_ROOT - assumed 'APP_ROOT' in /Users/pkeane/dase/lib/Dase/DBO/MediaFile.php on line 67
[31-Jul-2008 14:05:18] PHP Notice:  Use of undefined constant APP_ROOT - assumed 'APP_ROOT' in /Users/pkeane/dase/lib/Dase/DBO/MediaFile.php on line 67
[31-Jul-2008 14:05:18] PHP Notice:  Use of undefined constant APP_ROOT - assumed 'APP_ROOT' in /Users/pkeane/dase/lib/Dase/DBO/Item.php on line 277
[31-Jul-2008 14:05:18] PHP Notice:  Use of undefined constant APP_ROOT - assumed 'APP_ROOT' in /Users/pkeane/dase/lib/Dase/DBO/Item.php on line 558
[31-Jul-2008 14:05:18] PHP Notice:  Use of undefined constant APP_ROOT - assumed 'APP_ROOT' in /Users/pkeane/dase/lib/Dase/DBO/Item.php on line 528
[31-Jul-2008 14:05:18] PHP Notice:  Use of undefined constant APP_ROOT - assumed 'APP_ROOT' in /Users/pkeane/dase/lib/Dase/DBO/Item.php on line 437
[31-Jul-2008 14:05:18] PHP Notice:  Use of undefined constant APP_ROOT - assumed 'APP_ROOT' in /Users/pkeane/dase/lib/Dase/DBO/Item.php on line 558
[31-Jul-2008 14:05:18] PHP Notice:  Use of undefined constant APP_ROOT - assumed 'APP_ROOT' in /Users/pkeane/dase/lib/Dase/DBO/Item.php on line 558
[31-Jul-2008 14:05:18] PHP Notice:  Use of undefined constant APP_ROOT - assumed 'APP_ROOT' in /Users/pkeane/dase/lib/Dase/DBO/Item.php on line 558
[31-Jul-2008 14:05:18] PHP Notice:  Use of undefined constant APP_ROOT - assumed 'APP_ROOT' in /Users/pkeane/dase/lib/Dase/DBO/Item.php on line 558
[31-Jul-2008 14:05:18] PHP Notice:  Use of undefined constant APP_ROOT - assumed 'APP_ROOT' in /Users/pkeane/dase/lib/Dase/DBO/Item.php on line 277
[31-Jul-2008 14:05:18] PHP Notice:  Use of undefined constant APP_ROOT - assumed 'APP_ROOT' in /Users/pkeane/dase/lib/Dase/DBO/MediaFile.php on line 67
[31-Jul-2008 14:05:18] PHP Notice:  Use of undefined constant APP_ROOT - assumed 'APP_ROOT' in /Users/pkeane/dase/lib/Dase/DBO/MediaFile.php on line 67
[31-Jul-2008 14:05:18] PHP Notice:  Use of undefined constant APP_ROOT - assumed 'APP_ROOT' in /Users/pkeane/dase/lib/Dase/DBO/MediaFile.php on line 67
[31-Jul-2008 14:05:18] PHP Notice:  Use of undefined constant APP_ROOT - assumed 'APP_ROOT' in /Users/pkeane/dase/lib/Dase/DBO/Item.php on line 277
[31-Jul-2008 22:02:14] PHP Notice:  Use of undefined constant APP_ROOT - assumed 'APP_ROOT' in /Users/pkeane/dase/lib/Dase/DBO/Item.php on line 558
[31-Jul-2008 22:02:14] PHP Notice:  Use of undefined constant APP_ROOT - assumed 'APP_ROOT' in /Users/pkeane/dase/lib/Dase/DBO/Item.php on line 528
[31-Jul-2008 22:02:14] PHP Notice:  Use of undefined constant APP_ROOT - assumed 'APP_ROOT' in /Users/pkeane/dase/lib/Dase/DBO/Item.php on line 437
[31-Jul-2008 22:02:14] PHP Notice:  Use of undefined constant APP_ROOT - assumed 'APP_ROOT' in /Users/pkeane/dase/lib/Dase/DBO/Item.php on line 558
[31-Jul-2008 22:02:14] PHP Notice:  Use of undefined constant APP_ROOT - assumed 'APP_ROOT' in /Users/pkeane/dase/lib/Dase/DBO/Item.php on line 558
[31-Jul-2008 22:02:14] PHP Notice:  Use of undefined constant APP_ROOT - assumed 'APP_ROOT' in /Users/pkeane/dase/lib/Dase/DBO/Item.php on line 558
[31-Jul-2008 22:02:14] PHP Notice:  Use of undefined constant APP_ROOT - assumed 'APP_ROOT' in /Users/pkeane/dase/lib/Dase/DBO/Item.php on line 558
[31-Jul-2008 22:02:14] PHP Notice:  Use of undefined constant APP_ROOT - assumed 'APP_ROOT' in /Users/pkeane/dase/lib/Dase/DBO/Item.php on line 277
[31-Jul-2008 22:02:14] PHP Notice:  Use of undefined constant APP_ROOT - assumed 'APP_ROOT' in /Users/pkeane/dase/lib/Dase/DBO/MediaFile.php on line 67
[31-Jul-2008 22:02:14] PHP Notice:  Use of undefined constant APP_ROOT - assumed 'APP_ROOT' in /Users/pkeane/dase/lib/Dase/DBO/MediaFile.php on line 67
[31-Jul-2008 22:02:14] PHP Notice:  Use of undefined constant APP_ROOT - assumed 'APP_ROOT' in /Users/pkeane/dase/lib/Dase/DBO/MediaFile.php on line 67
[31-Jul-2008 22:02:14] PHP Notice:  Use of undefined constant APP_ROOT - assumed 'APP_ROOT' in /Users/pkeane/dase/lib/Dase/DBO/Item.php on line 277
[31-Jul-2008 22:02:14] PHP Notice:  Use of undefined constant APP_ROOT - assumed 'APP_ROOT' in /Users/pkeane/dase/lib/Dase/DBO/Item.php on line 558
[31-Jul-2008 22:02:14] PHP Notice:  Use of undefined constant APP_ROOT - assumed 'APP_ROOT' in /Users/pkeane/dase/lib/Dase/DBO/Item.php on line 528
[31-Jul-2008 22:02:14] PHP Notice:  Use of undefined constant APP_ROOT - assumed 'APP_ROOT' in /Users/pkeane/dase/lib/Dase/DBO/Item.php on line 437
[31-Jul-2008 22:02:14] PHP Notice:  Use of undefined constant APP_ROOT - assumed 'APP_ROOT' in /Users/pkeane/dase/lib/Dase/DBO/Item.php on line 558
[31-Jul-2008 22:02:14] PHP Notice:  Use of undefined constant APP_ROOT - assumed 'APP_ROOT' in /Users/pkeane/dase/lib/Dase/DBO/Item.php on line 558
[31-Jul-2008 22:02:14] PHP Notice:  Use of undefined constant APP_ROOT - assumed 'APP_ROOT' in /Users/pkeane/dase/lib/Dase/DBO/Item.php on line 558
[31-Jul-2008 22:02:14] PHP Notice:  Use of undefined constant APP_ROOT - assumed 'APP_ROOT' in /Users/pkeane/dase/lib/Dase/DBO/Item.php on line 558
[31-Jul-2008 22:02:14] PHP Notice:  Use of undefined constant APP_ROOT - assumed 'APP_ROOT' in /Users/pkeane/dase/lib/Dase/DBO/Item.php on line 277
[31-Jul-2008 22:02:14] PHP Notice:  Use of undefined constant APP_ROOT - assumed 'APP_ROOT' in /Users/pkeane/dase/lib/Dase/DBO/MediaFile.php on line 67
[31-Jul-2008 22:02:14] PHP Notice:  Use of undefined constant APP_ROOT - assumed 'APP_ROOT' in /Users/pkeane/dase/lib/Dase/DBO/MediaFile.php on line 67
[31-Jul-2008 22:02:14] PHP Notice:  Use of undefined constant APP_ROOT - assumed 'APP_ROOT' in /Users/pkeane/dase/lib/Dase/DBO/MediaFile.php on line 67
[31-Jul-2008 22:02:14] PHP Notice:  Use of undefined constant APP_ROOT - assumed 'APP_ROOT' in /Users/pkeane/dase/lib/Dase/DBO/Item.php on line 277
[31-Jul-2008 22:02:14] PHP Notice:  Use of undefined constant APP_ROOT - assumed 'APP_ROOT' in /Users/pkeane/dase/lib/Dase/DBO/Item.php on line 558
[31-Jul-2008 22:02:14] PHP Notice:  Use of undefined constant APP_ROOT - assumed 'APP_ROOT' in /Users/pkeane/dase/lib/Dase/DBO/Item.php on line 528
[31-Jul-2008 22:02:14] PHP Notice:  Use of undefined constant APP_ROOT - assumed 'APP_ROOT' in /Users/pkeane/dase/lib/Dase/DBO/Item.php on line 437
[31-Jul-2008 22:02:14] PHP Notice:  Use of undefined constant APP_ROOT - assumed 'APP_ROOT' in /Users/pkeane/dase/lib/Dase/DBO/Item.php on line 558
[31-Jul-2008 22:02:14] PHP Notice:  Use of undefined constant APP_ROOT - assumed 'APP_ROOT' in /Users/pkeane/dase/lib/Dase/DBO/Item.php on line 558
[31-Jul-2008 22:02:14] PHP Notice:  Use of undefined constant APP_ROOT - assumed 'APP_ROOT' in /Users/pkeane/dase/lib/Dase/DBO/Item.php on line 558
[31-Jul-2008 22:02:14] PHP Notice:  Use of undefined constant APP_ROOT - assumed 'APP_ROOT' in /Users/pkeane/dase/lib/Dase/DBO/Item.php on line 558
[31-Jul-2008 22:02:14] PHP Notice:  Use of undefined constant APP_ROOT - assumed 'APP_ROOT' in /Users/pkeane/dase/lib/Dase/DBO/Item.php on line 277
[31-Jul-2008 22:02:14] PHP Notice:  Use of undefined constant APP_ROOT - assumed 'APP_ROOT' in /Users/pkeane/dase/lib/Dase/DBO/MediaFile.php on line 67
[31-Jul-2008 22:02:14] PHP Notice:  Use of undefined constant APP_ROOT - assumed 'APP_ROOT' in /Users/pkeane/dase/lib/Dase/DBO/MediaFile.php on line 67
[31-Jul-2008 22:02:14] PHP Notice:  Use of undefined constant APP_ROOT - assumed 'APP_ROOT' in /Users/pkeane/dase/lib/Dase/DBO/MediaFile.php on line 67
[31-Jul-2008 22:02:14] PHP Notice:  Use of undefined constant APP_ROOT - assumed 'APP_ROOT' in /Users/pkeane/dase/lib/Dase/DBO/Item.php on line 277
[31-Jul-2008 22:02:14] PHP Notice:  Use of undefined constant APP_ROOT - assumed 'APP_ROOT' in /Users/pkeane/dase/lib/Dase/DBO/Item.php on line 558
[31-Jul-2008 22:02:14] PHP Notice:  Use of undefined constant APP_ROOT - assumed 'APP_ROOT' in /Users/pkeane/dase/lib/Dase/DBO/Item.php on line 528
[31-Jul-2008 22:02:14] PHP Notice:  Use of undefined constant APP_ROOT - assumed 'APP_ROOT' in /Users/pkeane/dase/lib/Dase/DBO/Item.php on line 437
[31-Jul-2008 22:02:14] PHP Notice:  Use of undefined constant APP_ROOT - assumed 'APP_ROOT' in /Users/pkeane/dase/lib/Dase/DBO/Item.php on line 558
[31-Jul-2008 22:02:14] PHP Notice:  Use of undefined constant APP_ROOT - assumed 'APP_ROOT' in /Users/pkeane/dase/lib/Dase/DBO/Item.php on line 558
[31-Jul-2008 22:02:14] PHP Notice:  Use of undefined constant APP_ROOT - assumed 'APP_ROOT' in /Users/pkeane/dase/lib/Dase/DBO/Item.php on line 558
[31-Jul-2008 22:02:14] PHP Notice:  Use of undefined constant APP_ROOT - assumed 'APP_ROOT' in /Users/pkeane/dase/lib/Dase/DBO/Item.php on line 558
[31-Jul-2008 22:02:14] PHP Notice:  Use of undefined constant APP_ROOT - assumed 'APP_ROOT' in /Users/pkeane/dase/lib/Dase/DBO/Item.php on line 277
