2007-05-05T14:08:40-05:00 INFO (6): http://littlehat.com:80/dase/ajax/attribute_tallies?coll_id=43
2007-05-05T14:08:40-05:00 INFO (6): http://littlehat.com:80/dase/ajax/attribute_tallies?coll_id=44
2007-05-05T14:08:40-05:00 INFO (6): http://littlehat.com:80/dase/ajax/attribute_tallies?coll_id=45
2007-05-05T14:08:41-05:00 INFO (6): http://littlehat.com:80/dase/ajax/attribute_tallies?coll_id=46
2007-05-05T14:08:41-05:00 INFO (6): http://littlehat.com:80/dase/ajax/attribute_tallies?coll_id=47
2007-05-05T14:08:41-05:00 INFO (6): http://littlehat.com:80/dase/ajax/attribute_tallies?coll_id=48
2007-05-05T14:08:42-05:00 INFO (6): http://littlehat.com:80/dase/ajax/attribute_tallies?coll_id=49
2007-05-05T14:08:42-05:00 INFO (6): http://littlehat.com:80/dase/ajax/attribute_tallies?coll_id=50
2007-05-05T14:08:42-05:00 INFO (6): http://littlehat.com:80/dase/ajax/attribute_tallies?coll_id=51
2007-05-05T14:08:43-05:00 INFO (6): http://littlehat.com:80/dase/ajax/attribute_tallies?coll_id=52
2007-06-21T19:28:08-05:00 INFO (6): http://dase.laits.utexas.edu:80/api/v1/admin_attributes
2007-06-21T19:29:45-05:00 INFO (6): http://dase.laits.utexas.edu:80/api/v1/admin_attributes
2007-06-21T19:29:46-05:00 INFO (6): http://dase.laits.utexas.edu:80/api/v1/collections
2007-06-21T19:30:01-05:00 INFO (6): http://dase.laits.utexas.edu:80/api/v1/admin_attributes
2007-06-21T19:30:02-05:00 INFO (6): http://dase.laits.utexas.edu:80/api/v1/collections
2007-06-21T19:30:38-05:00 INFO (6): http://dase.laits.utexas.edu:80/api/v1/admin_attributes
2007-06-21T19:30:39-05:00 INFO (6): http://dase.laits.utexas.edu:80/api/v1/collections
2007-06-21T19:32:10-05:00 INFO (6): http://www.laits.utexas.edu:80/dasedemo/api/v1/admin_attributes
2007-06-21T19:32:13-05:00 INFO (6): http://www.laits.utexas.edu:80/dasedemo/api/v1/collections
2007-06-21T19:32:14-05:00 INFO (6): http://www.laits.utexas.edu:80/dasedemo/api/v1/collection/art_history_collection
2007-06-21T19:32:14-05:00 INFO (6): http://www.laits.utexas.edu:80/dasedemo/api/v1/collection/art_history_collection/attributes
2007-06-21T19:32:15-05:00 INFO (6): http://www.laits.utexas.edu:80/dasedemo/api/v1/collection/art_history_collection/items?ser_nums=1
2007-06-21T19:32:16-05:00 INFO (6): http://www.laits.utexas.edu:80/dasedemo/api/v1/collection/art_history_collection/item/000386133
2007-06-21T19:35:25-05:00 INFO (6): http://www.laits.utexas.edu:80/dasedemo/api/v1/admin_attributes
2007-06-21T19:35:25-05:00 INFO (6): http://www.laits.utexas.edu:80/dasedemo/api/v1/collections
2007-06-21T19:35:26-05:00 INFO (6): http://www.laits.utexas.edu:80/dasedemo/api/v1/collection/art_history_collection
2007-06-21T19:36:55-05:00 INFO (6): http://www.laits.utexas.edu:80/dasedemo/api/v1/admin_attributes
2007-06-21T19:36:56-05:00 INFO (6): http://www.laits.utexas.edu:80/dasedemo/api/v1/collections
2007-06-21T19:36:56-05:00 INFO (6): http://www.laits.utexas.edu:80/dasedemo/api/v1/collection/art_history_collection
2007-06-21T19:36:56-05:00 INFO (6): http://www.laits.utexas.edu:80/dasedemo/api/v1/collection/art_history_collection/attributes
2007-06-21T19:36:57-05:00 INFO (6): http://www.laits.utexas.edu:80/dasedemo/api/v1/collection/art_history_collection/items?ser_nums=1
2007-06-21T19:36:57-05:00 INFO (6): http://www.laits.utexas.edu:80/dasedemo/api/v1/collection/art_history_collection/item/000386133
2007-06-21T19:36:58-05:00 INFO (6): http://www.laits.utexas.edu:80/dasedemo/api/v1/collection/art_history_collection/item/000386132
2007-06-21T19:36:58-05:00 INFO (6): http://www.laits.utexas.edu:80/dasedemo/api/v1/collection/art_history_collection/item/000386131
2007-06-21T19:36:59-05:00 INFO (6): http://www.laits.utexas.edu:80/dasedemo/api/v1/collection/art_history_collection/item/000386130
2007-06-21T19:36:59-05:00 INFO (6): http://www.laits.utexas.edu:80/dasedemo/api/v1/collection/art_history_collection/item/000386129
2007-06-21T19:36:59-05:00 INFO (6): http://www.laits.utexas.edu:80/dasedemo/api/v1/collection/art_history_collection/item/000386128
2007-06-21T19:37:00-05:00 INFO (6): http://www.laits.utexas.edu:80/dasedemo/api/v1/collection/art_history_collection/item/000386127
2007-06-21T19:37:00-05:00 INFO (6): http://www.laits.utexas.edu:80/dasedemo/api/v1/collection/art_history_collection/item/000386126
2007-06-21T19:37:01-05:00 INFO (6): http://www.laits.utexas.edu:80/dasedemo/api/v1/collection/art_history_collection/item/000386125
2007-06-21T19:37:01-05:00 INFO (6): http://www.laits.utexas.edu:80/dasedemo/api/v1/collection/art_history_collection/item/000386124
2007-06-21T19:37:01-05:00 INFO (6): http://www.laits.utexas.edu:80/dasedemo/api/v1/collection/art_history_collection/item/000386123
2007-06-21T19:37:02-05:00 INFO (6): http://www.laits.utexas.edu:80/dasedemo/api/v1/collection/art_history_collection/item/000386122
2007-06-21T19:37:02-05:00 INFO (6): http://www.laits.utexas.edu:80/dasedemo/api/v1/collection/art_history_collection/item/000386121
2007-06-21T19:37:03-05:00 INFO (6): http://www.laits.utexas.edu:80/dasedemo/api/v1/collection/art_history_collection/item/000386120
2007-06-21T19:37:03-05:00 INFO (6): http://www.laits.utexas.edu:80/dasedemo/api/v1/collection/art_history_collection/item/000385927
2007-06-21T19:37:04-05:00 INFO (6): http://www.laits.utexas.edu:80/dasedemo/api/v1/collection/art_history_collection/item/000385926
2007-06-21T19:37:04-05:00 INFO (6): http://www.laits.utexas.edu:80/dasedemo/api/v1/collection/art_history_collection/item/000385925
2007-06-21T19:37:04-05:00 INFO (6): http://www.laits.utexas.edu:80/dasedemo/api/v1/collection/art_history_collection/item/000385924
2007-06-21T19:37:05-05:00 INFO (6): http://www.laits.utexas.edu:80/dasedemo/api/v1/collection/art_history_collection/item/000385923
2007-06-21T19:37:05-05:00 INFO (6): http://www.laits.utexas.edu:80/dasedemo/api/v1/collection/art_history_collection/item/000385922
2007-06-21T19:37:06-05:00 INFO (6): http://www.laits.utexas.edu:80/dasedemo/api/v1/collection/art_history_collection/item/000385921
2007-06-21T19:37:06-05:00 INFO (6): http://www.laits.utexas.edu:80/dasedemo/api/v1/collection/art_history_collection/item/000385920
2007-06-21T19:37:06-05:00 INFO (6): http://www.laits.utexas.edu:80/dasedemo/api/v1/collection/art_history_collection/item/000385919
2007-06-21T19:37:07-05:00 INFO (6): http://www.laits.utexas.edu:80/dasedemo/api/v1/collection/art_history_collection/item/000385918
2007-06-21T19:37:07-05:00 INFO (6): http://www.laits.utexas.edu:80/dasedemo/api/v1/collection/art_history_collection/item/000385917
2007-06-21T19:37:07-05:00 INFO (6): http://www.laits.utexas.edu:80/dasedemo/api/v1/collection/art_history_collection/item/000385916
2007-06-21T19:37:08-05:00 INFO (6): http://www.laits.utexas.edu:80/dasedemo/api/v1/collection/art_history_collection/item/000385915
2007-06-21T19:37:08-05:00 INFO (6): http://www.laits.utexas.edu:80/dasedemo/api/v1/collection/art_history_collection/item/000385914
2007-06-21T19:37:09-05:00 INFO (6): http://www.laits.utexas.edu:80/dasedemo/api/v1/collection/art_history_collection/item/000385913
2007-06-21T19:37:09-05:00 INFO (6): http://www.laits.utexas.edu:80/dasedemo/api/v1/collection/art_history_collection/item/000385912
2007-06-21T19:37:09-05:00 INFO (6): http://www.laits.utexas.edu:80/dasedemo/api/v1/collection/art_history_collection/item/000385911
2007-06-21T19:37:10-05:00 INFO (6): http://www.laits.utexas.edu:80/dasedemo/api/v1/collection/art_history_collection/item/000385910
2007-06-21T19:37:10-05:00 INFO (6): http://www.laits.utexas.edu:80/dasedemo/api/v1/collection/art_history_collection/item/000385909
2007-06-21T19:37:11-05:00 INFO (6): http://www.laits.utexas.edu:80/dasedemo/api/v1/collection/art_history_collection/item/000385908
2007-06-21T19:37:11-05:00 INFO (6): http://www.laits.utexas.edu:80/dasedemo/api/v1/collection/art_history_collection/item/000385907
2007-06-21T19:37:11-05:00 INFO (6): http://www.laits.utexas.edu:80/dasedemo/api/v1/collection/art_history_collection/item/000385906
2007-06-21T19:37:12-05:00 INFO (6): http://www.laits.utexas.edu:80/dasedemo/api/v1/collection/art_history_collection/item/000385905
2007-06-21T19:37:12-05:00 INFO (6): http://www.laits.utexas.edu:80/dasedemo/api/v1/collection/art_history_collection/item/000385904
2007-06-21T19:37:13-05:00 INFO (6): http://www.laits.utexas.edu:80/dasedemo/api/v1/collection/art_history_collection/item/000385903
2007-06-21T19:37:13-05:00 INFO (6): http://www.laits.utexas.edu:80/dasedemo/api/v1/collection/art_history_collection/item/000385902
2007-06-21T19:37:13-05:00 INFO (6): http://www.laits.utexas.edu:80/dasedemo/api/v1/collection/art_history_collection/item/000385901
2007-06-21T19:37:14-05:00 INFO (6): http://www.laits.utexas.edu:80/dasedemo/api/v1/collection/art_history_collection/item/000385900
2007-06-21T19:37:14-05:00 INFO (6): http://www.laits.utexas.edu:80/dasedemo/api/v1/collection/art_history_collection/item/000385899
2007-06-21T19:37:14-05:00 INFO (6): http://www.laits.utexas.edu:80/dasedemo/api/v1/collection/art_history_collection/item/000385898
2007-06-21T19:37:15-05:00 INFO (6): http://www.laits.utexas.edu:80/dasedemo/api/v1/collection/art_history_collection/item/000385897
2007-06-21T19:37:15-05:00 INFO (6): http://www.laits.utexas.edu:80/dasedemo/api/v1/collection/art_history_collection/item/000385896
2007-06-21T19:37:16-05:00 INFO (6): http://www.laits.utexas.edu:80/dasedemo/api/v1/collection/art_history_collection/item/000385895
2007-06-21T19:37:16-05:00 INFO (6): http://www.laits.utexas.edu:80/dasedemo/api/v1/collection/art_history_collection/item/000385894
2007-06-21T19:37:16-05:00 INFO (6): http://www.laits.utexas.edu:80/dasedemo/api/v1/collection/art_history_collection/item/000385893
2007-06-21T19:37:17-05:00 INFO (6): http://www.laits.utexas.edu:80/dasedemo/api/v1/collection/art_history_collection/item/000385892
2007-06-21T19:37:17-05:00 INFO (6): http://www.laits.utexas.edu:80/dasedemo/api/v1/collection/art_history_collection/item/000385891
2007-06-21T19:37:18-05:00 INFO (6): http://www.laits.utexas.edu:80/dasedemo/api/v1/collection/art_history_collection/item/000385890
2007-06-21T19:37:18-05:00 INFO (6): http://www.laits.utexas.edu:80/dasedemo/api/v1/collection/art_history_collection/item/000385889
2007-06-21T19:37:18-05:00 INFO (6): http://www.laits.utexas.edu:80/dasedemo/api/v1/collection/art_history_collection/item/000385888
2007-06-21T19:37:19-05:00 INFO (6): http://www.laits.utexas.edu:80/dasedemo/api/v1/collection/art_history_collection/item/000385887
2007-06-21T19:37:19-05:00 INFO (6): http://www.laits.utexas.edu:80/dasedemo/api/v1/collection/art_history_collection/item/000385886
2007-06-21T19:37:19-05:00 INFO (6): http://www.laits.utexas.edu:80/dasedemo/api/v1/collection/art_history_collection/item/000385885
2007-06-21T19:37:20-05:00 INFO (6): http://www.laits.utexas.edu:80/dasedemo/api/v1/collection/art_history_collection/item/000385884
2007-06-21T19:37:20-05:00 INFO (6): http://www.laits.utexas.edu:80/dasedemo/api/v1/collection/art_history_collection/item/000385883
2007-06-21T19:37:21-05:00 INFO (6): http://www.laits.utexas.edu:80/dasedemo/api/v1/collection/art_history_collection/item/000385882
2007-06-21T19:37:21-05:00 INFO (6): http://www.laits.utexas.edu:80/dasedemo/api/v1/collection/art_history_collection/item/000385881
2007-06-21T19:37:22-05:00 INFO (6): http://www.laits.utexas.edu:80/dasedemo/api/v1/collection/art_history_collection/item/000385880
2007-06-21T19:37:22-05:00 INFO (6): http://www.laits.utexas.edu:80/dasedemo/api/v1/collection/art_history_collection/item/000385879
2007-06-21T19:37:22-05:00 INFO (6): http://www.laits.utexas.edu:80/dasedemo/api/v1/collection/art_history_collection/item/000385878
2007-06-21T19:37:23-05:00 INFO (6): http://www.laits.utexas.edu:80/dasedemo/api/v1/collection/art_history_collection/item/000385877
2007-06-21T19:37:23-05:00 INFO (6): http://www.laits.utexas.edu:80/dasedemo/api/v1/collection/art_history_collection/item/000385876
2007-06-21T19:37:24-05:00 INFO (6): http://www.laits.utexas.edu:80/dasedemo/api/v1/collection/art_history_collection/item/000385875
2007-06-21T19:37:24-05:00 INFO (6): http://www.laits.utexas.edu:80/dasedemo/api/v1/collection/art_history_collection/item/000385874
2007-06-21T19:37:25-05:00 INFO (6): http://www.laits.utexas.edu:80/dasedemo/api/v1/collection/art_history_collection/item/000385873
2007-06-21T19:37:25-05:00 INFO (6): http://www.laits.utexas.edu:80/dasedemo/api/v1/collection/art_history_collection/item/000385872
2007-06-21T19:37:25-05:00 INFO (6): http://www.laits.utexas.edu:80/dasedemo/api/v1/collection/art_history_collection/item/000385871
2007-06-21T19:37:26-05:00 INFO (6): http://www.laits.utexas.edu:80/dasedemo/api/v1/collection/art_history_collection/item/000385870
2007-06-21T19:37:26-05:00 INFO (6): http://www.laits.utexas.edu:80/dasedemo/api/v1/collection/art_history_collection/item/000385869
2007-06-21T19:37:27-05:00 INFO (6): http://www.laits.utexas.edu:80/dasedemo/api/v1/collection/art_history_collection/item/000385868
2007-06-21T19:37:27-05:00 INFO (6): http://www.laits.utexas.edu:80/dasedemo/api/v1/collection/art_history_collection/item/000385867
2007-06-21T19:37:27-05:00 INFO (6): http://www.laits.utexas.edu:80/dasedemo/api/v1/collection/art_history_collection/item/000385866
2007-06-21T19:37:28-05:00 INFO (6): http://www.laits.utexas.edu:80/dasedemo/api/v1/collection/art_history_collection/item/000385865
2007-06-21T19:37:28-05:00 INFO (6): http://www.laits.utexas.edu:80/dasedemo/api/v1/collection/art_history_collection/item/000385864
2007-06-21T19:37:28-05:00 INFO (6): http://www.laits.utexas.edu:80/dasedemo/api/v1/collection/art_history_collection/item/000385863
2007-06-21T19:37:29-05:00 INFO (6): http://www.laits.utexas.edu:80/dasedemo/api/v1/collection/art_history_collection/item/000385862
2007-06-21T19:37:29-05:00 INFO (6): http://www.laits.utexas.edu:80/dasedemo/api/v1/collection/art_history_collection/item/000385861
2007-06-21T19:37:30-05:00 INFO (6): http://www.laits.utexas.edu:80/dasedemo/api/v1/collection/art_history_collection/item/000385860
2007-06-21T19:37:30-05:00 INFO (6): http://www.laits.utexas.edu:80/dasedemo/api/v1/collection/art_history_collection/item/000385859
2007-06-21T19:37:30-05:00 INFO (6): http://www.laits.utexas.edu:80/dasedemo/api/v1/collection/art_history_collection/item/000385858
2007-06-21T19:37:31-05:00 INFO (6): http://www.laits.utexas.edu:80/dasedemo/api/v1/collection/art_history_collection/item/000385857
2007-06-21T19:37:31-05:00 INFO (6): http://www.laits.utexas.edu:80/dasedemo/api/v1/collection/art_history_collection/item/000385856
2007-06-21T19:37:32-05:00 INFO (6): http://www.laits.utexas.edu:80/dasedemo/api/v1/collection/art_history_collection/item/000385855
2007-06-21T19:37:32-05:00 INFO (6): http://www.laits.utexas.edu:80/dasedemo/api/v1/collection/art_history_collection/item/000385854
2007-06-21T19:37:32-05:00 INFO (6): http://www.laits.utexas.edu:80/dasedemo/api/v1/collection/art_history_collection/item/000385853
2007-06-21T19:37:33-05:00 INFO (6): http://www.laits.utexas.edu:80/dasedemo/api/v1/collection/art_history_collection/item/000385852
2007-06-21T19:37:33-05:00 INFO (6): http://www.laits.utexas.edu:80/dasedemo/api/v1/collection/art_history_collection/item/000385851
2007-06-21T19:37:34-05:00 INFO (6): http://www.laits.utexas.edu:80/dasedemo/api/v1/collection/art_history_collection/item/000385850
2007-06-21T19:37:34-05:00 INFO (6): http://www.laits.utexas.edu:80/dasedemo/api/v1/collection/art_history_collection/item/000385849
2007-06-21T19:37:34-05:00 INFO (6): http://www.laits.utexas.edu:80/dasedemo/api/v1/collection/art_history_collection/item/000385848
2007-06-21T19:37:35-05:00 INFO (6): http://www.laits.utexas.edu:80/dasedemo/api/v1/collection/art_history_collection/item/000385847
2007-06-21T19:37:35-05:00 INFO (6): http://www.laits.utexas.edu:80/dasedemo/api/v1/collection/art_history_collection/item/000385846
2007-06-21T19:37:36-05:00 INFO (6): http://www.laits.utexas.edu:80/dasedemo/api/v1/collection/art_history_collection/item/000385845
2007-06-21T19:37:36-05:00 INFO (6): http://www.laits.utexas.edu:80/dasedemo/api/v1/collection/art_history_collection/item/000385844
2007-06-21T19:37:36-05:00 INFO (6): http://www.laits.utexas.edu:80/dasedemo/api/v1/collection/art_history_collection/item/000385843
2007-06-21T19:37:37-05:00 INFO (6): http://www.laits.utexas.edu:80/dasedemo/api/v1/collection/art_history_collection/item/000385842
2007-06-21T19:37:37-05:00 INFO (6): http://www.laits.utexas.edu:80/dasedemo/api/v1/collection/art_history_collection/item/000385841
2007-06-21T19:37:38-05:00 INFO (6): http://www.laits.utexas.edu:80/dasedemo/api/v1/collection/art_history_collection/item/000385840
2007-06-21T19:37:38-05:00 INFO (6): http://www.laits.utexas.edu:80/dasedemo/api/v1/collection/art_history_collection/item/000385839
2007-06-21T19:37:38-05:00 INFO (6): http://www.laits.utexas.edu:80/dasedemo/api/v1/collection/art_history_collection/item/000385838
2007-06-21T19:37:39-05:00 INFO (6): http://www.laits.utexas.edu:80/dasedemo/api/v1/collection/art_history_collection/item/000385837
2007-06-21T19:37:39-05:00 INFO (6): http://www.laits.utexas.edu:80/dasedemo/api/v1/collection/art_history_collection/item/000385836
2007-06-21T19:37:40-05:00 INFO (6): http://www.laits.utexas.edu:80/dasedemo/api/v1/collection/art_history_collection/item/000385835
2007-06-21T19:37:40-05:00 INFO (6): http://www.laits.utexas.edu:80/dasedemo/api/v1/collection/art_history_collection/item/000385834
2007-06-21T19:37:40-05:00 INFO (6): http://www.laits.utexas.edu:80/dasedemo/api/v1/collection/art_history_collection/item/000385833
2007-06-21T19:37:41-05:00 INFO (6): http://www.laits.utexas.edu:80/dasedemo/api/v1/collection/art_history_collection/item/000385832
2007-06-21T19:37:41-05:00 INFO (6): http://www.laits.utexas.edu:80/dasedemo/api/v1/collection/art_history_collection/item/000385831
2007-06-21T19:37:41-05:00 INFO (6): http://www.laits.utexas.edu:80/dasedemo/api/v1/collection/art_history_collection/item/000385830
2007-06-21T19:37:42-05:00 INFO (6): http://www.laits.utexas.edu:80/dasedemo/api/v1/collection/art_history_collection/item/000385829
2007-06-21T19:37:42-05:00 INFO (6): http://www.laits.utexas.edu:80/dasedemo/api/v1/collection/art_history_collection/item/000385828
2007-06-21T19:37:43-05:00 INFO (6): http://www.laits.utexas.edu:80/dasedemo/api/v1/collection/art_history_collection/item/000385827
2007-06-21T19:37:43-05:00 INFO (6): http://www.laits.utexas.edu:80/dasedemo/api/v1/collection/art_history_collection/item/000385826
2007-06-21T19:37:43-05:00 INFO (6): http://www.laits.utexas.edu:80/dasedemo/api/v1/collection/art_history_collection/item/000385825
2007-06-21T19:37:44-05:00 INFO (6): http://www.laits.utexas.edu:80/dasedemo/api/v1/collection/art_history_collection/item/000385824
2007-06-21T19:37:44-05:00 INFO (6): http://www.laits.utexas.edu:80/dasedemo/api/v1/collection/art_history_collection/item/000385823
2007-06-21T19:37:45-05:00 INFO (6): http://www.laits.utexas.edu:80/dasedemo/api/v1/collection/art_history_collection/item/000385822
2007-06-21T19:37:45-05:00 INFO (6): http://www.laits.utexas.edu:80/dasedemo/api/v1/collection/art_history_collection/item/000385821
2007-06-21T19:37:45-05:00 INFO (6): http://www.laits.utexas.edu:80/dasedemo/api/v1/collection/art_history_collection/item/000385820
2007-06-21T19:37:46-05:00 INFO (6): http://www.laits.utexas.edu:80/dasedemo/api/v1/collection/art_history_collection/item/000385819
2007-06-21T19:37:46-05:00 INFO (6): http://www.laits.utexas.edu:80/dasedemo/api/v1/collection/art_history_collection/item/000385818
2007-06-21T19:37:46-05:00 INFO (6): http://www.laits.utexas.edu:80/dasedemo/api/v1/collection/art_history_collection/item/000385817
2007-06-21T19:37:47-05:00 INFO (6): http://www.laits.utexas.edu:80/dasedemo/api/v1/collection/art_history_collection/item/000385816
2007-06-21T19:37:47-05:00 INFO (6): http://www.laits.utexas.edu:80/dasedemo/api/v1/collection/art_history_collection/item/000385815
2007-06-21T19:37:48-05:00 INFO (6): http://www.laits.utexas.edu:80/dasedemo/api/v1/collection/art_history_collection/item/000385814
2007-06-21T19:37:48-05:00 INFO (6): http://www.laits.utexas.edu:80/dasedemo/api/v1/collection/art_history_collection/item/000385813
2007-06-21T19:37:48-05:00 INFO (6): http://www.laits.utexas.edu:80/dasedemo/api/v1/collection/art_history_collection/item/000385812
2007-06-21T19:37:49-05:00 INFO (6): http://www.laits.utexas.edu:80/dasedemo/api/v1/collection/art_history_collection/item/000385811
2007-06-21T19:37:49-05:00 INFO (6): http://www.laits.utexas.edu:80/dasedemo/api/v1/collection/art_history_collection/item/000385810
2007-06-21T19:37:49-05:00 INFO (6): http://www.laits.utexas.edu:80/dasedemo/api/v1/collection/art_history_collection/item/000385809
2007-06-21T19:37:50-05:00 INFO (6): http://www.laits.utexas.edu:80/dasedemo/api/v1/collection/art_history_collection/item/000385808
2007-06-21T19:37:50-05:00 INFO (6): http://www.laits.utexas.edu:80/dasedemo/api/v1/collection/art_history_collection/item/000385807
2007-06-21T19:37:51-05:00 INFO (6): http://www.laits.utexas.edu:80/dasedemo/api/v1/collection/art_history_collection/item/000385806
2007-06-21T19:37:51-05:00 INFO (6): http://www.laits.utexas.edu:80/dasedemo/api/v1/collection/art_history_collection/item/000385805
2007-06-21T19:37:51-05:00 INFO (6): http://www.laits.utexas.edu:80/dasedemo/api/v1/collection/art_history_collection/item/000385804
2007-06-21T19:37:52-05:00 INFO (6): http://www.laits.utexas.edu:80/dasedemo/api/v1/collection/art_history_collection/item/000385803
2007-06-21T19:37:52-05:00 INFO (6): http://www.laits.utexas.edu:80/dasedemo/api/v1/collection/art_history_collection/item/000385802
2007-06-21T19:37:53-05:00 INFO (6): http://www.laits.utexas.edu:80/dasedemo/api/v1/collection/art_history_collection/item/000385801
2007-06-21T19:37:53-05:00 INFO (6): http://www.laits.utexas.edu:80/dasedemo/api/v1/collection/art_history_collection/item/000385800
2007-06-21T19:37:53-05:00 INFO (6): http://www.laits.utexas.edu:80/dasedemo/api/v1/collection/art_history_collection/item/000385799
2007-06-21T19:37:54-05:00 INFO (6): http://www.laits.utexas.edu:80/dasedemo/api/v1/collection/art_history_collection/item/000385798
2007-06-21T19:37:54-05:00 INFO (6): http://www.laits.utexas.edu:80/dasedemo/api/v1/collection/art_history_collection/item/000385797
2007-06-21T19:37:54-05:00 INFO (6): http://www.laits.utexas.edu:80/dasedemo/api/v1/collection/art_history_collection/item/000385796
2007-06-21T19:37:55-05:00 INFO (6): http://www.laits.utexas.edu:80/dasedemo/api/v1/collection/art_history_collection/item/000385795
2007-06-21T19:37:55-05:00 INFO (6): http://www.laits.utexas.edu:80/dasedemo/api/v1/collection/art_history_collection/item/000385794
2007-06-21T19:37:56-05:00 INFO (6): http://www.laits.utexas.edu:80/dasedemo/api/v1/collection/art_history_collection/item/000385793
2007-06-21T19:37:56-05:00 INFO (6): http://www.laits.utexas.edu:80/dasedemo/api/v1/collection/art_history_collection/item/000385647
2007-06-21T19:37:56-05:00 INFO (6): http://www.laits.utexas.edu:80/dasedemo/api/v1/collection/art_history_collection/item/000385646
2007-06-21T19:37:57-05:00 INFO (6): http://www.laits.utexas.edu:80/dasedemo/api/v1/collection/art_history_collection/item/000385645
2007-06-21T19:37:57-05:00 INFO (6): http://www.laits.utexas.edu:80/dasedemo/api/v1/collection/art_history_collection/item/000385644
2007-06-21T19:37:58-05:00 INFO (6): http://www.laits.utexas.edu:80/dasedemo/api/v1/collection/art_history_collection/item/000385643
2007-06-21T19:37:58-05:00 INFO (6): http://www.laits.utexas.edu:80/dasedemo/api/v1/collection/art_history_collection/item/000385642
2007-06-21T19:37:58-05:00 INFO (6): http://www.laits.utexas.edu:80/dasedemo/api/v1/collection/art_history_collection/item/000385641
2007-06-21T19:37:59-05:00 INFO (6): http://www.laits.utexas.edu:80/dasedemo/api/v1/collection/art_history_collection/item/000385640
2007-06-21T19:37:59-05:00 INFO (6): http://www.laits.utexas.edu:80/dasedemo/api/v1/collection/art_history_collection/item/000385639
2007-06-21T19:38:00-05:00 INFO (6): http://www.laits.utexas.edu:80/dasedemo/api/v1/collection/art_history_collection/item/000385638
2007-06-21T19:38:00-05:00 INFO (6): http://www.laits.utexas.edu:80/dasedemo/api/v1/collection/art_history_collection/item/000385637
2007-06-21T19:38:00-05:00 INFO (6): http://www.laits.utexas.edu:80/dasedemo/api/v1/collection/art_history_collection/item/000385636
2007-06-21T19:38:01-05:00 INFO (6): http://www.laits.utexas.edu:80/dasedemo/api/v1/collection/art_history_collection/item/000385635
2007-06-21T19:38:01-05:00 INFO (6): http://www.laits.utexas.edu:80/dasedemo/api/v1/collection/art_history_collection/item/000385634
2007-06-21T19:38:01-05:00 INFO (6): http://www.laits.utexas.edu:80/dasedemo/api/v1/collection/art_history_collection/item/000385633
2007-06-21T19:38:02-05:00 INFO (6): http://www.laits.utexas.edu:80/dasedemo/api/v1/collection/art_history_collection/item/000385632
2007-06-21T19:38:02-05:00 INFO (6): http://www.laits.utexas.edu:80/dasedemo/api/v1/collection/art_history_collection/item/000385631
2007-06-21T19:38:03-05:00 INFO (6): http://www.laits.utexas.edu:80/dasedemo/api/v1/collection/art_history_collection/item/000385630
2007-06-21T19:38:03-05:00 INFO (6): http://www.laits.utexas.edu:80/dasedemo/api/v1/collection/art_history_collection/item/000385629
2007-06-21T19:38:03-05:00 INFO (6): http://www.laits.utexas.edu:80/dasedemo/api/v1/collection/art_history_collection/item/000385628
2007-06-21T19:38:04-05:00 INFO (6): http://www.laits.utexas.edu:80/dasedemo/api/v1/collection/art_history_collection/item/000385627
2007-06-21T19:38:04-05:00 INFO (6): http://www.laits.utexas.edu:80/dasedemo/api/v1/collection/art_history_collection/item/000385626
2007-06-21T19:38:05-05:00 INFO (6): http://www.laits.utexas.edu:80/dasedemo/api/v1/collection/art_history_collection/item/000385625
2007-06-21T19:38:05-05:00 INFO (6): http://www.laits.utexas.edu:80/dasedemo/api/v1/collection/art_history_collection/item/000385624
2007-06-21T19:38:05-05:00 INFO (6): http://www.laits.utexas.edu:80/dasedemo/api/v1/collection/art_history_collection/item/000385623
2007-06-21T19:38:06-05:00 INFO (6): http://www.laits.utexas.edu:80/dasedemo/api/v1/collection/art_history_collection/item/000385622
2007-06-21T19:38:06-05:00 INFO (6): http://www.laits.utexas.edu:80/dasedemo/api/v1/collection/art_history_collection/item/000385621
2007-06-21T19:38:07-05:00 INFO (6): http://www.laits.utexas.edu:80/dasedemo/api/v1/collection/art_history_collection/item/000385620
2007-06-21T19:38:07-05:00 INFO (6): http://www.laits.utexas.edu:80/dasedemo/api/v1/collection/art_history_collection/item/000385619
2007-06-21T19:38:07-05:00 INFO (6): http://www.laits.utexas.edu:80/dasedemo/api/v1/collection/art_history_collection/item/000385618
2007-06-21T19:38:08-05:00 INFO (6): http://www.laits.utexas.edu:80/dasedemo/api/v1/collection/art_history_collection/item/000385617
2007-06-21T19:38:08-05:00 INFO (6): http://www.laits.utexas.edu:80/dasedemo/api/v1/collection/art_history_collection/item/000385616
2007-06-21T19:38:09-05:00 INFO (6): http://www.laits.utexas.edu:80/dasedemo/api/v1/collection/art_history_collection/item/000385615
2007-06-21T19:38:09-05:00 INFO (6): http://www.laits.utexas.edu:80/dasedemo/api/v1/collection/art_history_collection/item/000385614
2007-06-21T19:38:09-05:00 INFO (6): http://www.laits.utexas.edu:80/dasedemo/api/v1/collection/art_history_collection/item/000385613
2007-06-21T19:38:10-05:00 INFO (6): http://www.laits.utexas.edu:80/dasedemo/api/v1/collection/art_history_collection/item/000385612
2007-06-21T19:38:10-05:00 INFO (6): http://www.laits.utexas.edu:80/dasedemo/api/v1/collection/art_history_collection/item/000385611
2007-06-21T19:38:11-05:00 INFO (6): http://www.laits.utexas.edu:80/dasedemo/api/v1/collection/art_history_collection/item/000385610
2007-06-21T19:38:11-05:00 INFO (6): http://www.laits.utexas.edu:80/dasedemo/api/v1/collection/art_history_collection/item/000385609
2007-06-21T19:38:11-05:00 INFO (6): http://www.laits.utexas.edu:80/dasedemo/api/v1/collection/art_history_collection/item/000385608
2007-06-21T19:38:12-05:00 INFO (6): http://www.laits.utexas.edu:80/dasedemo/api/v1/collection/art_history_collection/item/000385607
2007-06-21T19:38:12-05:00 INFO (6): http://www.laits.utexas.edu:80/dasedemo/api/v1/collection/art_history_collection/item/000385606
2007-06-21T19:38:13-05:00 INFO (6): http://www.laits.utexas.edu:80/dasedemo/api/v1/collection/art_history_collection/item/000385605
2007-06-21T19:38:13-05:00 INFO (6): http://www.laits.utexas.edu:80/dasedemo/api/v1/collection/art_history_collection/item/000385604
2007-06-21T19:38:13-05:00 INFO (6): http://www.laits.utexas.edu:80/dasedemo/api/v1/collection/art_history_collection/item/000385603
2007-06-21T19:38:14-05:00 INFO (6): http://www.laits.utexas.edu:80/dasedemo/api/v1/collection/art_history_collection/item/000385602
2007-06-21T19:38:14-05:00 INFO (6): http://www.laits.utexas.edu:80/dasedemo/api/v1/collection/art_history_collection/item/000385601
2007-06-21T19:38:15-05:00 INFO (6): http://www.laits.utexas.edu:80/dasedemo/api/v1/collection/art_history_collection/item/000385600
2007-06-21T19:38:15-05:00 INFO (6): http://www.laits.utexas.edu:80/dasedemo/api/v1/collection/art_history_collection/item/000385599
2007-06-21T19:38:15-05:00 INFO (6): http://www.laits.utexas.edu:80/dasedemo/api/v1/collection/art_history_collection/item/000385598
2007-06-21T19:38:16-05:00 INFO (6): http://www.laits.utexas.edu:80/dasedemo/api/v1/collection/art_history_collection/item/000385597
2007-06-21T19:38:16-05:00 INFO (6): http://www.laits.utexas.edu:80/dasedemo/api/v1/collection/art_history_collection/item/000385596
2007-06-21T19:38:17-05:00 INFO (6): http://www.laits.utexas.edu:80/dasedemo/api/v1/collection/art_history_collection/item/000385595
2007-06-21T19:38:17-05:00 INFO (6): http://www.laits.utexas.edu:80/dasedemo/api/v1/collection/art_history_collection/item/000385594
2007-06-21T19:38:18-05:00 INFO (6): http://www.laits.utexas.edu:80/dasedemo/api/v1/collection/art_history_collection/item/000385593
2007-06-21T19:38:18-05:00 INFO (6): http://www.laits.utexas.edu:80/dasedemo/api/v1/collection/art_history_collection/item/000385592
2007-06-21T19:38:18-05:00 INFO (6): http://www.laits.utexas.edu:80/dasedemo/api/v1/collection/art_history_collection/item/000385591
2007-06-21T19:38:19-05:00 INFO (6): http://www.laits.utexas.edu:80/dasedemo/api/v1/collection/art_history_collection/item/000385590
2007-06-21T19:38:19-05:00 INFO (6): http://www.laits.utexas.edu:80/dasedemo/api/v1/collection/art_history_collection/item/000385589
2007-06-21T19:38:19-05:00 INFO (6): http://www.laits.utexas.edu:80/dasedemo/api/v1/collection/art_history_collection/item/000385588
2007-06-21T19:38:20-05:00 INFO (6): http://www.laits.utexas.edu:80/dasedemo/api/v1/collection/art_history_collection/item/000385587
2007-06-21T19:38:20-05:00 INFO (6): http://www.laits.utexas.edu:80/dasedemo/api/v1/collection/art_history_collection/item/000385586
2007-06-21T19:38:21-05:00 INFO (6): http://www.laits.utexas.edu:80/dasedemo/api/v1/collection/art_history_collection/item/000385585
2007-06-21T19:38:21-05:00 INFO (6): http://www.laits.utexas.edu:80/dasedemo/api/v1/collection/art_history_collection/item/000385584
2007-06-21T19:38:21-05:00 INFO (6): http://www.laits.utexas.edu:80/dasedemo/api/v1/collection/art_history_collection/item/000385583
2007-06-21T19:38:22-05:00 INFO (6): http://www.laits.utexas.edu:80/dasedemo/api/v1/collection/art_history_collection/item/000385582
2007-06-21T19:38:22-05:00 INFO (6): http://www.laits.utexas.edu:80/dasedemo/api/v1/collection/art_history_collection/item/000385581
2007-06-21T19:38:23-05:00 INFO (6): http://www.laits.utexas.edu:80/dasedemo/api/v1/collection/art_history_collection/item/000385580
2007-06-21T19:38:23-05:00 INFO (6): http://www.laits.utexas.edu:80/dasedemo/api/v1/collection/art_history_collection/item/000385579
2007-06-21T19:38:24-05:00 INFO (6): http://www.laits.utexas.edu:80/dasedemo/api/v1/collection/art_history_collection/item/000385578
2007-06-21T19:38:24-05:00 INFO (6): http://www.laits.utexas.edu:80/dasedemo/api/v1/collection/art_history_collection/item/000385577
2007-06-21T19:38:24-05:00 INFO (6): http://www.laits.utexas.edu:80/dasedemo/api/v1/collection/art_history_collection/item/000385576
2007-06-21T19:38:25-05:00 INFO (6): http://www.laits.utexas.edu:80/dasedemo/api/v1/collection/art_history_collection/item/000385575
2007-06-21T19:38:25-05:00 INFO (6): http://www.laits.utexas.edu:80/dasedemo/api/v1/collection/art_history_collection/item/000385574
2007-06-21T19:38:26-05:00 INFO (6): http://www.laits.utexas.edu:80/dasedemo/api/v1/collection/art_history_collection/item/000385573
2007-06-21T19:38:26-05:00 INFO (6): http://www.laits.utexas.edu:80/dasedemo/api/v1/collection/art_history_collection/item/000385572
2007-06-21T19:38:26-05:00 INFO (6): http://www.laits.utexas.edu:80/dasedemo/api/v1/collection/art_history_collection/item/000385571
2007-06-21T19:38:27-05:00 INFO (6): http://www.laits.utexas.edu:80/dasedemo/api/v1/collection/art_history_collection/item/000385570
2007-06-21T19:38:27-05:00 INFO (6): http://www.laits.utexas.edu:80/dasedemo/api/v1/collection/art_history_collection/item/000385569
2007-06-21T19:38:28-05:00 INFO (6): http://www.laits.utexas.edu:80/dasedemo/api/v1/collection/art_history_collection/item/000385568
2007-06-21T19:38:28-05:00 INFO (6): http://www.laits.utexas.edu:80/dasedemo/api/v1/collection/art_history_collection/item/000385567
2007-06-21T19:38:29-05:00 INFO (6): http://www.laits.utexas.edu:80/dasedemo/api/v1/collection/art_history_collection/item/000385566
2007-06-21T19:38:29-05:00 INFO (6): http://www.laits.utexas.edu:80/dasedemo/api/v1/collection/art_history_collection/item/000385565
2007-06-21T19:38:30-05:00 INFO (6): http://www.laits.utexas.edu:80/dasedemo/api/v1/collection/art_history_collection/item/000385564
2007-06-21T19:38:30-05:00 INFO (6): http://www.laits.utexas.edu:80/dasedemo/api/v1/collection/art_history_collection/item/000385563
2007-06-21T19:38:30-05:00 INFO (6): http://www.laits.utexas.edu:80/dasedemo/api/v1/collection/art_history_collection/item/000385562
2007-06-21T19:38:31-05:00 INFO (6): http://www.laits.utexas.edu:80/dasedemo/api/v1/collection/art_history_collection/item/000385561
2007-06-21T19:38:31-05:00 INFO (6): http://www.laits.utexas.edu:80/dasedemo/api/v1/collection/art_history_collection/item/000385560
2007-06-21T19:38:31-05:00 INFO (6): http://www.laits.utexas.edu:80/dasedemo/api/v1/collection/art_history_collection/item/000385559
2007-06-21T19:38:32-05:00 INFO (6): http://www.laits.utexas.edu:80/dasedemo/api/v1/collection/art_history_collection/item/000385558
2007-06-21T19:38:32-05:00 INFO (6): http://www.laits.utexas.edu:80/dasedemo/api/v1/collection/art_history_collection/item/000385557
2007-06-21T19:38:33-05:00 INFO (6): http://www.laits.utexas.edu:80/dasedemo/api/v1/collection/art_history_collection/item/000385556
2007-06-21T19:38:33-05:00 INFO (6): http://www.laits.utexas.edu:80/dasedemo/api/v1/collection/art_history_collection/item/000385555
2007-06-21T19:38:33-05:00 INFO (6): http://www.laits.utexas.edu:80/dasedemo/api/v1/collection/art_history_collection/item/000385554
2007-06-21T19:38:34-05:00 INFO (6): http://www.laits.utexas.edu:80/dasedemo/api/v1/collection/art_history_collection/item/000385553
2007-06-21T19:38:34-05:00 INFO (6): http://www.laits.utexas.edu:80/dasedemo/api/v1/collection/art_history_collection/item/000385552
2007-06-21T19:38:34-05:00 INFO (6): http://www.laits.utexas.edu:80/dasedemo/api/v1/collection/art_history_collection/item/000385551
2007-06-21T19:38:35-05:00 INFO (6): http://www.laits.utexas.edu:80/dasedemo/api/v1/collection/art_history_collection/item/000385550
2007-06-21T19:38:35-05:00 INFO (6): http://www.laits.utexas.edu:80/dasedemo/api/v1/collection/art_history_collection/item/000385549
2007-06-21T19:38:36-05:00 INFO (6): http://www.laits.utexas.edu:80/dasedemo/api/v1/collection/art_history_collection/item/000385548
2007-06-21T19:38:36-05:00 INFO (6): http://www.laits.utexas.edu:80/dasedemo/api/v1/collection/art_history_collection/item/000385547
2007-06-21T19:38:36-05:00 INFO (6): http://www.laits.utexas.edu:80/dasedemo/api/v1/collection/art_history_collection/item/000385546
2007-06-21T19:38:37-05:00 INFO (6): http://www.laits.utexas.edu:80/dasedemo/api/v1/collection/art_history_collection/item/000385545
2007-06-21T19:38:37-05:00 INFO (6): http://www.laits.utexas.edu:80/dasedemo/api/v1/collection/art_history_collection/item/000385544
2007-06-21T19:38:37-05:00 INFO (6): http://www.laits.utexas.edu:80/dasedemo/api/v1/collection/art_history_collection/item/000385543
2007-06-21T19:38:38-05:00 INFO (6): http://www.laits.utexas.edu:80/dasedemo/api/v1/collection/art_history_collection/item/000385542
2007-06-21T19:38:38-05:00 INFO (6): http://www.laits.utexas.edu:80/dasedemo/api/v1/collection/art_history_collection/item/000385541
2007-06-21T19:38:39-05:00 INFO (6): http://www.laits.utexas.edu:80/dasedemo/api/v1/collection/art_history_collection/item/000385540
2007-06-21T19:38:39-05:00 INFO (6): http://www.laits.utexas.edu:80/dasedemo/api/v1/collection/art_history_collection/item/000385539
2007-06-21T19:38:39-05:00 INFO (6): http://www.laits.utexas.edu:80/dasedemo/api/v1/collection/art_history_collection/item/000385538
2007-06-21T19:38:40-05:00 INFO (6): http://www.laits.utexas.edu:80/dasedemo/api/v1/collection/art_history_collection/item/000385537
2007-06-21T19:38:40-05:00 INFO (6): http://www.laits.utexas.edu:80/dasedemo/api/v1/collection/art_history_collection/item/000386119
2007-06-21T19:38:41-05:00 INFO (6): http://www.laits.utexas.edu:80/dasedemo/api/v1/collection/art_history_collection/item/000386118
2007-06-21T19:38:41-05:00 INFO (6): http://www.laits.utexas.edu:80/dasedemo/api/v1/collection/art_history_collection/item/000386117
2007-06-21T19:38:41-05:00 INFO (6): http://www.laits.utexas.edu:80/dasedemo/api/v1/collection/art_history_collection/item/000386116
2007-06-21T19:38:42-05:00 INFO (6): http://www.laits.utexas.edu:80/dasedemo/api/v1/collection/art_history_collection/item/000386115
2007-06-21T19:38:42-05:00 INFO (6): http://www.laits.utexas.edu:80/dasedemo/api/v1/collection/art_history_collection/item/000386114
2007-06-21T19:38:43-05:00 INFO (6): http://www.laits.utexas.edu:80/dasedemo/api/v1/collection/art_history_collection/item/000386113
2007-06-21T19:38:43-05:00 INFO (6): http://www.laits.utexas.edu:80/dasedemo/api/v1/collection/art_history_collection/item/000386112
2007-06-21T19:38:43-05:00 INFO (6): http://www.laits.utexas.edu:80/dasedemo/api/v1/collection/art_history_collection/item/000386111
2007-06-21T19:38:44-05:00 INFO (6): http://www.laits.utexas.edu:80/dasedemo/api/v1/collection/art_history_collection/item/000386110
2007-06-21T19:38:44-05:00 INFO (6): http://www.laits.utexas.edu:80/dasedemo/api/v1/collection/art_history_collection/item/000386109
2007-06-21T19:38:45-05:00 INFO (6): http://www.laits.utexas.edu:80/dasedemo/api/v1/collection/art_history_collection/item/000386108
2007-06-21T19:38:45-05:00 INFO (6): http://www.laits.utexas.edu:80/dasedemo/api/v1/collection/art_history_collection/item/000386107
2007-06-21T19:38:45-05:00 INFO (6): http://www.laits.utexas.edu:80/dasedemo/api/v1/collection/art_history_collection/item/000386106
2007-06-21T19:38:46-05:00 INFO (6): http://www.laits.utexas.edu:80/dasedemo/api/v1/collection/art_history_collection/item/000386105
2007-06-21T19:38:47-05:00 INFO (6): http://www.laits.utexas.edu:80/dasedemo/api/v1/collection/art_history_collection/item/000386104
2007-06-21T19:38:47-05:00 INFO (6): http://www.laits.utexas.edu:80/dasedemo/api/v1/collection/art_history_collection/item/000386103
2007-06-21T19:38:47-05:00 INFO (6): http://www.laits.utexas.edu:80/dasedemo/api/v1/collection/art_history_collection/item/000386102
2007-06-21T19:38:48-05:00 INFO (6): http://www.laits.utexas.edu:80/dasedemo/api/v1/collection/art_history_collection/item/000386101
2007-06-21T19:38:48-05:00 INFO (6): http://www.laits.utexas.edu:80/dasedemo/api/v1/collection/art_history_collection/item/000386100
2007-06-21T19:38:48-05:00 INFO (6): http://www.laits.utexas.edu:80/dasedemo/api/v1/collection/art_history_collection/item/000386099
2007-06-21T19:38:49-05:00 INFO (6): http://www.laits.utexas.edu:80/dasedemo/api/v1/collection/art_history_collection/item/000386098
2007-06-21T19:38:49-05:00 INFO (6): http://www.laits.utexas.edu:80/dasedemo/api/v1/collection/art_history_collection/item/000386097
2007-06-21T19:38:50-05:00 INFO (6): http://www.laits.utexas.edu:80/dasedemo/api/v1/collection/art_history_collection/item/000386096
2007-06-21T19:38:50-05:00 INFO (6): http://www.laits.utexas.edu:80/dasedemo/api/v1/collection/art_history_collection/item/000386095
2007-06-21T19:38:50-05:00 INFO (6): http://www.laits.utexas.edu:80/dasedemo/api/v1/collection/art_history_collection/item/000386094
2007-06-21T19:38:51-05:00 INFO (6): http://www.laits.utexas.edu:80/dasedemo/api/v1/collection/art_history_collection/item/000386093
2007-06-21T19:38:51-05:00 INFO (6): http://www.laits.utexas.edu:80/dasedemo/api/v1/collection/art_history_collection/item/000386092
2007-06-21T19:38:52-05:00 INFO (6): http://www.laits.utexas.edu:80/dasedemo/api/v1/collection/art_history_collection/item/000386091
2007-06-21T19:38:52-05:00 INFO (6): http://www.laits.utexas.edu:80/dasedemo/api/v1/collection/art_history_collection/item/000386090
2007-06-21T19:38:52-05:00 INFO (6): http://www.laits.utexas.edu:80/dasedemo/api/v1/collection/art_history_collection/item/000386089
2007-06-21T19:38:53-05:00 INFO (6): http://www.laits.utexas.edu:80/dasedemo/api/v1/collection/art_history_collection/item/000386088
2007-06-21T19:38:53-05:00 INFO (6): http://www.laits.utexas.edu:80/dasedemo/api/v1/collection/art_history_collection/item/000386087
2007-06-21T19:38:54-05:00 INFO (6): http://www.laits.utexas.edu:80/dasedemo/api/v1/collection/art_history_collection/item/000386086
2007-06-21T19:38:54-05:00 INFO (6): http://www.laits.utexas.edu:80/dasedemo/api/v1/collection/art_history_collection/item/000386085
2007-06-21T19:38:54-05:00 INFO (6): http://www.laits.utexas.edu:80/dasedemo/api/v1/collection/art_history_collection/item/000386084
2007-06-21T19:38:55-05:00 INFO (6): http://www.laits.utexas.edu:80/dasedemo/api/v1/collection/art_history_collection/item/000386083
2007-06-21T19:38:55-05:00 INFO (6): http://www.laits.utexas.edu:80/dasedemo/api/v1/collection/art_history_collection/item/000386082
2007-06-21T19:38:55-05:00 INFO (6): http://www.laits.utexas.edu:80/dasedemo/api/v1/collection/art_history_collection/item/000386081
2007-06-21T19:38:56-05:00 INFO (6): http://www.laits.utexas.edu:80/dasedemo/api/v1/collection/art_history_collection/item/000386080
2007-06-21T19:38:56-05:00 INFO (6): http://www.laits.utexas.edu:80/dasedemo/api/v1/collection/art_history_collection/item/000386079
2007-06-21T19:38:57-05:00 INFO (6): http://www.laits.utexas.edu:80/dasedemo/api/v1/collection/art_history_collection/item/000386078
2007-06-21T19:38:57-05:00 INFO (6): http://www.laits.utexas.edu:80/dasedemo/api/v1/collection/art_history_collection/item/000386077
2007-06-21T19:38:57-05:00 INFO (6): http://www.laits.utexas.edu:80/dasedemo/api/v1/collection/art_history_collection/item/000386076
2007-06-21T19:38:58-05:00 INFO (6): http://www.laits.utexas.edu:80/dasedemo/api/v1/collection/art_history_collection/item/000386075
2007-06-21T19:38:58-05:00 INFO (6): http://www.laits.utexas.edu:80/dasedemo/api/v1/collection/art_history_collection/item/000386074
2007-06-21T19:38:59-05:00 INFO (6): http://www.laits.utexas.edu:80/dasedemo/api/v1/collection/art_history_collection/item/000386073
2007-06-21T19:38:59-05:00 INFO (6): http://www.laits.utexas.edu:80/dasedemo/api/v1/collection/art_history_collection/item/000386072
2007-06-21T19:38:59-05:00 INFO (6): http://www.laits.utexas.edu:80/dasedemo/api/v1/collection/art_history_collection/item/000386071
2007-06-21T19:39:00-05:00 INFO (6): http://www.laits.utexas.edu:80/dasedemo/api/v1/collection/art_history_collection/item/000386070
2007-06-21T19:39:00-05:00 INFO (6): http://www.laits.utexas.edu:80/dasedemo/api/v1/collection/art_history_collection/item/000386069
2007-06-21T19:39:00-05:00 INFO (6): http://www.laits.utexas.edu:80/dasedemo/api/v1/collection/art_history_collection/item/000386068
2007-06-21T19:39:01-05:00 INFO (6): http://www.laits.utexas.edu:80/dasedemo/api/v1/collection/art_history_collection/item/000386067
2007-06-21T19:39:01-05:00 INFO (6): http://www.laits.utexas.edu:80/dasedemo/api/v1/collection/art_history_collection/item/000386046
2007-06-21T19:39:02-05:00 INFO (6): http://www.laits.utexas.edu:80/dasedemo/api/v1/collection/art_history_collection/item/000386045
2007-06-21T19:39:02-05:00 INFO (6): http://www.laits.utexas.edu:80/dasedemo/api/v1/collection/art_history_collection/item/000386044
2007-06-21T19:39:02-05:00 INFO (6): http://www.laits.utexas.edu:80/dasedemo/api/v1/collection/art_history_collection/item/000386043
2007-06-21T19:39:03-05:00 INFO (6): http://www.laits.utexas.edu:80/dasedemo/api/v1/collection/art_history_collection/item/000386042
2007-06-21T19:39:03-05:00 INFO (6): http://www.laits.utexas.edu:80/dasedemo/api/v1/collection/art_history_collection/item/000386041
2007-06-21T19:39:04-05:00 INFO (6): http://www.laits.utexas.edu:80/dasedemo/api/v1/collection/art_history_collection/item/000386040
2007-06-21T19:39:04-05:00 INFO (6): http://www.laits.utexas.edu:80/dasedemo/api/v1/collection/art_history_collection/item/000386039
2007-06-21T19:39:04-05:00 INFO (6): http://www.laits.utexas.edu:80/dasedemo/api/v1/collection/art_history_collection/item/000386038
2007-06-21T19:39:05-05:00 INFO (6): http://www.laits.utexas.edu:80/dasedemo/api/v1/collection/art_history_collection/item/000386037
2007-06-21T19:39:05-05:00 INFO (6): http://www.laits.utexas.edu:80/dasedemo/api/v1/collection/art_history_collection/item/000386036
2007-06-21T19:39:05-05:00 INFO (6): http://www.laits.utexas.edu:80/dasedemo/api/v1/collection/art_history_collection/item/000386035
2007-06-21T19:39:06-05:00 INFO (6): http://www.laits.utexas.edu:80/dasedemo/api/v1/collection/art_history_collection/item/000386034
2007-06-21T19:39:06-05:00 INFO (6): http://www.laits.utexas.edu:80/dasedemo/api/v1/collection/art_history_collection/item/000386033
2007-06-21T19:39:06-05:00 INFO (6): http://www.laits.utexas.edu:80/dasedemo/api/v1/collection/art_history_collection/item/000386032
2007-06-21T19:39:07-05:00 INFO (6): http://www.laits.utexas.edu:80/dasedemo/api/v1/collection/art_history_collection/item/000386031
2007-06-21T19:39:07-05:00 INFO (6): http://www.laits.utexas.edu:80/dasedemo/api/v1/collection/art_history_collection/item/000386030
2007-06-21T19:39:08-05:00 INFO (6): http://www.laits.utexas.edu:80/dasedemo/api/v1/collection/art_history_collection/item/000386029
2007-06-21T19:39:08-05:00 INFO (6): http://www.laits.utexas.edu:80/dasedemo/api/v1/collection/art_history_collection/item/000386028
2007-06-21T19:39:08-05:00 INFO (6): http://www.laits.utexas.edu:80/dasedemo/api/v1/collection/art_history_collection/item/000386027
2007-06-21T19:39:09-05:00 INFO (6): http://www.laits.utexas.edu:80/dasedemo/api/v1/collection/art_history_collection/item/000386026
2007-06-21T19:39:09-05:00 INFO (6): http://www.laits.utexas.edu:80/dasedemo/api/v1/collection/art_history_collection/item/000386025
2007-06-21T19:39:09-05:00 INFO (6): http://www.laits.utexas.edu:80/dasedemo/api/v1/collection/art_history_collection/item/000386024
2007-06-21T19:39:10-05:00 INFO (6): http://www.laits.utexas.edu:80/dasedemo/api/v1/collection/art_history_collection/item/000386023
2007-06-21T19:39:10-05:00 INFO (6): http://www.laits.utexas.edu:80/dasedemo/api/v1/collection/art_history_collection/item/000386022
2007-06-21T19:39:10-05:00 INFO (6): http://www.laits.utexas.edu:80/dasedemo/api/v1/collection/art_history_collection/item/000386021
2007-06-21T19:39:11-05:00 INFO (6): http://www.laits.utexas.edu:80/dasedemo/api/v1/collection/art_history_collection/item/000386020
2007-06-21T19:39:11-05:00 INFO (6): http://www.laits.utexas.edu:80/dasedemo/api/v1/collection/art_history_collection/item/000386019
2007-06-21T19:39:11-05:00 INFO (6): http://www.laits.utexas.edu:80/dasedemo/api/v1/collection/art_history_collection/item/000386018
2007-06-21T19:39:12-05:00 INFO (6): http://www.laits.utexas.edu:80/dasedemo/api/v1/collection/art_history_collection/item/000386017
2007-06-21T19:39:12-05:00 INFO (6): http://www.laits.utexas.edu:80/dasedemo/api/v1/collection/art_history_collection/item/000386016
2007-06-21T19:39:13-05:00 INFO (6): http://www.laits.utexas.edu:80/dasedemo/api/v1/collection/art_history_collection/item/000386015
2007-06-21T19:39:13-05:00 INFO (6): http://www.laits.utexas.edu:80/dasedemo/api/v1/collection/art_history_collection/item/000386014
2007-06-21T19:39:13-05:00 INFO (6): http://www.laits.utexas.edu:80/dasedemo/api/v1/collection/art_history_collection/item/000386013
2007-06-21T19:39:14-05:00 INFO (6): http://www.laits.utexas.edu:80/dasedemo/api/v1/collection/art_history_collection/item/000386012
2007-06-21T19:39:14-05:00 INFO (6): http://www.laits.utexas.edu:80/dasedemo/api/v1/collection/art_history_collection/item/000386011
2007-06-21T19:39:15-05:00 INFO (6): http://www.laits.utexas.edu:80/dasedemo/api/v1/collection/art_history_collection/item/000386010
2007-06-21T19:39:15-05:00 INFO (6): http://www.laits.utexas.edu:80/dasedemo/api/v1/collection/art_history_collection/item/000386009
2007-06-21T19:39:15-05:00 INFO (6): http://www.laits.utexas.edu:80/dasedemo/api/v1/collection/art_history_collection/item/000386008
2007-06-21T19:39:16-05:00 INFO (6): http://www.laits.utexas.edu:80/dasedemo/api/v1/collection/art_history_collection/item/000386007
2007-06-21T19:39:16-05:00 INFO (6): http://www.laits.utexas.edu:80/dasedemo/api/v1/collection/art_history_collection/item/000386006
2007-06-21T19:39:16-05:00 INFO (6): http://www.laits.utexas.edu:80/dasedemo/api/v1/collection/art_history_collection/item/000386005
2007-06-21T19:39:17-05:00 INFO (6): http://www.laits.utexas.edu:80/dasedemo/api/v1/collection/art_history_collection/item/000386004
2007-06-21T19:39:17-05:00 INFO (6): http://www.laits.utexas.edu:80/dasedemo/api/v1/collection/art_history_collection/item/000386003
2007-06-21T19:39:18-05:00 INFO (6): http://www.laits.utexas.edu:80/dasedemo/api/v1/collection/art_history_collection/item/000386002
2007-06-21T19:39:18-05:00 INFO (6): http://www.laits.utexas.edu:80/dasedemo/api/v1/collection/art_history_collection/item/000386001
2007-06-21T19:39:18-05:00 INFO (6): http://www.laits.utexas.edu:80/dasedemo/api/v1/collection/art_history_collection/item/000386000
2007-06-21T19:39:19-05:00 INFO (6): http://www.laits.utexas.edu:80/dasedemo/api/v1/collection/art_history_collection/item/000385999
2007-06-21T19:39:19-05:00 INFO (6): http://www.laits.utexas.edu:80/dasedemo/api/v1/collection/art_history_collection/item/000385998
2007-06-21T19:39:20-05:00 INFO (6): http://www.laits.utexas.edu:80/dasedemo/api/v1/collection/art_history_collection/item/000385997
2007-06-21T19:39:20-05:00 INFO (6): http://www.laits.utexas.edu:80/dasedemo/api/v1/collection/art_history_collection/item/000385996
2007-06-21T19:39:20-05:00 INFO (6): http://www.laits.utexas.edu:80/dasedemo/api/v1/collection/art_history_collection/item/000385995
2007-06-21T19:39:21-05:00 INFO (6): http://www.laits.utexas.edu:80/dasedemo/api/v1/collection/art_history_collection/item/000385994
2007-06-21T19:39:21-05:00 INFO (6): http://www.laits.utexas.edu:80/dasedemo/api/v1/collection/art_history_collection/item/000385993
2007-06-21T19:39:21-05:00 INFO (6): http://www.laits.utexas.edu:80/dasedemo/api/v1/collection/art_history_collection/item/000385992
2007-06-21T19:39:22-05:00 INFO (6): http://www.laits.utexas.edu:80/dasedemo/api/v1/collection/art_history_collection/item/000385991
2007-06-21T19:39:22-05:00 INFO (6): http://www.laits.utexas.edu:80/dasedemo/api/v1/collection/art_history_collection/item/000385990
2007-06-21T19:39:23-05:00 INFO (6): http://www.laits.utexas.edu:80/dasedemo/api/v1/collection/art_history_collection/item/000385989
2007-06-21T19:39:23-05:00 INFO (6): http://www.laits.utexas.edu:80/dasedemo/api/v1/collection/art_history_collection/item/000385988
2007-06-21T19:39:24-05:00 INFO (6): http://www.laits.utexas.edu:80/dasedemo/api/v1/collection/art_history_collection/item/000385987
2007-06-21T19:39:24-05:00 INFO (6): http://www.laits.utexas.edu:80/dasedemo/api/v1/collection/art_history_collection/item/000385986
2007-06-21T19:39:25-05:00 INFO (6): http://www.laits.utexas.edu:80/dasedemo/api/v1/collection/art_history_collection/item/000385985
2007-06-21T19:39:25-05:00 INFO (6): http://www.laits.utexas.edu:80/dasedemo/api/v1/collection/art_history_collection/item/000385984
2007-06-21T19:39:25-05:00 INFO (6): http://www.laits.utexas.edu:80/dasedemo/api/v1/collection/art_history_collection/item/000385983
2007-06-21T19:39:26-05:00 INFO (6): http://www.laits.utexas.edu:80/dasedemo/api/v1/collection/art_history_collection/item/000385982
2007-06-21T19:39:26-05:00 INFO (6): http://www.laits.utexas.edu:80/dasedemo/api/v1/collection/art_history_collection/item/000385981
2007-06-21T19:39:27-05:00 INFO (6): http://www.laits.utexas.edu:80/dasedemo/api/v1/collection/art_history_collection/item/000385980
2007-06-21T19:39:27-05:00 INFO (6): http://www.laits.utexas.edu:80/dasedemo/api/v1/collection/art_history_collection/item/000385979
2007-06-21T19:39:27-05:00 INFO (6): http://www.laits.utexas.edu:80/dasedemo/api/v1/collection/art_history_collection/item/000385978
2007-06-21T19:39:28-05:00 INFO (6): http://www.laits.utexas.edu:80/dasedemo/api/v1/collection/art_history_collection/item/000385977
2007-06-21T19:39:28-05:00 INFO (6): http://www.laits.utexas.edu:80/dasedemo/api/v1/collection/art_history_collection/item/000385976
2007-06-21T19:39:29-05:00 INFO (6): http://www.laits.utexas.edu:80/dasedemo/api/v1/collection/art_history_collection/item/000385975
2007-06-21T19:39:29-05:00 INFO (6): http://www.laits.utexas.edu:80/dasedemo/api/v1/collection/art_history_collection/item/000385974
2007-06-21T19:39:29-05:00 INFO (6): http://www.laits.utexas.edu:80/dasedemo/api/v1/collection/art_history_collection/item/000385973
2007-06-21T19:39:30-05:00 INFO (6): http://www.laits.utexas.edu:80/dasedemo/api/v1/collection/art_history_collection/item/000385972
2007-06-21T19:39:30-05:00 INFO (6): http://www.laits.utexas.edu:80/dasedemo/api/v1/collection/art_history_collection/item/000385971
2007-06-21T19:39:30-05:00 INFO (6): http://www.laits.utexas.edu:80/dasedemo/api/v1/collection/art_history_collection/item/000385970
2007-06-21T19:39:31-05:00 INFO (6): http://www.laits.utexas.edu:80/dasedemo/api/v1/collection/art_history_collection/item/000385969
2007-06-21T19:39:31-05:00 INFO (6): http://www.laits.utexas.edu:80/dasedemo/api/v1/collection/art_history_collection/item/000385968
2007-06-21T19:39:32-05:00 INFO (6): http://www.laits.utexas.edu:80/dasedemo/api/v1/collection/art_history_collection/item/000385967
2007-06-21T19:39:32-05:00 INFO (6): http://www.laits.utexas.edu:80/dasedemo/api/v1/collection/art_history_collection/item/000385966
2007-06-21T19:39:32-05:00 INFO (6): http://www.laits.utexas.edu:80/dasedemo/api/v1/collection/art_history_collection/item/000385965
2007-06-21T19:39:33-05:00 INFO (6): http://www.laits.utexas.edu:80/dasedemo/api/v1/collection/art_history_collection/item/000385964
2007-06-21T19:39:33-05:00 INFO (6): http://www.laits.utexas.edu:80/dasedemo/api/v1/collection/art_history_collection/item/000385963
2007-06-21T19:39:34-05:00 INFO (6): http://www.laits.utexas.edu:80/dasedemo/api/v1/collection/art_history_collection/item/000385962
2007-06-21T19:39:34-05:00 INFO (6): http://www.laits.utexas.edu:80/dasedemo/api/v1/collection/art_history_collection/item/000385961
2007-06-21T19:39:34-05:00 INFO (6): http://www.laits.utexas.edu:80/dasedemo/api/v1/collection/art_history_collection/item/000385960
