---- log file ---
2007-08-03T14:24:45-05:00 : SELECT * FROM search_table WHERE  /// 
2007-08-03T14:26:48-05:00 : SELECT * FROM search_table WHERE  /// 
2007-08-03T14:27:53-05:00 : SELECT * FROM search_table WHERE  /// 
2007-08-03T14:28:04-05:00 : SELECT * FROM search_table WHERE  /// 
2007-08-03T14:28:42-05:00 : SELECT * FROM search_table WHERE  /// 
2007-08-03T14:30:16-05:00 : SELECT * FROM search_table WHERE  /// 
2007-08-03T14:31:22-05:00 : SELECT * FROM search_table WHERE value_text like 'house' /// 
2007-08-03T14:31:25-05:00 : SELECT * FROM search_table WHERE value_text like 'house' /// 
2007-08-03T14:33:08-05:00 : SELECT * FROM search_table WHERE value_text like '%house%' /// 
2007-08-03T14:33:31-05:00 : SELECT * FROM search_table WHERE value_text like '%house%' /// 
2007-08-03T14:33:59-05:00 : SELECT * FROM search_table WHERE value_text like '%house%' /// 
2007-08-03T14:34:07-05:00 : SELECT * FROM search_table WHERE value_text like '%house%' /// 
2007-08-03T14:36:24-05:00 : SELECT * FROM search_table WHERE value_text like '%house%' /// 
2007-08-03T14:36:26-05:00 : SELECT * FROM search_table WHERE value_text like '%house%' /// 
2007-08-03T14:36:29-05:00 : SELECT * FROM search_table WHERE value_text like '%house%' /// 
2007-08-03T14:37:04-05:00 : SELECT * FROM search_table WHERE value_text like '%house%' AND collection_id = '87' /// 
2007-08-03T14:37:06-05:00 : SELECT * FROM search_table WHERE value_text like '%house%' AND collection_id = '104' /// 
2007-08-03T14:37:09-05:00 : SELECT * FROM search_table WHERE value_text like '%house%' AND collection_id = '124' /// 
2007-08-03T14:37:11-05:00 : SELECT * FROM search_table WHERE value_text like '%house%' AND collection_id = '16' /// 
2007-08-03T14:37:14-05:00 : SELECT * FROM search_table WHERE value_text like '%house%' AND collection_id = '12' /// 
2007-08-03T14:37:16-05:00 : SELECT * FROM search_table WHERE value_text like '%house%' AND collection_id = '21' /// 
2007-08-03T14:37:19-05:00 : SELECT * FROM search_table WHERE value_text like '%house%' AND collection_id = '22' /// 
2007-08-03T14:37:21-05:00 : SELECT * FROM search_table WHERE value_text like '%house%' AND collection_id = '3' /// 
2007-08-03T14:37:24-05:00 : SELECT * FROM search_table WHERE value_text like '%house%' AND collection_id = '2' /// 
2007-08-03T14:37:26-05:00 : SELECT * FROM search_table WHERE value_text like '%house%' AND collection_id = '10' /// 
2007-08-03T14:37:29-05:00 : SELECT * FROM search_table WHERE value_text like '%house%' AND collection_id = '11' /// 
2007-08-03T14:37:31-05:00 : SELECT * FROM search_table WHERE value_text like '%house%' AND collection_id = '19' /// 
2007-08-03T14:37:34-05:00 : SELECT * FROM search_table WHERE value_text like '%house%' AND collection_id = '1' /// 
2007-08-03T14:39:23-05:00 : SELECT * FROM search_table WHERE value_text like '%house%' AND collection_id = '87' /// 
2007-08-03T14:39:23-05:00 : SELECT * FROM search_table WHERE value_text like '%house%' AND collection_id = '104' /// 
2007-08-03T14:39:23-05:00 : SELECT * FROM search_table WHERE value_text like '%house%' AND collection_id = '124' /// 
2007-08-03T14:39:23-05:00 : SELECT * FROM search_table WHERE value_text like '%house%' AND collection_id = '16' /// 
2007-08-03T14:39:23-05:00 : SELECT * FROM search_table WHERE value_text like '%house%' AND collection_id = '12' /// 
2007-08-03T14:39:23-05:00 : SELECT * FROM search_table WHERE value_text like '%house%' AND collection_id = '21' /// 
2007-08-03T14:39:23-05:00 : SELECT * FROM search_table WHERE value_text like '%house%' AND collection_id = '22' /// 
2007-08-03T14:39:23-05:00 : SELECT * FROM search_table WHERE value_text like '%house%' AND collection_id = '3' /// 
2007-08-03T14:39:23-05:00 : SELECT * FROM search_table WHERE value_text like '%house%' AND collection_id = '2' /// 
2007-08-03T14:39:23-05:00 : SELECT * FROM search_table WHERE value_text like '%house%' AND collection_id = '10' /// 
2007-08-03T14:39:23-05:00 : SELECT * FROM search_table WHERE value_text like '%house%' AND collection_id = '11' /// 
2007-08-03T14:39:23-05:00 : SELECT * FROM search_table WHERE value_text like '%house%' AND collection_id = '19' /// 
2007-08-03T14:39:23-05:00 : SELECT * FROM search_table WHERE value_text like '%house%' AND collection_id = '1' /// 
2007-08-03T14:39:23-05:00 : SELECT * FROM search_table WHERE value_text like '%house%' AND collection_id = '24' /// 
2007-08-03T14:39:23-05:00 : SELECT * FROM search_table WHERE value_text like '%house%' AND collection_id = '26' /// 
2007-08-03T14:39:23-05:00 : SELECT * FROM search_table WHERE value_text like '%house%' AND collection_id = '8' /// 
2007-08-03T14:39:23-05:00 : SELECT * FROM search_table WHERE value_text like '%house%' AND collection_id = '17' /// 
2007-08-03T14:39:24-05:00 : SELECT * FROM search_table WHERE value_text like '%house%' AND collection_id = '9' /// 
2007-08-03T14:39:24-05:00 : SELECT * FROM search_table WHERE value_text like '%house%' AND collection_id = '7' /// 
2007-08-03T14:39:24-05:00 : SELECT * FROM search_table WHERE value_text like '%house%' AND collection_id = '109' /// 
2007-08-03T14:39:24-05:00 : SELECT * FROM search_table WHERE value_text like '%house%' AND collection_id = '29' /// 
2007-08-03T14:39:24-05:00 : SELECT * FROM search_table WHERE value_text like '%house%' AND collection_id = '14' /// 
2007-08-03T14:39:24-05:00 : SELECT * FROM search_table WHERE value_text like '%house%' AND collection_id = '6' /// 
2007-08-03T14:39:24-05:00 : SELECT * FROM search_table WHERE value_text like '%house%' AND collection_id = '117' /// 
2007-08-03T14:39:24-05:00 : SELECT * FROM search_table WHERE value_text like '%house%' AND collection_id = '18' /// 
2007-08-03T14:39:24-05:00 : SELECT * FROM search_table WHERE value_text like '%house%' AND collection_id = '121' /// 
2007-08-03T14:39:24-05:00 : SELECT * FROM search_table WHERE value_text like '%house%' AND collection_id = '57' /// 
2007-08-03T14:39:24-05:00 : SELECT * FROM search_table WHERE value_text like '%house%' AND collection_id = '5' /// 
2007-08-03T14:39:24-05:00 : SELECT * FROM search_table WHERE value_text like '%house%' AND collection_id = '52' /// 
2007-08-03T14:39:24-05:00 : SELECT * FROM search_table WHERE value_text like '%house%' AND collection_id = '54' /// 
2007-08-03T14:39:24-05:00 : SELECT * FROM search_table WHERE value_text like '%house%' AND collection_id = '58' /// 
2007-08-03T14:39:24-05:00 : SELECT * FROM search_table WHERE value_text like '%house%' AND collection_id = '55' /// 
2007-08-03T14:39:24-05:00 : SELECT * FROM search_table WHERE value_text like '%house%' AND collection_id = '15' /// 
2007-08-03T14:39:24-05:00 : SELECT * FROM search_table WHERE value_text like '%house%' AND collection_id = '106' /// 
2007-08-03T14:39:24-05:00 : SELECT * FROM search_table WHERE value_text like '%house%' AND collection_id = '110' /// 
2007-08-03T14:39:24-05:00 : SELECT * FROM search_table WHERE value_text like '%house%' AND collection_id = '62' /// 
2007-08-03T14:39:24-05:00 : SELECT * FROM search_table WHERE value_text like '%house%' AND collection_id = '59' /// 
2007-08-03T14:39:25-05:00 : SELECT * FROM search_table WHERE value_text like '%house%' AND collection_id = '63' /// 
2007-08-03T14:39:25-05:00 : SELECT * FROM search_table WHERE value_text like '%house%' AND collection_id = '60' /// 
2007-08-03T14:39:25-05:00 : SELECT * FROM search_table WHERE value_text like '%house%' AND collection_id = '23' /// 
2007-08-03T14:39:25-05:00 : SELECT * FROM search_table WHERE value_text like '%house%' AND collection_id = '114' /// 
2007-08-03T14:39:25-05:00 : SELECT * FROM search_table WHERE value_text like '%house%' AND collection_id = '64' /// 
2007-08-03T14:39:25-05:00 : SELECT * FROM search_table WHERE value_text like '%house%' AND collection_id = '118' /// 
2007-08-03T14:39:25-05:00 : SELECT * FROM search_table WHERE value_text like '%house%' AND collection_id = '53' /// 
2007-08-03T14:39:25-05:00 : SELECT * FROM search_table WHERE value_text like '%house%' AND collection_id = '66' /// 
2007-08-03T14:39:25-05:00 : SELECT * FROM search_table WHERE value_text like '%house%' AND collection_id = '67' /// 
2007-08-03T14:39:25-05:00 : SELECT * FROM search_table WHERE value_text like '%house%' AND collection_id = '122' /// 
2007-08-03T14:39:25-05:00 : SELECT * FROM search_table WHERE value_text like '%house%' AND collection_id = '70' /// 
2007-08-03T14:39:25-05:00 : SELECT * FROM search_table WHERE value_text like '%house%' AND collection_id = '71' /// 
2007-08-03T14:39:25-05:00 : SELECT * FROM search_table WHERE value_text like '%house%' AND collection_id = '72' /// 
2007-08-03T14:39:25-05:00 : SELECT * FROM search_table WHERE value_text like '%house%' AND collection_id = '102' /// 
2007-08-03T14:39:25-05:00 : SELECT * FROM search_table WHERE value_text like '%house%' AND collection_id = '82' /// 
2007-08-03T14:39:25-05:00 : SELECT * FROM search_table WHERE value_text like '%house%' AND collection_id = '111' /// 
2007-08-03T14:39:25-05:00 : SELECT * FROM search_table WHERE value_text like '%house%' AND collection_id = '115' /// 
2007-08-03T14:39:25-05:00 : SELECT * FROM search_table WHERE value_text like '%house%' AND collection_id = '56' /// 
2007-08-03T14:39:25-05:00 : SELECT * FROM search_table WHERE value_text like '%house%' AND collection_id = '123' /// 
2007-08-03T14:39:25-05:00 : SELECT * FROM search_table WHERE value_text like '%house%' AND collection_id = '125' /// 
2007-08-03T14:39:25-05:00 : SELECT * FROM search_table WHERE value_text like '%house%' AND collection_id = '128' /// 
2007-08-03T14:39:25-05:00 : SELECT * FROM search_table WHERE value_text like '%house%' AND collection_id = '130' /// 
2007-08-03T14:39:25-05:00 : SELECT * FROM search_table WHERE value_text like '%house%' AND collection_id = '131' /// 
2007-08-03T14:39:25-05:00 : SELECT * FROM search_table WHERE value_text like '%house%' AND collection_id = '132' /// 
2007-08-03T14:39:25-05:00 : SELECT * FROM search_table WHERE value_text like '%house%' AND collection_id = '134' /// 
2007-08-03T14:39:25-05:00 : SELECT * FROM search_table WHERE value_text like '%house%' AND collection_id = '135' /// 
2007-08-03T14:39:25-05:00 : SELECT * FROM search_table WHERE value_text like '%house%' AND collection_id = '136' /// 
2007-08-03T14:39:25-05:00 : SELECT * FROM search_table WHERE value_text like '%house%' AND collection_id = '137' /// 
2007-08-03T14:39:25-05:00 : SELECT * FROM search_table WHERE value_text like '%house%' AND collection_id = '139' /// 
2007-08-03T14:39:25-05:00 : SELECT * FROM search_table WHERE value_text like '%house%' AND collection_id = '138' /// 
2007-08-03T14:39:25-05:00 : SELECT * FROM search_table WHERE value_text like '%house%' AND collection_id = '141' /// 
2007-08-03T14:39:25-05:00 : SELECT * FROM search_table WHERE value_text like '%house%' AND collection_id = '140' /// 
2007-08-03T14:39:25-05:00 : SELECT * FROM search_table WHERE value_text like '%house%' AND collection_id = '142' /// 
2007-08-03T14:39:25-05:00 : SELECT * FROM search_table WHERE value_text like '%house%' AND collection_id = '143' /// 
2007-08-03T14:39:25-05:00 : SELECT * FROM search_table WHERE value_text like '%house%' AND collection_id = '144' /// 
2007-08-03T14:39:25-05:00 : SELECT * FROM search_table WHERE value_text like '%house%' AND collection_id = '145' /// 
2007-08-03T14:39:25-05:00 : SELECT * FROM search_table WHERE value_text like '%house%' AND collection_id = '146' /// 
2007-08-03T14:39:25-05:00 : SELECT * FROM search_table WHERE value_text like '%house%' AND collection_id = '147' /// 
2007-08-03T14:39:25-05:00 : SELECT * FROM search_table WHERE value_text like '%house%' AND collection_id = '148' /// 
2007-08-03T14:39:25-05:00 : SELECT * FROM search_table WHERE value_text like '%house%' AND collection_id = '149' /// 
2007-08-03T14:39:26-05:00 : SELECT * FROM search_table WHERE value_text like '%house%' AND collection_id = '151' /// 
2007-08-03T14:39:26-05:00 : SELECT * FROM search_table WHERE value_text like '%house%' AND collection_id = '152' /// 
2007-08-03T14:39:26-05:00 : SELECT * FROM search_table WHERE value_text like '%house%' AND collection_id = '153' /// 
2007-08-03T14:39:26-05:00 : SELECT * FROM search_table WHERE value_text like '%house%' AND collection_id = '61' /// 
2007-08-03T14:39:26-05:00 : SELECT * FROM search_table WHERE value_text like '%house%' AND collection_id = '105' /// 
2007-08-03T14:39:26-05:00 : SELECT * FROM search_table WHERE value_text like '%house%' AND collection_id = '103' /// 
2007-08-03T14:39:26-05:00 : SELECT * FROM search_table WHERE value_text like '%house%' AND collection_id = '154' /// 
2007-08-03T14:39:26-05:00 : SELECT * FROM search_table WHERE value_text like '%house%' AND collection_id = '150' /// 
2007-08-03T14:39:58-05:00 : SELECT * FROM search_table WHERE value_text like '%house%' AND collection_id = '87' /// 
2007-08-03T14:39:58-05:00 : SELECT * FROM search_table WHERE value_text like '%house%' AND collection_id = '104' /// 
2007-08-03T14:39:58-05:00 : SELECT * FROM search_table WHERE value_text like '%house%' AND collection_id = '124' /// 
2007-08-03T14:39:58-05:00 : SELECT * FROM search_table WHERE value_text like '%house%' AND collection_id = '16' /// 
2007-08-03T14:39:58-05:00 : SELECT * FROM search_table WHERE value_text like '%house%' AND collection_id = '12' /// 
2007-08-03T14:39:58-05:00 : SELECT * FROM search_table WHERE value_text like '%house%' AND collection_id = '21' /// 
2007-08-03T14:39:58-05:00 : SELECT * FROM search_table WHERE value_text like '%house%' AND collection_id = '22' /// 
2007-08-03T14:39:58-05:00 : SELECT * FROM search_table WHERE value_text like '%house%' AND collection_id = '3' /// 
2007-08-03T14:39:58-05:00 : SELECT * FROM search_table WHERE value_text like '%house%' AND collection_id = '2' /// 
2007-08-03T14:39:58-05:00 : SELECT * FROM search_table WHERE value_text like '%house%' AND collection_id = '10' /// 
2007-08-03T14:39:58-05:00 : SELECT * FROM search_table WHERE value_text like '%house%' AND collection_id = '11' /// 
2007-08-03T14:39:59-05:00 : SELECT * FROM search_table WHERE value_text like '%house%' AND collection_id = '19' /// 
2007-08-03T14:39:59-05:00 : SELECT * FROM search_table WHERE value_text like '%house%' AND collection_id = '1' /// 
2007-08-03T14:39:59-05:00 : SELECT * FROM search_table WHERE value_text like '%house%' AND collection_id = '24' /// 
2007-08-03T14:39:59-05:00 : SELECT * FROM search_table WHERE value_text like '%house%' AND collection_id = '26' /// 
2007-08-03T14:39:59-05:00 : SELECT * FROM search_table WHERE value_text like '%house%' AND collection_id = '8' /// 
2007-08-03T14:39:59-05:00 : SELECT * FROM search_table WHERE value_text like '%house%' AND collection_id = '17' /// 
2007-08-03T14:39:59-05:00 : SELECT * FROM search_table WHERE value_text like '%house%' AND collection_id = '9' /// 
2007-08-03T14:39:59-05:00 : SELECT * FROM search_table WHERE value_text like '%house%' AND collection_id = '7' /// 
2007-08-03T14:39:59-05:00 : SELECT * FROM search_table WHERE value_text like '%house%' AND collection_id = '109' /// 
2007-08-03T14:39:59-05:00 : SELECT * FROM search_table WHERE value_text like '%house%' AND collection_id = '29' /// 
2007-08-03T14:39:59-05:00 : SELECT * FROM search_table WHERE value_text like '%house%' AND collection_id = '14' /// 
2007-08-03T14:39:59-05:00 : SELECT * FROM search_table WHERE value_text like '%house%' AND collection_id = '6' /// 
2007-08-03T14:39:59-05:00 : SELECT * FROM search_table WHERE value_text like '%house%' AND collection_id = '117' /// 
2007-08-03T14:39:59-05:00 : SELECT * FROM search_table WHERE value_text like '%house%' AND collection_id = '18' /// 
2007-08-03T14:39:59-05:00 : SELECT * FROM search_table WHERE value_text like '%house%' AND collection_id = '121' /// 
2007-08-03T14:39:59-05:00 : SELECT * FROM search_table WHERE value_text like '%house%' AND collection_id = '57' /// 
2007-08-03T14:39:59-05:00 : SELECT * FROM search_table WHERE value_text like '%house%' AND collection_id = '5' /// 
2007-08-03T14:39:59-05:00 : SELECT * FROM search_table WHERE value_text like '%house%' AND collection_id = '52' /// 
2007-08-03T14:39:59-05:00 : SELECT * FROM search_table WHERE value_text like '%house%' AND collection_id = '54' /// 
2007-08-03T14:39:59-05:00 : SELECT * FROM search_table WHERE value_text like '%house%' AND collection_id = '58' /// 
2007-08-03T14:39:59-05:00 : SELECT * FROM search_table WHERE value_text like '%house%' AND collection_id = '55' /// 
2007-08-03T14:39:59-05:00 : SELECT * FROM search_table WHERE value_text like '%house%' AND collection_id = '15' /// 
2007-08-03T14:39:59-05:00 : SELECT * FROM search_table WHERE value_text like '%house%' AND collection_id = '106' /// 
2007-08-03T14:39:59-05:00 : SELECT * FROM search_table WHERE value_text like '%house%' AND collection_id = '110' /// 
2007-08-03T14:39:59-05:00 : SELECT * FROM search_table WHERE value_text like '%house%' AND collection_id = '62' /// 
2007-08-03T14:39:59-05:00 : SELECT * FROM search_table WHERE value_text like '%house%' AND collection_id = '59' /// 
2007-08-03T14:40:00-05:00 : SELECT * FROM search_table WHERE value_text like '%house%' AND collection_id = '63' /// 
2007-08-03T14:40:00-05:00 : SELECT * FROM search_table WHERE value_text like '%house%' AND collection_id = '60' /// 
2007-08-03T14:40:00-05:00 : SELECT * FROM search_table WHERE value_text like '%house%' AND collection_id = '23' /// 
2007-08-03T14:40:00-05:00 : SELECT * FROM search_table WHERE value_text like '%house%' AND collection_id = '114' /// 
2007-08-03T14:40:00-05:00 : SELECT * FROM search_table WHERE value_text like '%house%' AND collection_id = '64' /// 
2007-08-03T14:40:00-05:00 : SELECT * FROM search_table WHERE value_text like '%house%' AND collection_id = '118' /// 
2007-08-03T14:40:00-05:00 : SELECT * FROM search_table WHERE value_text like '%house%' AND collection_id = '53' /// 
2007-08-03T14:40:00-05:00 : SELECT * FROM search_table WHERE value_text like '%house%' AND collection_id = '66' /// 
2007-08-03T14:40:00-05:00 : SELECT * FROM search_table WHERE value_text like '%house%' AND collection_id = '67' /// 
2007-08-03T14:40:00-05:00 : SELECT * FROM search_table WHERE value_text like '%house%' AND collection_id = '122' /// 
2007-08-03T14:40:00-05:00 : SELECT * FROM search_table WHERE value_text like '%house%' AND collection_id = '70' /// 
2007-08-03T14:40:00-05:00 : SELECT * FROM search_table WHERE value_text like '%house%' AND collection_id = '71' /// 
2007-08-03T14:40:00-05:00 : SELECT * FROM search_table WHERE value_text like '%house%' AND collection_id = '72' /// 
2007-08-03T14:40:00-05:00 : SELECT * FROM search_table WHERE value_text like '%house%' AND collection_id = '102' /// 
2007-08-03T14:40:00-05:00 : SELECT * FROM search_table WHERE value_text like '%house%' AND collection_id = '82' /// 
2007-08-03T14:40:00-05:00 : SELECT * FROM search_table WHERE value_text like '%house%' AND collection_id = '111' /// 
2007-08-03T14:40:00-05:00 : SELECT * FROM search_table WHERE value_text like '%house%' AND collection_id = '115' /// 
2007-08-03T14:40:00-05:00 : SELECT * FROM search_table WHERE value_text like '%house%' AND collection_id = '56' /// 
2007-08-03T14:40:00-05:00 : SELECT * FROM search_table WHERE value_text like '%house%' AND collection_id = '123' /// 
2007-08-03T14:40:00-05:00 : SELECT * FROM search_table WHERE value_text like '%house%' AND collection_id = '125' /// 
2007-08-03T14:40:00-05:00 : SELECT * FROM search_table WHERE value_text like '%house%' AND collection_id = '128' /// 
2007-08-03T14:40:00-05:00 : SELECT * FROM search_table WHERE value_text like '%house%' AND collection_id = '130' /// 
2007-08-03T14:40:00-05:00 : SELECT * FROM search_table WHERE value_text like '%house%' AND collection_id = '131' /// 
2007-08-03T14:40:00-05:00 : SELECT * FROM search_table WHERE value_text like '%house%' AND collection_id = '132' /// 
2007-08-03T14:40:00-05:00 : SELECT * FROM search_table WHERE value_text like '%house%' AND collection_id = '134' /// 
2007-08-03T14:40:00-05:00 : SELECT * FROM search_table WHERE value_text like '%house%' AND collection_id = '135' /// 
2007-08-03T14:40:01-05:00 : SELECT * FROM search_table WHERE value_text like '%house%' AND collection_id = '136' /// 
2007-08-03T14:40:01-05:00 : SELECT * FROM search_table WHERE value_text like '%house%' AND collection_id = '137' /// 
2007-08-03T14:40:01-05:00 : SELECT * FROM search_table WHERE value_text like '%house%' AND collection_id = '139' /// 
2007-08-03T14:40:01-05:00 : SELECT * FROM search_table WHERE value_text like '%house%' AND collection_id = '138' /// 
2007-08-03T14:40:01-05:00 : SELECT * FROM search_table WHERE value_text like '%house%' AND collection_id = '141' /// 
2007-08-03T14:40:01-05:00 : SELECT * FROM search_table WHERE value_text like '%house%' AND collection_id = '140' /// 
2007-08-03T14:40:01-05:00 : SELECT * FROM search_table WHERE value_text like '%house%' AND collection_id = '142' /// 
2007-08-03T14:40:01-05:00 : SELECT * FROM search_table WHERE value_text like '%house%' AND collection_id = '143' /// 
2007-08-03T14:40:01-05:00 : SELECT * FROM search_table WHERE value_text like '%house%' AND collection_id = '144' /// 
2007-08-03T14:40:01-05:00 : SELECT * FROM search_table WHERE value_text like '%house%' AND collection_id = '145' /// 
2007-08-03T14:40:01-05:00 : SELECT * FROM search_table WHERE value_text like '%house%' AND collection_id = '146' /// 
2007-08-03T14:40:01-05:00 : SELECT * FROM search_table WHERE value_text like '%house%' AND collection_id = '147' /// 
2007-08-03T14:40:01-05:00 : SELECT * FROM search_table WHERE value_text like '%house%' AND collection_id = '148' /// 
2007-08-03T14:40:01-05:00 : SELECT * FROM search_table WHERE value_text like '%house%' AND collection_id = '149' /// 
2007-08-03T14:40:01-05:00 : SELECT * FROM search_table WHERE value_text like '%house%' AND collection_id = '151' /// 
2007-08-03T14:40:01-05:00 : SELECT * FROM search_table WHERE value_text like '%house%' AND collection_id = '152' /// 
2007-08-03T14:40:01-05:00 : SELECT * FROM search_table WHERE value_text like '%house%' AND collection_id = '153' /// 
2007-08-03T14:40:01-05:00 : SELECT * FROM search_table WHERE value_text like '%house%' AND collection_id = '61' /// 
2007-08-03T14:40:01-05:00 : SELECT * FROM search_table WHERE value_text like '%house%' AND collection_id = '105' /// 
2007-08-03T14:40:01-05:00 : SELECT * FROM search_table WHERE value_text like '%house%' AND collection_id = '103' /// 
2007-08-03T14:40:01-05:00 : SELECT * FROM search_table WHERE value_text like '%house%' AND collection_id = '154' /// 
2007-08-03T14:40:01-05:00 : SELECT * FROM search_table WHERE value_text like '%house%' AND collection_id = '150' /// 
2007-08-03T14:41:43-05:00 : SELECT * FROM search_table WHERE value_text like '%house%' AND collection_id = '87' /// 
2007-08-03T14:41:43-05:00 : SELECT * FROM search_table WHERE value_text like '%house%' AND collection_id = '104' /// 
2007-08-03T14:41:43-05:00 : SELECT * FROM search_table WHERE value_text like '%house%' AND collection_id = '124' /// 
2007-08-03T14:41:43-05:00 : SELECT * FROM search_table WHERE value_text like '%house%' AND collection_id = '16' /// 
2007-08-03T14:41:43-05:00 : SELECT * FROM search_table WHERE value_text like '%house%' AND collection_id = '12' /// 
2007-08-03T14:41:43-05:00 : SELECT * FROM search_table WHERE value_text like '%house%' AND collection_id = '21' /// 
2007-08-03T14:41:43-05:00 : SELECT * FROM search_table WHERE value_text like '%house%' AND collection_id = '22' /// 
2007-08-03T14:41:43-05:00 : SELECT * FROM search_table WHERE value_text like '%house%' AND collection_id = '3' /// 
2007-08-03T14:41:43-05:00 : SELECT * FROM search_table WHERE value_text like '%house%' AND collection_id = '2' /// 
2007-08-03T14:41:43-05:00 : SELECT * FROM search_table WHERE value_text like '%house%' AND collection_id = '10' /// 
2007-08-03T14:41:43-05:00 : SELECT * FROM search_table WHERE value_text like '%house%' AND collection_id = '11' /// 
2007-08-03T14:41:43-05:00 : SELECT * FROM search_table WHERE value_text like '%house%' AND collection_id = '19' /// 
2007-08-03T14:41:43-05:00 : SELECT * FROM search_table WHERE value_text like '%house%' AND collection_id = '1' /// 
2007-08-03T14:41:43-05:00 : SELECT * FROM search_table WHERE value_text like '%house%' AND collection_id = '24' /// 
2007-08-03T14:41:43-05:00 : SELECT * FROM search_table WHERE value_text like '%house%' AND collection_id = '26' /// 
2007-08-03T14:41:43-05:00 : SELECT * FROM search_table WHERE value_text like '%house%' AND collection_id = '8' /// 
2007-08-03T14:41:43-05:00 : SELECT * FROM search_table WHERE value_text like '%house%' AND collection_id = '17' /// 
2007-08-03T14:41:43-05:00 : SELECT * FROM search_table WHERE value_text like '%house%' AND collection_id = '9' /// 
2007-08-03T14:41:43-05:00 : SELECT * FROM search_table WHERE value_text like '%house%' AND collection_id = '7' /// 
2007-08-03T14:41:43-05:00 : SELECT * FROM search_table WHERE value_text like '%house%' AND collection_id = '109' /// 
2007-08-03T14:41:43-05:00 : SELECT * FROM search_table WHERE value_text like '%house%' AND collection_id = '29' /// 
2007-08-03T14:41:43-05:00 : SELECT * FROM search_table WHERE value_text like '%house%' AND collection_id = '14' /// 
2007-08-03T14:41:43-05:00 : SELECT * FROM search_table WHERE value_text like '%house%' AND collection_id = '6' /// 
2007-08-03T14:41:43-05:00 : SELECT * FROM search_table WHERE value_text like '%house%' AND collection_id = '117' /// 
2007-08-03T14:41:43-05:00 : SELECT * FROM search_table WHERE value_text like '%house%' AND collection_id = '18' /// 
2007-08-03T14:41:43-05:00 : SELECT * FROM search_table WHERE value_text like '%house%' AND collection_id = '121' /// 
2007-08-03T14:41:43-05:00 : SELECT * FROM search_table WHERE value_text like '%house%' AND collection_id = '57' /// 
2007-08-03T14:41:43-05:00 : SELECT * FROM search_table WHERE value_text like '%house%' AND collection_id = '5' /// 
2007-08-03T14:41:44-05:00 : SELECT * FROM search_table WHERE value_text like '%house%' AND collection_id = '52' /// 
2007-08-03T14:41:44-05:00 : SELECT * FROM search_table WHERE value_text like '%house%' AND collection_id = '54' /// 
2007-08-03T14:41:44-05:00 : SELECT * FROM search_table WHERE value_text like '%house%' AND collection_id = '58' /// 
2007-08-03T14:41:44-05:00 : SELECT * FROM search_table WHERE value_text like '%house%' AND collection_id = '55' /// 
2007-08-03T14:41:44-05:00 : SELECT * FROM search_table WHERE value_text like '%house%' AND collection_id = '15' /// 
2007-08-03T14:41:44-05:00 : SELECT * FROM search_table WHERE value_text like '%house%' AND collection_id = '106' /// 
2007-08-03T14:41:44-05:00 : SELECT * FROM search_table WHERE value_text like '%house%' AND collection_id = '110' /// 
2007-08-03T14:41:44-05:00 : SELECT * FROM search_table WHERE value_text like '%house%' AND collection_id = '62' /// 
2007-08-03T14:41:44-05:00 : SELECT * FROM search_table WHERE value_text like '%house%' AND collection_id = '59' /// 
2007-08-03T14:41:45-05:00 : SELECT * FROM search_table WHERE value_text like '%house%' AND collection_id = '63' /// 
2007-08-03T14:41:45-05:00 : SELECT * FROM search_table WHERE value_text like '%house%' AND collection_id = '60' /// 
2007-08-03T14:41:45-05:00 : SELECT * FROM search_table WHERE value_text like '%house%' AND collection_id = '23' /// 
2007-08-03T14:41:45-05:00 : SELECT * FROM search_table WHERE value_text like '%house%' AND collection_id = '114' /// 
2007-08-03T14:41:45-05:00 : SELECT * FROM search_table WHERE value_text like '%house%' AND collection_id = '64' /// 
2007-08-03T14:41:45-05:00 : SELECT * FROM search_table WHERE value_text like '%house%' AND collection_id = '118' /// 
2007-08-03T14:41:45-05:00 : SELECT * FROM search_table WHERE value_text like '%house%' AND collection_id = '53' /// 
2007-08-03T14:41:45-05:00 : SELECT * FROM search_table WHERE value_text like '%house%' AND collection_id = '66' /// 
2007-08-03T14:41:45-05:00 : SELECT * FROM search_table WHERE value_text like '%house%' AND collection_id = '67' /// 
2007-08-03T14:41:45-05:00 : SELECT * FROM search_table WHERE value_text like '%house%' AND collection_id = '122' /// 
2007-08-03T14:41:45-05:00 : SELECT * FROM search_table WHERE value_text like '%house%' AND collection_id = '70' /// 
2007-08-03T14:41:45-05:00 : SELECT * FROM search_table WHERE value_text like '%house%' AND collection_id = '71' /// 
2007-08-03T14:41:45-05:00 : SELECT * FROM search_table WHERE value_text like '%house%' AND collection_id = '72' /// 
2007-08-03T14:41:45-05:00 : SELECT * FROM search_table WHERE value_text like '%house%' AND collection_id = '102' /// 
2007-08-03T14:41:45-05:00 : SELECT * FROM search_table WHERE value_text like '%house%' AND collection_id = '82' /// 
2007-08-03T14:41:45-05:00 : SELECT * FROM search_table WHERE value_text like '%house%' AND collection_id = '111' /// 
2007-08-03T14:41:45-05:00 : SELECT * FROM search_table WHERE value_text like '%house%' AND collection_id = '115' /// 
2007-08-03T14:41:45-05:00 : SELECT * FROM search_table WHERE value_text like '%house%' AND collection_id = '56' /// 
2007-08-03T14:41:45-05:00 : SELECT * FROM search_table WHERE value_text like '%house%' AND collection_id = '123' /// 
2007-08-03T14:41:45-05:00 : SELECT * FROM search_table WHERE value_text like '%house%' AND collection_id = '125' /// 
2007-08-03T14:41:45-05:00 : SELECT * FROM search_table WHERE value_text like '%house%' AND collection_id = '128' /// 
2007-08-03T14:41:45-05:00 : SELECT * FROM search_table WHERE value_text like '%house%' AND collection_id = '130' /// 
2007-08-03T14:41:45-05:00 : SELECT * FROM search_table WHERE value_text like '%house%' AND collection_id = '131' /// 
2007-08-03T14:41:45-05:00 : SELECT * FROM search_table WHERE value_text like '%house%' AND collection_id = '132' /// 
2007-08-03T14:41:45-05:00 : SELECT * FROM search_table WHERE value_text like '%house%' AND collection_id = '134' /// 
2007-08-03T14:41:45-05:00 : SELECT * FROM search_table WHERE value_text like '%house%' AND collection_id = '135' /// 
2007-08-03T14:41:45-05:00 : SELECT * FROM search_table WHERE value_text like '%house%' AND collection_id = '136' /// 
2007-08-03T14:41:45-05:00 : SELECT * FROM search_table WHERE value_text like '%house%' AND collection_id = '137' /// 
2007-08-03T14:41:45-05:00 : SELECT * FROM search_table WHERE value_text like '%house%' AND collection_id = '139' /// 
2007-08-03T14:41:45-05:00 : SELECT * FROM search_table WHERE value_text like '%house%' AND collection_id = '138' /// 
2007-08-03T14:41:45-05:00 : SELECT * FROM search_table WHERE value_text like '%house%' AND collection_id = '141' /// 
2007-08-03T14:41:45-05:00 : SELECT * FROM search_table WHERE value_text like '%house%' AND collection_id = '140' /// 
2007-08-03T14:41:45-05:00 : SELECT * FROM search_table WHERE value_text like '%house%' AND collection_id = '142' /// 
2007-08-03T14:41:45-05:00 : SELECT * FROM search_table WHERE value_text like '%house%' AND collection_id = '143' /// 
2007-08-03T14:41:45-05:00 : SELECT * FROM search_table WHERE value_text like '%house%' AND collection_id = '144' /// 
2007-08-03T14:41:45-05:00 : SELECT * FROM search_table WHERE value_text like '%house%' AND collection_id = '145' /// 
2007-08-03T14:41:45-05:00 : SELECT * FROM search_table WHERE value_text like '%house%' AND collection_id = '146' /// 
2007-08-03T14:41:45-05:00 : SELECT * FROM search_table WHERE value_text like '%house%' AND collection_id = '147' /// 
2007-08-03T14:41:45-05:00 : SELECT * FROM search_table WHERE value_text like '%house%' AND collection_id = '148' /// 
2007-08-03T14:41:45-05:00 : SELECT * FROM search_table WHERE value_text like '%house%' AND collection_id = '149' /// 
2007-08-03T14:41:45-05:00 : SELECT * FROM search_table WHERE value_text like '%house%' AND collection_id = '151' /// 
2007-08-03T14:41:45-05:00 : SELECT * FROM search_table WHERE value_text like '%house%' AND collection_id = '152' /// 
2007-08-03T14:41:45-05:00 : SELECT * FROM search_table WHERE value_text like '%house%' AND collection_id = '153' /// 
2007-08-03T14:41:45-05:00 : SELECT * FROM search_table WHERE value_text like '%house%' AND collection_id = '61' /// 
2007-08-03T14:41:45-05:00 : SELECT * FROM search_table WHERE value_text like '%house%' AND collection_id = '105' /// 
2007-08-03T14:41:45-05:00 : SELECT * FROM search_table WHERE value_text like '%house%' AND collection_id = '103' /// 
2007-08-03T14:41:45-05:00 : SELECT * FROM search_table WHERE value_text like '%house%' AND collection_id = '154' /// 
2007-08-03T14:41:45-05:00 : SELECT * FROM search_table WHERE value_text like '%house%' AND collection_id = '150' /// 
2007-08-03T14:41:56-05:00 : SELECT * FROM search_table WHERE value_text like '%house%' AND collection_id = '87' /// 
2007-08-03T14:41:56-05:00 : SELECT * FROM search_table WHERE value_text like '%house%' AND collection_id = '104' /// 
2007-08-03T14:41:56-05:00 : SELECT * FROM search_table WHERE value_text like '%house%' AND collection_id = '124' /// 
2007-08-03T14:41:56-05:00 : SELECT * FROM search_table WHERE value_text like '%house%' AND collection_id = '16' /// 
2007-08-03T14:41:56-05:00 : SELECT * FROM search_table WHERE value_text like '%house%' AND collection_id = '12' /// 
2007-08-03T14:41:56-05:00 : SELECT * FROM search_table WHERE value_text like '%house%' AND collection_id = '21' /// 
2007-08-03T14:41:56-05:00 : SELECT * FROM search_table WHERE value_text like '%house%' AND collection_id = '22' /// 
2007-08-03T14:41:56-05:00 : SELECT * FROM search_table WHERE value_text like '%house%' AND collection_id = '3' /// 
2007-08-03T14:41:56-05:00 : SELECT * FROM search_table WHERE value_text like '%house%' AND collection_id = '2' /// 
2007-08-03T14:41:56-05:00 : SELECT * FROM search_table WHERE value_text like '%house%' AND collection_id = '10' /// 
2007-08-03T14:41:56-05:00 : SELECT * FROM search_table WHERE value_text like '%house%' AND collection_id = '11' /// 
2007-08-03T14:41:56-05:00 : SELECT * FROM search_table WHERE value_text like '%house%' AND collection_id = '19' /// 
2007-08-03T14:41:56-05:00 : SELECT * FROM search_table WHERE value_text like '%house%' AND collection_id = '1' /// 
2007-08-03T14:41:56-05:00 : SELECT * FROM search_table WHERE value_text like '%house%' AND collection_id = '24' /// 
2007-08-03T14:41:56-05:00 : SELECT * FROM search_table WHERE value_text like '%house%' AND collection_id = '26' /// 
2007-08-03T14:41:56-05:00 : SELECT * FROM search_table WHERE value_text like '%house%' AND collection_id = '8' /// 
2007-08-03T14:41:56-05:00 : SELECT * FROM search_table WHERE value_text like '%house%' AND collection_id = '17' /// 
2007-08-03T14:41:57-05:00 : SELECT * FROM search_table WHERE value_text like '%house%' AND collection_id = '9' /// 
2007-08-03T14:41:57-05:00 : SELECT * FROM search_table WHERE value_text like '%house%' AND collection_id = '7' /// 
2007-08-03T14:41:57-05:00 : SELECT * FROM search_table WHERE value_text like '%house%' AND collection_id = '109' /// 
2007-08-03T14:41:57-05:00 : SELECT * FROM search_table WHERE value_text like '%house%' AND collection_id = '29' /// 
2007-08-03T14:41:57-05:00 : SELECT * FROM search_table WHERE value_text like '%house%' AND collection_id = '14' /// 
2007-08-03T14:41:57-05:00 : SELECT * FROM search_table WHERE value_text like '%house%' AND collection_id = '6' /// 
2007-08-03T14:41:57-05:00 : SELECT * FROM search_table WHERE value_text like '%house%' AND collection_id = '117' /// 
2007-08-03T14:41:57-05:00 : SELECT * FROM search_table WHERE value_text like '%house%' AND collection_id = '18' /// 
2007-08-03T14:41:57-05:00 : SELECT * FROM search_table WHERE value_text like '%house%' AND collection_id = '121' /// 
2007-08-03T14:41:57-05:00 : SELECT * FROM search_table WHERE value_text like '%house%' AND collection_id = '57' /// 
2007-08-03T14:41:57-05:00 : SELECT * FROM search_table WHERE value_text like '%house%' AND collection_id = '5' /// 
2007-08-03T14:41:57-05:00 : SELECT * FROM search_table WHERE value_text like '%house%' AND collection_id = '52' /// 
2007-08-03T14:41:57-05:00 : SELECT * FROM search_table WHERE value_text like '%house%' AND collection_id = '54' /// 
2007-08-03T14:41:57-05:00 : SELECT * FROM search_table WHERE value_text like '%house%' AND collection_id = '58' /// 
2007-08-03T14:41:57-05:00 : SELECT * FROM search_table WHERE value_text like '%house%' AND collection_id = '55' /// 
2007-08-03T14:41:57-05:00 : SELECT * FROM search_table WHERE value_text like '%house%' AND collection_id = '15' /// 
2007-08-03T14:41:57-05:00 : SELECT * FROM search_table WHERE value_text like '%house%' AND collection_id = '106' /// 
2007-08-03T14:41:57-05:00 : SELECT * FROM search_table WHERE value_text like '%house%' AND collection_id = '110' /// 
2007-08-03T14:41:57-05:00 : SELECT * FROM search_table WHERE value_text like '%house%' AND collection_id = '62' /// 
2007-08-03T14:41:57-05:00 : SELECT * FROM search_table WHERE value_text like '%house%' AND collection_id = '59' /// 
2007-08-03T14:41:58-05:00 : SELECT * FROM search_table WHERE value_text like '%house%' AND collection_id = '63' /// 
2007-08-03T14:41:58-05:00 : SELECT * FROM search_table WHERE value_text like '%house%' AND collection_id = '60' /// 
2007-08-03T14:41:58-05:00 : SELECT * FROM search_table WHERE value_text like '%house%' AND collection_id = '23' /// 
2007-08-03T14:41:58-05:00 : SELECT * FROM search_table WHERE value_text like '%house%' AND collection_id = '114' /// 
2007-08-03T14:41:58-05:00 : SELECT * FROM search_table WHERE value_text like '%house%' AND collection_id = '64' /// 
2007-08-03T14:41:58-05:00 : SELECT * FROM search_table WHERE value_text like '%house%' AND collection_id = '118' /// 
2007-08-03T14:41:58-05:00 : SELECT * FROM search_table WHERE value_text like '%house%' AND collection_id = '53' /// 
2007-08-03T14:41:58-05:00 : SELECT * FROM search_table WHERE value_text like '%house%' AND collection_id = '66' /// 
2007-08-03T14:41:58-05:00 : SELECT * FROM search_table WHERE value_text like '%house%' AND collection_id = '67' /// 
2007-08-03T14:41:58-05:00 : SELECT * FROM search_table WHERE value_text like '%house%' AND collection_id = '122' /// 
2007-08-03T14:41:58-05:00 : SELECT * FROM search_table WHERE value_text like '%house%' AND collection_id = '70' /// 
2007-08-03T14:41:58-05:00 : SELECT * FROM search_table WHERE value_text like '%house%' AND collection_id = '71' /// 
2007-08-03T14:41:58-05:00 : SELECT * FROM search_table WHERE value_text like '%house%' AND collection_id = '72' /// 
2007-08-03T14:41:58-05:00 : SELECT * FROM search_table WHERE value_text like '%house%' AND collection_id = '102' /// 
2007-08-03T14:41:58-05:00 : SELECT * FROM search_table WHERE value_text like '%house%' AND collection_id = '82' /// 
2007-08-03T14:41:58-05:00 : SELECT * FROM search_table WHERE value_text like '%house%' AND collection_id = '111' /// 
2007-08-03T14:41:58-05:00 : SELECT * FROM search_table WHERE value_text like '%house%' AND collection_id = '115' /// 
2007-08-03T14:41:58-05:00 : SELECT * FROM search_table WHERE value_text like '%house%' AND collection_id = '56' /// 
2007-08-03T14:41:58-05:00 : SELECT * FROM search_table WHERE value_text like '%house%' AND collection_id = '123' /// 
2007-08-03T14:41:58-05:00 : SELECT * FROM search_table WHERE value_text like '%house%' AND collection_id = '125' /// 
2007-08-03T14:41:58-05:00 : SELECT * FROM search_table WHERE value_text like '%house%' AND collection_id = '128' /// 
2007-08-03T14:41:58-05:00 : SELECT * FROM search_table WHERE value_text like '%house%' AND collection_id = '130' /// 
2007-08-03T14:41:58-05:00 : SELECT * FROM search_table WHERE value_text like '%house%' AND collection_id = '131' /// 
2007-08-03T14:41:58-05:00 : SELECT * FROM search_table WHERE value_text like '%house%' AND collection_id = '132' /// 
2007-08-03T14:41:58-05:00 : SELECT * FROM search_table WHERE value_text like '%house%' AND collection_id = '134' /// 
2007-08-03T14:41:58-05:00 : SELECT * FROM search_table WHERE value_text like '%house%' AND collection_id = '135' /// 
2007-08-03T14:41:59-05:00 : SELECT * FROM search_table WHERE value_text like '%house%' AND collection_id = '136' /// 
2007-08-03T14:41:59-05:00 : SELECT * FROM search_table WHERE value_text like '%house%' AND collection_id = '137' /// 
2007-08-03T14:41:59-05:00 : SELECT * FROM search_table WHERE value_text like '%house%' AND collection_id = '139' /// 
2007-08-03T14:41:59-05:00 : SELECT * FROM search_table WHERE value_text like '%house%' AND collection_id = '138' /// 
2007-08-03T14:41:59-05:00 : SELECT * FROM search_table WHERE value_text like '%house%' AND collection_id = '141' /// 
2007-08-03T14:41:59-05:00 : SELECT * FROM search_table WHERE value_text like '%house%' AND collection_id = '140' /// 
2007-08-03T14:41:59-05:00 : SELECT * FROM search_table WHERE value_text like '%house%' AND collection_id = '142' /// 
2007-08-03T14:41:59-05:00 : SELECT * FROM search_table WHERE value_text like '%house%' AND collection_id = '143' /// 
2007-08-03T14:41:59-05:00 : SELECT * FROM search_table WHERE value_text like '%house%' AND collection_id = '144' /// 
2007-08-03T14:41:59-05:00 : SELECT * FROM search_table WHERE value_text like '%house%' AND collection_id = '145' /// 
2007-08-03T14:41:59-05:00 : SELECT * FROM search_table WHERE value_text like '%house%' AND collection_id = '146' /// 
2007-08-03T14:41:59-05:00 : SELECT * FROM search_table WHERE value_text like '%house%' AND collection_id = '147' /// 
2007-08-03T14:41:59-05:00 : SELECT * FROM search_table WHERE value_text like '%house%' AND collection_id = '148' /// 
2007-08-03T14:41:59-05:00 : SELECT * FROM search_table WHERE value_text like '%house%' AND collection_id = '149' /// 
2007-08-03T14:41:59-05:00 : SELECT * FROM search_table WHERE value_text like '%house%' AND collection_id = '151' /// 
2007-08-03T14:41:59-05:00 : SELECT * FROM search_table WHERE value_text like '%house%' AND collection_id = '152' /// 
2007-08-03T14:41:59-05:00 : SELECT * FROM search_table WHERE value_text like '%house%' AND collection_id = '153' /// 
2007-08-03T14:41:59-05:00 : SELECT * FROM search_table WHERE value_text like '%house%' AND collection_id = '61' /// 
2007-08-03T14:41:59-05:00 : SELECT * FROM search_table WHERE value_text like '%house%' AND collection_id = '105' /// 
2007-08-03T14:41:59-05:00 : SELECT * FROM search_table WHERE value_text like '%house%' AND collection_id = '103' /// 
2007-08-03T14:41:59-05:00 : SELECT * FROM search_table WHERE value_text like '%house%' AND collection_id = '154' /// 
2007-08-03T14:41:59-05:00 : SELECT * FROM search_table WHERE value_text like '%house%' AND collection_id = '150' /// 
2007-08-03T14:43:45-05:00 : SELECT * FROM search_table WHERE value_text like '%out%' AND collection_id = '87' /// 
2007-08-03T14:43:45-05:00 : SELECT * FROM search_table WHERE value_text like '%out%' AND collection_id = '104' /// 
2007-08-03T14:43:45-05:00 : SELECT * FROM search_table WHERE value_text like '%out%' AND collection_id = '124' /// 
2007-08-03T14:43:45-05:00 : SELECT * FROM search_table WHERE value_text like '%out%' AND collection_id = '16' /// 
2007-08-03T14:43:46-05:00 : SELECT * FROM search_table WHERE value_text like '%out%' AND collection_id = '12' /// 
2007-08-03T14:43:46-05:00 : SELECT * FROM search_table WHERE value_text like '%out%' AND collection_id = '21' /// 
2007-08-03T14:43:46-05:00 : SELECT * FROM search_table WHERE value_text like '%out%' AND collection_id = '22' /// 
2007-08-03T14:43:46-05:00 : SELECT * FROM search_table WHERE value_text like '%out%' AND collection_id = '3' /// 
2007-08-03T14:43:46-05:00 : SELECT * FROM search_table WHERE value_text like '%out%' AND collection_id = '2' /// 
2007-08-03T14:43:46-05:00 : SELECT * FROM search_table WHERE value_text like '%out%' AND collection_id = '10' /// 
2007-08-03T14:43:46-05:00 : SELECT * FROM search_table WHERE value_text like '%out%' AND collection_id = '11' /// 
2007-08-03T14:43:46-05:00 : SELECT * FROM search_table WHERE value_text like '%out%' AND collection_id = '19' /// 
2007-08-03T14:43:46-05:00 : SELECT * FROM search_table WHERE value_text like '%out%' AND collection_id = '1' /// 
2007-08-03T14:43:46-05:00 : SELECT * FROM search_table WHERE value_text like '%out%' AND collection_id = '24' /// 
2007-08-03T14:43:46-05:00 : SELECT * FROM search_table WHERE value_text like '%out%' AND collection_id = '26' /// 
2007-08-03T14:43:46-05:00 : SELECT * FROM search_table WHERE value_text like '%out%' AND collection_id = '8' /// 
2007-08-03T14:43:46-05:00 : SELECT * FROM search_table WHERE value_text like '%out%' AND collection_id = '17' /// 
2007-08-03T14:43:46-05:00 : SELECT * FROM search_table WHERE value_text like '%out%' AND collection_id = '9' /// 
2007-08-03T14:43:46-05:00 : SELECT * FROM search_table WHERE value_text like '%out%' AND collection_id = '7' /// 
2007-08-03T14:43:46-05:00 : SELECT * FROM search_table WHERE value_text like '%out%' AND collection_id = '109' /// 
2007-08-03T14:43:46-05:00 : SELECT * FROM search_table WHERE value_text like '%out%' AND collection_id = '29' /// 
2007-08-03T14:43:46-05:00 : SELECT * FROM search_table WHERE value_text like '%out%' AND collection_id = '14' /// 
2007-08-03T14:43:46-05:00 : SELECT * FROM search_table WHERE value_text like '%out%' AND collection_id = '6' /// 
2007-08-03T14:43:46-05:00 : SELECT * FROM search_table WHERE value_text like '%out%' AND collection_id = '117' /// 
2007-08-03T14:43:46-05:00 : SELECT * FROM search_table WHERE value_text like '%out%' AND collection_id = '18' /// 
2007-08-03T14:43:46-05:00 : SELECT * FROM search_table WHERE value_text like '%out%' AND collection_id = '121' /// 
2007-08-03T14:43:46-05:00 : SELECT * FROM search_table WHERE value_text like '%out%' AND collection_id = '57' /// 
2007-08-03T14:43:46-05:00 : SELECT * FROM search_table WHERE value_text like '%out%' AND collection_id = '5' /// 
2007-08-03T14:43:46-05:00 : SELECT * FROM search_table WHERE value_text like '%out%' AND collection_id = '52' /// 
2007-08-03T14:43:46-05:00 : SELECT * FROM search_table WHERE value_text like '%out%' AND collection_id = '54' /// 
2007-08-03T14:43:46-05:00 : SELECT * FROM search_table WHERE value_text like '%out%' AND collection_id = '58' /// 
2007-08-03T14:43:46-05:00 : SELECT * FROM search_table WHERE value_text like '%out%' AND collection_id = '55' /// 
2007-08-03T14:43:46-05:00 : SELECT * FROM search_table WHERE value_text like '%out%' AND collection_id = '15' /// 
2007-08-03T14:43:47-05:00 : SELECT * FROM search_table WHERE value_text like '%out%' AND collection_id = '106' /// 
2007-08-03T14:43:47-05:00 : SELECT * FROM search_table WHERE value_text like '%out%' AND collection_id = '110' /// 
2007-08-03T14:43:47-05:00 : SELECT * FROM search_table WHERE value_text like '%out%' AND collection_id = '62' /// 
2007-08-03T14:43:47-05:00 : SELECT * FROM search_table WHERE value_text like '%out%' AND collection_id = '59' /// 
2007-08-03T14:43:47-05:00 : SELECT * FROM search_table WHERE value_text like '%out%' AND collection_id = '63' /// 
2007-08-03T14:43:48-05:00 : SELECT * FROM search_table WHERE value_text like '%out%' AND collection_id = '60' /// 
2007-08-03T14:43:48-05:00 : SELECT * FROM search_table WHERE value_text like '%out%' AND collection_id = '23' /// 
2007-08-03T14:43:48-05:00 : SELECT * FROM search_table WHERE value_text like '%out%' AND collection_id = '114' /// 
2007-08-03T14:43:48-05:00 : SELECT * FROM search_table WHERE value_text like '%out%' AND collection_id = '64' /// 
2007-08-03T14:43:48-05:00 : SELECT * FROM search_table WHERE value_text like '%out%' AND collection_id = '118' /// 
2007-08-03T14:43:48-05:00 : SELECT * FROM search_table WHERE value_text like '%out%' AND collection_id = '53' /// 
2007-08-03T14:43:48-05:00 : SELECT * FROM search_table WHERE value_text like '%out%' AND collection_id = '66' /// 
2007-08-03T14:43:48-05:00 : SELECT * FROM search_table WHERE value_text like '%out%' AND collection_id = '67' /// 
2007-08-03T14:43:48-05:00 : SELECT * FROM search_table WHERE value_text like '%out%' AND collection_id = '122' /// 
2007-08-03T14:43:48-05:00 : SELECT * FROM search_table WHERE value_text like '%out%' AND collection_id = '70' /// 
2007-08-03T14:43:48-05:00 : SELECT * FROM search_table WHERE value_text like '%out%' AND collection_id = '71' /// 
2007-08-03T14:43:48-05:00 : SELECT * FROM search_table WHERE value_text like '%out%' AND collection_id = '72' /// 
2007-08-03T14:43:48-05:00 : SELECT * FROM search_table WHERE value_text like '%out%' AND collection_id = '102' /// 
2007-08-03T14:43:48-05:00 : SELECT * FROM search_table WHERE value_text like '%out%' AND collection_id = '82' /// 
2007-08-03T14:43:48-05:00 : SELECT * FROM search_table WHERE value_text like '%out%' AND collection_id = '111' /// 
2007-08-03T14:43:48-05:00 : SELECT * FROM search_table WHERE value_text like '%out%' AND collection_id = '115' /// 
2007-08-03T14:43:48-05:00 : SELECT * FROM search_table WHERE value_text like '%out%' AND collection_id = '56' /// 
2007-08-03T14:43:48-05:00 : SELECT * FROM search_table WHERE value_text like '%out%' AND collection_id = '123' /// 
2007-08-03T14:43:48-05:00 : SELECT * FROM search_table WHERE value_text like '%out%' AND collection_id = '125' /// 
2007-08-03T14:43:48-05:00 : SELECT * FROM search_table WHERE value_text like '%out%' AND collection_id = '128' /// 
2007-08-03T14:43:48-05:00 : SELECT * FROM search_table WHERE value_text like '%out%' AND collection_id = '130' /// 
2007-08-03T14:43:48-05:00 : SELECT * FROM search_table WHERE value_text like '%out%' AND collection_id = '131' /// 
2007-08-03T14:43:48-05:00 : SELECT * FROM search_table WHERE value_text like '%out%' AND collection_id = '132' /// 
2007-08-03T14:43:48-05:00 : SELECT * FROM search_table WHERE value_text like '%out%' AND collection_id = '134' /// 
2007-08-03T14:43:48-05:00 : SELECT * FROM search_table WHERE value_text like '%out%' AND collection_id = '135' /// 
2007-08-03T14:43:48-05:00 : SELECT * FROM search_table WHERE value_text like '%out%' AND collection_id = '136' /// 
2007-08-03T14:43:48-05:00 : SELECT * FROM search_table WHERE value_text like '%out%' AND collection_id = '137' /// 
2007-08-03T14:43:48-05:00 : SELECT * FROM search_table WHERE value_text like '%out%' AND collection_id = '139' /// 
2007-08-03T14:43:48-05:00 : SELECT * FROM search_table WHERE value_text like '%out%' AND collection_id = '138' /// 
2007-08-03T14:43:48-05:00 : SELECT * FROM search_table WHERE value_text like '%out%' AND collection_id = '141' /// 
2007-08-03T14:43:48-05:00 : SELECT * FROM search_table WHERE value_text like '%out%' AND collection_id = '140' /// 
2007-08-03T14:43:48-05:00 : SELECT * FROM search_table WHERE value_text like '%out%' AND collection_id = '142' /// 
2007-08-03T14:43:48-05:00 : SELECT * FROM search_table WHERE value_text like '%out%' AND collection_id = '143' /// 
2007-08-03T14:43:48-05:00 : SELECT * FROM search_table WHERE value_text like '%out%' AND collection_id = '144' /// 
2007-08-03T14:43:48-05:00 : SELECT * FROM search_table WHERE value_text like '%out%' AND collection_id = '145' /// 
2007-08-03T14:43:48-05:00 : SELECT * FROM search_table WHERE value_text like '%out%' AND collection_id = '146' /// 
2007-08-03T14:43:48-05:00 : SELECT * FROM search_table WHERE value_text like '%out%' AND collection_id = '147' /// 
2007-08-03T14:43:48-05:00 : SELECT * FROM search_table WHERE value_text like '%out%' AND collection_id = '148' /// 
2007-08-03T14:43:48-05:00 : SELECT * FROM search_table WHERE value_text like '%out%' AND collection_id = '149' /// 
2007-08-03T14:43:48-05:00 : SELECT * FROM search_table WHERE value_text like '%out%' AND collection_id = '151' /// 
2007-08-03T14:43:48-05:00 : SELECT * FROM search_table WHERE value_text like '%out%' AND collection_id = '152' /// 
2007-08-03T14:43:48-05:00 : SELECT * FROM search_table WHERE value_text like '%out%' AND collection_id = '153' /// 
2007-08-03T14:43:48-05:00 : SELECT * FROM search_table WHERE value_text like '%out%' AND collection_id = '61' /// 
2007-08-03T14:43:48-05:00 : SELECT * FROM search_table WHERE value_text like '%out%' AND collection_id = '105' /// 
2007-08-03T14:43:48-05:00 : SELECT * FROM search_table WHERE value_text like '%out%' AND collection_id = '103' /// 
2007-08-03T14:43:48-05:00 : SELECT * FROM search_table WHERE value_text like '%out%' AND collection_id = '154' /// 
2007-08-03T14:43:48-05:00 : SELECT * FROM search_table WHERE value_text like '%out%' AND collection_id = '150' /// 
2007-08-03T14:43:52-05:00 : SELECT * FROM search_table WHERE value_text like '%india%' AND collection_id = '87' /// 
2007-08-03T14:43:52-05:00 : SELECT * FROM search_table WHERE value_text like '%india%' AND collection_id = '104' /// 
2007-08-03T14:43:52-05:00 : SELECT * FROM search_table WHERE value_text like '%india%' AND collection_id = '124' /// 
2007-08-03T14:43:52-05:00 : SELECT * FROM search_table WHERE value_text like '%india%' AND collection_id = '16' /// 
2007-08-03T14:43:52-05:00 : SELECT * FROM search_table WHERE value_text like '%india%' AND collection_id = '12' /// 
2007-08-03T14:43:52-05:00 : SELECT * FROM search_table WHERE value_text like '%india%' AND collection_id = '21' /// 
2007-08-03T14:43:52-05:00 : SELECT * FROM search_table WHERE value_text like '%india%' AND collection_id = '22' /// 
2007-08-03T14:43:52-05:00 : SELECT * FROM search_table WHERE value_text like '%india%' AND collection_id = '3' /// 
2007-08-03T14:43:52-05:00 : SELECT * FROM search_table WHERE value_text like '%india%' AND collection_id = '2' /// 
2007-08-03T14:43:52-05:00 : SELECT * FROM search_table WHERE value_text like '%india%' AND collection_id = '10' /// 
2007-08-03T14:43:52-05:00 : SELECT * FROM search_table WHERE value_text like '%india%' AND collection_id = '11' /// 
2007-08-03T14:43:53-05:00 : SELECT * FROM search_table WHERE value_text like '%india%' AND collection_id = '19' /// 
2007-08-03T14:43:53-05:00 : SELECT * FROM search_table WHERE value_text like '%india%' AND collection_id = '1' /// 
2007-08-03T14:43:53-05:00 : SELECT * FROM search_table WHERE value_text like '%india%' AND collection_id = '24' /// 
2007-08-03T14:43:53-05:00 : SELECT * FROM search_table WHERE value_text like '%india%' AND collection_id = '26' /// 
2007-08-03T14:43:53-05:00 : SELECT * FROM search_table WHERE value_text like '%india%' AND collection_id = '8' /// 
2007-08-03T14:43:53-05:00 : SELECT * FROM search_table WHERE value_text like '%india%' AND collection_id = '17' /// 
2007-08-03T14:43:53-05:00 : SELECT * FROM search_table WHERE value_text like '%india%' AND collection_id = '9' /// 
2007-08-03T14:43:53-05:00 : SELECT * FROM search_table WHERE value_text like '%india%' AND collection_id = '7' /// 
2007-08-03T14:43:53-05:00 : SELECT * FROM search_table WHERE value_text like '%india%' AND collection_id = '109' /// 
2007-08-03T14:43:53-05:00 : SELECT * FROM search_table WHERE value_text like '%india%' AND collection_id = '29' /// 
2007-08-03T14:43:53-05:00 : SELECT * FROM search_table WHERE value_text like '%india%' AND collection_id = '14' /// 
2007-08-03T14:43:53-05:00 : SELECT * FROM search_table WHERE value_text like '%india%' AND collection_id = '6' /// 
2007-08-03T14:43:53-05:00 : SELECT * FROM search_table WHERE value_text like '%india%' AND collection_id = '117' /// 
2007-08-03T14:43:53-05:00 : SELECT * FROM search_table WHERE value_text like '%india%' AND collection_id = '18' /// 
2007-08-03T14:43:53-05:00 : SELECT * FROM search_table WHERE value_text like '%india%' AND collection_id = '121' /// 
2007-08-03T14:43:53-05:00 : SELECT * FROM search_table WHERE value_text like '%india%' AND collection_id = '57' /// 
2007-08-03T14:43:53-05:00 : SELECT * FROM search_table WHERE value_text like '%india%' AND collection_id = '5' /// 
2007-08-03T14:43:53-05:00 : SELECT * FROM search_table WHERE value_text like '%india%' AND collection_id = '52' /// 
2007-08-03T14:43:53-05:00 : SELECT * FROM search_table WHERE value_text like '%india%' AND collection_id = '54' /// 
2007-08-03T14:43:53-05:00 : SELECT * FROM search_table WHERE value_text like '%india%' AND collection_id = '58' /// 
2007-08-03T14:43:53-05:00 : SELECT * FROM search_table WHERE value_text like '%india%' AND collection_id = '55' /// 
2007-08-03T14:43:53-05:00 : SELECT * FROM search_table WHERE value_text like '%india%' AND collection_id = '15' /// 
2007-08-03T14:43:53-05:00 : SELECT * FROM search_table WHERE value_text like '%india%' AND collection_id = '106' /// 
2007-08-03T14:43:53-05:00 : SELECT * FROM search_table WHERE value_text like '%india%' AND collection_id = '110' /// 
2007-08-03T14:43:53-05:00 : SELECT * FROM search_table WHERE value_text like '%india%' AND collection_id = '62' /// 
2007-08-03T14:43:53-05:00 : SELECT * FROM search_table WHERE value_text like '%india%' AND collection_id = '59' /// 
2007-08-03T14:43:54-05:00 : SELECT * FROM search_table WHERE value_text like '%india%' AND collection_id = '63' /// 
2007-08-03T14:43:54-05:00 : SELECT * FROM search_table WHERE value_text like '%india%' AND collection_id = '60' /// 
2007-08-03T14:43:54-05:00 : SELECT * FROM search_table WHERE value_text like '%india%' AND collection_id = '23' /// 
2007-08-03T14:43:54-05:00 : SELECT * FROM search_table WHERE value_text like '%india%' AND collection_id = '114' /// 
2007-08-03T14:43:54-05:00 : SELECT * FROM search_table WHERE value_text like '%india%' AND collection_id = '64' /// 
2007-08-03T14:43:54-05:00 : SELECT * FROM search_table WHERE value_text like '%india%' AND collection_id = '118' /// 
2007-08-03T14:43:54-05:00 : SELECT * FROM search_table WHERE value_text like '%india%' AND collection_id = '53' /// 
2007-08-03T14:43:54-05:00 : SELECT * FROM search_table WHERE value_text like '%india%' AND collection_id = '66' /// 
2007-08-03T14:43:54-05:00 : SELECT * FROM search_table WHERE value_text like '%india%' AND collection_id = '67' /// 
2007-08-03T14:43:54-05:00 : SELECT * FROM search_table WHERE value_text like '%india%' AND collection_id = '122' /// 
2007-08-03T14:43:54-05:00 : SELECT * FROM search_table WHERE value_text like '%india%' AND collection_id = '70' /// 
2007-08-03T14:43:54-05:00 : SELECT * FROM search_table WHERE value_text like '%india%' AND collection_id = '71' /// 
2007-08-03T14:43:54-05:00 : SELECT * FROM search_table WHERE value_text like '%india%' AND collection_id = '72' /// 
2007-08-03T14:43:54-05:00 : SELECT * FROM search_table WHERE value_text like '%india%' AND collection_id = '102' /// 
2007-08-03T14:43:54-05:00 : SELECT * FROM search_table WHERE value_text like '%india%' AND collection_id = '82' /// 
2007-08-03T14:43:55-05:00 : SELECT * FROM search_table WHERE value_text like '%india%' AND collection_id = '111' /// 
2007-08-03T14:43:55-05:00 : SELECT * FROM search_table WHERE value_text like '%india%' AND collection_id = '115' /// 
2007-08-03T14:43:55-05:00 : SELECT * FROM search_table WHERE value_text like '%india%' AND collection_id = '56' /// 
2007-08-03T14:43:55-05:00 : SELECT * FROM search_table WHERE value_text like '%india%' AND collection_id = '123' /// 
2007-08-03T14:43:55-05:00 : SELECT * FROM search_table WHERE value_text like '%india%' AND collection_id = '125' /// 
2007-08-03T14:43:55-05:00 : SELECT * FROM search_table WHERE value_text like '%india%' AND collection_id = '128' /// 
2007-08-03T14:43:55-05:00 : SELECT * FROM search_table WHERE value_text like '%india%' AND collection_id = '130' /// 
2007-08-03T14:43:55-05:00 : SELECT * FROM search_table WHERE value_text like '%india%' AND collection_id = '131' /// 
2007-08-03T14:43:55-05:00 : SELECT * FROM search_table WHERE value_text like '%india%' AND collection_id = '132' /// 
2007-08-03T14:43:55-05:00 : SELECT * FROM search_table WHERE value_text like '%india%' AND collection_id = '134' /// 
2007-08-03T14:43:55-05:00 : SELECT * FROM search_table WHERE value_text like '%india%' AND collection_id = '135' /// 
2007-08-03T14:43:55-05:00 : SELECT * FROM search_table WHERE value_text like '%india%' AND collection_id = '136' /// 
2007-08-03T14:43:55-05:00 : SELECT * FROM search_table WHERE value_text like '%india%' AND collection_id = '137' /// 
2007-08-03T14:43:55-05:00 : SELECT * FROM search_table WHERE value_text like '%india%' AND collection_id = '139' /// 
2007-08-03T14:43:55-05:00 : SELECT * FROM search_table WHERE value_text like '%india%' AND collection_id = '138' /// 
2007-08-03T14:43:55-05:00 : SELECT * FROM search_table WHERE value_text like '%india%' AND collection_id = '141' /// 
2007-08-03T14:43:55-05:00 : SELECT * FROM search_table WHERE value_text like '%india%' AND collection_id = '140' /// 
2007-08-03T14:43:55-05:00 : SELECT * FROM search_table WHERE value_text like '%india%' AND collection_id = '142' /// 
2007-08-03T14:43:55-05:00 : SELECT * FROM search_table WHERE value_text like '%india%' AND collection_id = '143' /// 
2007-08-03T14:43:55-05:00 : SELECT * FROM search_table WHERE value_text like '%india%' AND collection_id = '144' /// 
2007-08-03T14:43:55-05:00 : SELECT * FROM search_table WHERE value_text like '%india%' AND collection_id = '145' /// 
2007-08-03T14:43:55-05:00 : SELECT * FROM search_table WHERE value_text like '%india%' AND collection_id = '146' /// 
2007-08-03T14:43:55-05:00 : SELECT * FROM search_table WHERE value_text like '%india%' AND collection_id = '147' /// 
2007-08-03T14:43:55-05:00 : SELECT * FROM search_table WHERE value_text like '%india%' AND collection_id = '148' /// 
2007-08-03T14:43:55-05:00 : SELECT * FROM search_table WHERE value_text like '%india%' AND collection_id = '149' /// 
2007-08-03T14:43:55-05:00 : SELECT * FROM search_table WHERE value_text like '%india%' AND collection_id = '151' /// 
2007-08-03T14:43:55-05:00 : SELECT * FROM search_table WHERE value_text like '%india%' AND collection_id = '152' /// 
2007-08-03T14:43:55-05:00 : SELECT * FROM search_table WHERE value_text like '%india%' AND collection_id = '153' /// 
2007-08-03T14:43:55-05:00 : SELECT * FROM search_table WHERE value_text like '%india%' AND collection_id = '61' /// 
2007-08-03T14:43:55-05:00 : SELECT * FROM search_table WHERE value_text like '%india%' AND collection_id = '105' /// 
2007-08-03T14:43:55-05:00 : SELECT * FROM search_table WHERE value_text like '%india%' AND collection_id = '103' /// 
2007-08-03T14:43:55-05:00 : SELECT * FROM search_table WHERE value_text like '%india%' AND collection_id = '154' /// 
2007-08-03T14:43:55-05:00 : SELECT * FROM search_table WHERE value_text like '%india%' AND collection_id = '150' /// 
2007-08-03T14:43:57-05:00 : SELECT * FROM search_table WHERE value_text like '%i%' AND collection_id = '87' /// 
2007-08-03T14:43:57-05:00 : SELECT * FROM search_table WHERE value_text like '%i%' AND collection_id = '104' /// 
2007-08-03T14:43:57-05:00 : SELECT * FROM search_table WHERE value_text like '%i%' AND collection_id = '124' /// 
2007-08-03T14:43:57-05:00 : SELECT * FROM search_table WHERE value_text like '%i%' AND collection_id = '16' /// 
2007-08-03T14:43:58-05:00 : SELECT * FROM search_table WHERE value_text like '%i%' AND collection_id = '12' /// 
2007-08-03T14:43:58-05:00 : SELECT * FROM search_table WHERE value_text like '%i%' AND collection_id = '21' /// 
2007-08-03T14:43:58-05:00 : SELECT * FROM search_table WHERE value_text like '%i%' AND collection_id = '22' /// 
2007-08-03T14:43:58-05:00 : SELECT * FROM search_table WHERE value_text like '%i%' AND collection_id = '3' /// 
2007-08-03T14:43:58-05:00 : SELECT * FROM search_table WHERE value_text like '%i%' AND collection_id = '2' /// 
2007-08-03T14:43:58-05:00 : SELECT * FROM search_table WHERE value_text like '%i%' AND collection_id = '10' /// 
2007-08-03T14:43:58-05:00 : SELECT * FROM search_table WHERE value_text like '%i%' AND collection_id = '11' /// 
2007-08-03T14:43:58-05:00 : SELECT * FROM search_table WHERE value_text like '%i%' AND collection_id = '19' /// 
2007-08-03T14:43:58-05:00 : SELECT * FROM search_table WHERE value_text like '%i%' AND collection_id = '1' /// 
2007-08-03T14:43:58-05:00 : SELECT * FROM search_table WHERE value_text like '%i%' AND collection_id = '24' /// 
2007-08-03T14:43:58-05:00 : SELECT * FROM search_table WHERE value_text like '%i%' AND collection_id = '26' /// 
2007-08-03T14:43:58-05:00 : SELECT * FROM search_table WHERE value_text like '%i%' AND collection_id = '8' /// 
2007-08-03T14:43:58-05:00 : SELECT * FROM search_table WHERE value_text like '%i%' AND collection_id = '17' /// 
2007-08-03T14:43:59-05:00 : SELECT * FROM search_table WHERE value_text like '%i%' AND collection_id = '9' /// 
2007-08-03T14:43:59-05:00 : SELECT * FROM search_table WHERE value_text like '%i%' AND collection_id = '7' /// 
2007-08-03T14:43:59-05:00 : SELECT * FROM search_table WHERE value_text like '%i%' AND collection_id = '109' /// 
2007-08-03T14:43:59-05:00 : SELECT * FROM search_table WHERE value_text like '%i%' AND collection_id = '29' /// 
2007-08-03T14:43:59-05:00 : SELECT * FROM search_table WHERE value_text like '%i%' AND collection_id = '14' /// 
2007-08-03T14:43:59-05:00 : SELECT * FROM search_table WHERE value_text like '%i%' AND collection_id = '6' /// 
2007-08-03T14:43:59-05:00 : SELECT * FROM search_table WHERE value_text like '%i%' AND collection_id = '117' /// 
2007-08-03T14:43:59-05:00 : SELECT * FROM search_table WHERE value_text like '%i%' AND collection_id = '18' /// 
2007-08-03T14:43:59-05:00 : SELECT * FROM search_table WHERE value_text like '%i%' AND collection_id = '121' /// 
2007-08-03T14:43:59-05:00 : SELECT * FROM search_table WHERE value_text like '%i%' AND collection_id = '57' /// 
2007-08-03T14:43:59-05:00 : SELECT * FROM search_table WHERE value_text like '%i%' AND collection_id = '5' /// 
2007-08-03T14:43:59-05:00 : SELECT * FROM search_table WHERE value_text like '%i%' AND collection_id = '52' /// 
2007-08-03T14:43:59-05:00 : SELECT * FROM search_table WHERE value_text like '%i%' AND collection_id = '54' /// 
2007-08-03T14:43:59-05:00 : SELECT * FROM search_table WHERE value_text like '%i%' AND collection_id = '58' /// 
2007-08-03T14:43:59-05:00 : SELECT * FROM search_table WHERE value_text like '%i%' AND collection_id = '55' /// 
2007-08-03T14:43:59-05:00 : SELECT * FROM search_table WHERE value_text like '%i%' AND collection_id = '15' /// 
2007-08-03T14:43:59-05:00 : SELECT * FROM search_table WHERE value_text like '%i%' AND collection_id = '106' /// 
2007-08-03T14:43:59-05:00 : SELECT * FROM search_table WHERE value_text like '%i%' AND collection_id = '110' /// 
2007-08-03T14:43:59-05:00 : SELECT * FROM search_table WHERE value_text like '%i%' AND collection_id = '62' /// 
2007-08-03T14:43:59-05:00 : SELECT * FROM search_table WHERE value_text like '%i%' AND collection_id = '59' /// 
2007-08-03T14:44:02-05:00 : SELECT * FROM search_table WHERE value_text like '%i%' AND collection_id = '63' /// 
2007-08-03T14:44:02-05:00 : SELECT * FROM search_table WHERE value_text like '%i%' AND collection_id = '60' /// 
2007-08-03T14:44:03-05:00 : SELECT * FROM search_table WHERE value_text like '%i%' AND collection_id = '23' /// 
2007-08-03T14:44:03-05:00 : SELECT * FROM search_table WHERE value_text like '%i%' AND collection_id = '114' /// 
2007-08-03T14:44:03-05:00 : SELECT * FROM search_table WHERE value_text like '%i%' AND collection_id = '64' /// 
2007-08-03T14:44:03-05:00 : SELECT * FROM search_table WHERE value_text like '%i%' AND collection_id = '118' /// 
2007-08-03T14:44:03-05:00 : SELECT * FROM search_table WHERE value_text like '%i%' AND collection_id = '53' /// 
2007-08-03T14:44:03-05:00 : SELECT * FROM search_table WHERE value_text like '%i%' AND collection_id = '66' /// 
2007-08-03T14:44:03-05:00 : SELECT * FROM search_table WHERE value_text like '%i%' AND collection_id = '67' /// 
2007-08-03T14:44:03-05:00 : SELECT * FROM search_table WHERE value_text like '%i%' AND collection_id = '122' /// 
2007-08-03T14:44:03-05:00 : SELECT * FROM search_table WHERE value_text like '%i%' AND collection_id = '70' /// 
2007-08-03T14:44:03-05:00 : SELECT * FROM search_table WHERE value_text like '%i%' AND collection_id = '71' /// 
2007-08-03T14:44:03-05:00 : SELECT * FROM search_table WHERE value_text like '%i%' AND collection_id = '72' /// 
2007-08-03T14:44:03-05:00 : SELECT * FROM search_table WHERE value_text like '%i%' AND collection_id = '102' /// 
2007-08-03T14:44:03-05:00 : SELECT * FROM search_table WHERE value_text like '%i%' AND collection_id = '82' /// 
2007-08-03T14:44:03-05:00 : SELECT * FROM search_table WHERE value_text like '%i%' AND collection_id = '111' /// 
2007-08-03T14:44:03-05:00 : SELECT * FROM search_table WHERE value_text like '%i%' AND collection_id = '115' /// 
2007-08-03T14:44:03-05:00 : SELECT * FROM search_table WHERE value_text like '%i%' AND collection_id = '56' /// 
2007-08-03T14:44:03-05:00 : SELECT * FROM search_table WHERE value_text like '%i%' AND collection_id = '123' /// 
2007-08-03T14:44:03-05:00 : SELECT * FROM search_table WHERE value_text like '%i%' AND collection_id = '125' /// 
2007-08-03T14:44:03-05:00 : SELECT * FROM search_table WHERE value_text like '%i%' AND collection_id = '128' /// 
2007-08-03T14:44:03-05:00 : SELECT * FROM search_table WHERE value_text like '%i%' AND collection_id = '130' /// 
2007-08-03T14:44:04-05:00 : SELECT * FROM search_table WHERE value_text like '%i%' AND collection_id = '131' /// 
2007-08-03T14:44:04-05:00 : SELECT * FROM search_table WHERE value_text like '%i%' AND collection_id = '132' /// 
2007-08-03T14:44:04-05:00 : SELECT * FROM search_table WHERE value_text like '%i%' AND collection_id = '134' /// 
2007-08-03T14:44:04-05:00 : SELECT * FROM search_table WHERE value_text like '%i%' AND collection_id = '135' /// 
2007-08-03T14:44:04-05:00 : SELECT * FROM search_table WHERE value_text like '%i%' AND collection_id = '136' /// 
2007-08-03T14:44:04-05:00 : SELECT * FROM search_table WHERE value_text like '%i%' AND collection_id = '137' /// 
2007-08-03T14:44:04-05:00 : SELECT * FROM search_table WHERE value_text like '%i%' AND collection_id = '139' /// 
2007-08-03T14:44:04-05:00 : SELECT * FROM search_table WHERE value_text like '%i%' AND collection_id = '138' /// 
2007-08-03T14:44:04-05:00 : SELECT * FROM search_table WHERE value_text like '%i%' AND collection_id = '141' /// 
2007-08-03T14:44:04-05:00 : SELECT * FROM search_table WHERE value_text like '%i%' AND collection_id = '140' /// 
2007-08-03T14:44:04-05:00 : SELECT * FROM search_table WHERE value_text like '%i%' AND collection_id = '142' /// 
2007-08-03T14:44:04-05:00 : SELECT * FROM search_table WHERE value_text like '%i%' AND collection_id = '143' /// 
2007-08-03T14:44:04-05:00 : SELECT * FROM search_table WHERE value_text like '%i%' AND collection_id = '144' /// 
2007-08-03T14:44:04-05:00 : SELECT * FROM search_table WHERE value_text like '%i%' AND collection_id = '145' /// 
2007-08-03T14:44:04-05:00 : SELECT * FROM search_table WHERE value_text like '%i%' AND collection_id = '146' /// 
2007-08-03T14:44:04-05:00 : SELECT * FROM search_table WHERE value_text like '%i%' AND collection_id = '147' /// 
2007-08-03T14:44:04-05:00 : SELECT * FROM search_table WHERE value_text like '%i%' AND collection_id = '148' /// 
2007-08-03T14:44:04-05:00 : SELECT * FROM search_table WHERE value_text like '%i%' AND collection_id = '149' /// 
2007-08-03T14:44:04-05:00 : SELECT * FROM search_table WHERE value_text like '%i%' AND collection_id = '151' /// 
2007-08-03T14:44:04-05:00 : SELECT * FROM search_table WHERE value_text like '%i%' AND collection_id = '152' /// 
2007-08-03T14:44:04-05:00 : SELECT * FROM search_table WHERE value_text like '%i%' AND collection_id = '153' /// 
2007-08-03T14:44:04-05:00 : SELECT * FROM search_table WHERE value_text like '%i%' AND collection_id = '61' /// 
2007-08-03T14:44:04-05:00 : SELECT * FROM search_table WHERE value_text like '%i%' AND collection_id = '105' /// 
2007-08-03T14:44:04-05:00 : SELECT * FROM search_table WHERE value_text like '%i%' AND collection_id = '103' /// 
2007-08-03T14:44:04-05:00 : SELECT * FROM search_table WHERE value_text like '%i%' AND collection_id = '154' /// 
2007-08-03T14:44:04-05:00 : SELECT * FROM search_table WHERE value_text like '%i%' AND collection_id = '150' /// 
2007-08-03T14:44:08-05:00 : SELECT * FROM search_table WHERE value_text like '%i%' AND collection_id = '87' /// 
2007-08-03T14:44:08-05:00 : SELECT * FROM search_table WHERE value_text like '%i%' AND collection_id = '104' /// 
2007-08-03T14:44:08-05:00 : SELECT * FROM search_table WHERE value_text like '%i%' AND collection_id = '124' /// 
2007-08-03T14:44:08-05:00 : SELECT * FROM search_table WHERE value_text like '%i%' AND collection_id = '16' /// 
2007-08-03T14:44:09-05:00 : SELECT * FROM search_table WHERE value_text like '%i%' AND collection_id = '12' /// 
2007-08-03T14:44:09-05:00 : SELECT * FROM search_table WHERE value_text like '%i%' AND collection_id = '21' /// 
2007-08-03T14:44:09-05:00 : SELECT * FROM search_table WHERE value_text like '%i%' AND collection_id = '22' /// 
2007-08-03T14:44:09-05:00 : SELECT * FROM search_table WHERE value_text like '%i%' AND collection_id = '3' /// 
2007-08-03T14:44:09-05:00 : SELECT * FROM search_table WHERE value_text like '%i%' AND collection_id = '2' /// 
2007-08-03T14:44:09-05:00 : SELECT * FROM search_table WHERE value_text like '%i%' AND collection_id = '10' /// 
2007-08-03T14:44:09-05:00 : SELECT * FROM search_table WHERE value_text like '%i%' AND collection_id = '11' /// 
2007-08-03T14:44:09-05:00 : SELECT * FROM search_table WHERE value_text like '%i%' AND collection_id = '19' /// 
2007-08-03T14:44:09-05:00 : SELECT * FROM search_table WHERE value_text like '%i%' AND collection_id = '1' /// 
2007-08-03T14:44:09-05:00 : SELECT * FROM search_table WHERE value_text like '%i%' AND collection_id = '24' /// 
2007-08-03T14:44:09-05:00 : SELECT * FROM search_table WHERE value_text like '%i%' AND collection_id = '26' /// 
2007-08-03T14:44:09-05:00 : SELECT * FROM search_table WHERE value_text like '%i%' AND collection_id = '8' /// 
2007-08-03T14:44:09-05:00 : SELECT * FROM search_table WHERE value_text like '%i%' AND collection_id = '17' /// 
2007-08-03T14:44:10-05:00 : SELECT * FROM search_table WHERE value_text like '%i%' AND collection_id = '9' /// 
2007-08-03T14:44:10-05:00 : SELECT * FROM search_table WHERE value_text like '%i%' AND collection_id = '7' /// 
2007-08-03T14:44:10-05:00 : SELECT * FROM search_table WHERE value_text like '%i%' AND collection_id = '109' /// 
2007-08-03T14:44:10-05:00 : SELECT * FROM search_table WHERE value_text like '%i%' AND collection_id = '29' /// 
2007-08-03T14:44:10-05:00 : SELECT * FROM search_table WHERE value_text like '%i%' AND collection_id = '14' /// 
2007-08-03T14:44:10-05:00 : SELECT * FROM search_table WHERE value_text like '%i%' AND collection_id = '6' /// 
2007-08-03T14:44:10-05:00 : SELECT * FROM search_table WHERE value_text like '%i%' AND collection_id = '117' /// 
2007-08-03T14:44:10-05:00 : SELECT * FROM search_table WHERE value_text like '%i%' AND collection_id = '18' /// 
2007-08-03T14:44:10-05:00 : SELECT * FROM search_table WHERE value_text like '%i%' AND collection_id = '121' /// 
2007-08-03T14:44:10-05:00 : SELECT * FROM search_table WHERE value_text like '%i%' AND collection_id = '57' /// 
2007-08-03T14:44:10-05:00 : SELECT * FROM search_table WHERE value_text like '%i%' AND collection_id = '5' /// 
2007-08-03T14:44:10-05:00 : SELECT * FROM search_table WHERE value_text like '%i%' AND collection_id = '52' /// 
2007-08-03T14:44:10-05:00 : SELECT * FROM search_table WHERE value_text like '%i%' AND collection_id = '54' /// 
2007-08-03T14:44:10-05:00 : SELECT * FROM search_table WHERE value_text like '%i%' AND collection_id = '58' /// 
2007-08-03T14:44:10-05:00 : SELECT * FROM search_table WHERE value_text like '%i%' AND collection_id = '55' /// 
2007-08-03T14:44:10-05:00 : SELECT * FROM search_table WHERE value_text like '%i%' AND collection_id = '15' /// 
2007-08-03T14:44:10-05:00 : SELECT * FROM search_table WHERE value_text like '%i%' AND collection_id = '106' /// 
2007-08-03T14:44:10-05:00 : SELECT * FROM search_table WHERE value_text like '%i%' AND collection_id = '110' /// 
2007-08-03T14:44:10-05:00 : SELECT * FROM search_table WHERE value_text like '%i%' AND collection_id = '62' /// 
2007-08-03T14:44:10-05:00 : SELECT * FROM search_table WHERE value_text like '%i%' AND collection_id = '59' /// 
2007-08-03T14:44:13-05:00 : SELECT * FROM search_table WHERE value_text like '%i%' AND collection_id = '63' /// 
2007-08-03T14:44:13-05:00 : SELECT * FROM search_table WHERE value_text like '%i%' AND collection_id = '60' /// 
2007-08-03T14:44:13-05:00 : SELECT * FROM search_table WHERE value_text like '%i%' AND collection_id = '23' /// 
2007-08-03T14:44:13-05:00 : SELECT * FROM search_table WHERE value_text like '%i%' AND collection_id = '114' /// 
2007-08-03T14:44:13-05:00 : SELECT * FROM search_table WHERE value_text like '%i%' AND collection_id = '64' /// 
2007-08-03T14:44:13-05:00 : SELECT * FROM search_table WHERE value_text like '%i%' AND collection_id = '118' /// 
2007-08-03T14:44:13-05:00 : SELECT * FROM search_table WHERE value_text like '%i%' AND collection_id = '53' /// 
2007-08-03T14:44:13-05:00 : SELECT * FROM search_table WHERE value_text like '%i%' AND collection_id = '66' /// 
2007-08-03T14:44:14-05:00 : SELECT * FROM search_table WHERE value_text like '%i%' AND collection_id = '67' /// 
2007-08-03T14:44:14-05:00 : SELECT * FROM search_table WHERE value_text like '%i%' AND collection_id = '122' /// 
2007-08-03T14:44:14-05:00 : SELECT * FROM search_table WHERE value_text like '%i%' AND collection_id = '70' /// 
2007-08-03T14:44:14-05:00 : SELECT * FROM search_table WHERE value_text like '%i%' AND collection_id = '71' /// 
2007-08-03T14:44:14-05:00 : SELECT * FROM search_table WHERE value_text like '%i%' AND collection_id = '72' /// 
2007-08-03T14:44:14-05:00 : SELECT * FROM search_table WHERE value_text like '%i%' AND collection_id = '102' /// 
2007-08-03T14:44:14-05:00 : SELECT * FROM search_table WHERE value_text like '%i%' AND collection_id = '82' /// 
2007-08-03T14:44:14-05:00 : SELECT * FROM search_table WHERE value_text like '%i%' AND collection_id = '111' /// 
2007-08-03T14:44:14-05:00 : SELECT * FROM search_table WHERE value_text like '%i%' AND collection_id = '115' /// 
2007-08-03T14:44:14-05:00 : SELECT * FROM search_table WHERE value_text like '%i%' AND collection_id = '56' /// 
2007-08-03T14:44:14-05:00 : SELECT * FROM search_table WHERE value_text like '%i%' AND collection_id = '123' /// 
2007-08-03T14:44:14-05:00 : SELECT * FROM search_table WHERE value_text like '%i%' AND collection_id = '125' /// 
2007-08-03T14:44:14-05:00 : SELECT * FROM search_table WHERE value_text like '%i%' AND collection_id = '128' /// 
2007-08-03T14:44:14-05:00 : SELECT * FROM search_table WHERE value_text like '%i%' AND collection_id = '130' /// 
2007-08-03T14:44:14-05:00 : SELECT * FROM search_table WHERE value_text like '%i%' AND collection_id = '131' /// 
2007-08-03T14:44:14-05:00 : SELECT * FROM search_table WHERE value_text like '%i%' AND collection_id = '132' /// 
2007-08-03T14:44:14-05:00 : SELECT * FROM search_table WHERE value_text like '%i%' AND collection_id = '134' /// 
2007-08-03T14:44:14-05:00 : SELECT * FROM search_table WHERE value_text like '%i%' AND collection_id = '135' /// 
2007-08-03T14:44:14-05:00 : SELECT * FROM search_table WHERE value_text like '%i%' AND collection_id = '136' /// 
2007-08-03T14:44:14-05:00 : SELECT * FROM search_table WHERE value_text like '%i%' AND collection_id = '137' /// 
2007-08-03T14:44:14-05:00 : SELECT * FROM search_table WHERE value_text like '%i%' AND collection_id = '139' /// 
2007-08-03T14:44:14-05:00 : SELECT * FROM search_table WHERE value_text like '%i%' AND collection_id = '138' /// 
2007-08-03T14:44:14-05:00 : SELECT * FROM search_table WHERE value_text like '%i%' AND collection_id = '141' /// 
2007-08-03T14:44:14-05:00 : SELECT * FROM search_table WHERE value_text like '%i%' AND collection_id = '140' /// 
2007-08-03T14:44:14-05:00 : SELECT * FROM search_table WHERE value_text like '%i%' AND collection_id = '142' /// 
2007-08-03T14:44:14-05:00 : SELECT * FROM search_table WHERE value_text like '%i%' AND collection_id = '143' /// 
2007-08-03T14:44:14-05:00 : SELECT * FROM search_table WHERE value_text like '%i%' AND collection_id = '144' /// 
2007-08-03T14:44:14-05:00 : SELECT * FROM search_table WHERE value_text like '%i%' AND collection_id = '145' /// 
2007-08-03T14:44:14-05:00 : SELECT * FROM search_table WHERE value_text like '%i%' AND collection_id = '146' /// 
2007-08-03T14:44:14-05:00 : SELECT * FROM search_table WHERE value_text like '%i%' AND collection_id = '147' /// 
2007-08-03T14:44:14-05:00 : SELECT * FROM search_table WHERE value_text like '%i%' AND collection_id = '148' /// 
2007-08-03T14:44:14-05:00 : SELECT * FROM search_table WHERE value_text like '%i%' AND collection_id = '149' /// 
2007-08-03T14:44:14-05:00 : SELECT * FROM search_table WHERE value_text like '%i%' AND collection_id = '151' /// 
2007-08-03T14:44:15-05:00 : SELECT * FROM search_table WHERE value_text like '%i%' AND collection_id = '152' /// 
2007-08-03T14:44:15-05:00 : SELECT * FROM search_table WHERE value_text like '%i%' AND collection_id = '153' /// 
2007-08-03T14:44:15-05:00 : SELECT * FROM search_table WHERE value_text like '%i%' AND collection_id = '61' /// 
2007-08-03T14:44:15-05:00 : SELECT * FROM search_table WHERE value_text like '%i%' AND collection_id = '105' /// 
2007-08-03T14:44:15-05:00 : SELECT * FROM search_table WHERE value_text like '%i%' AND collection_id = '103' /// 
2007-08-03T14:44:15-05:00 : SELECT * FROM search_table WHERE value_text like '%i%' AND collection_id = '154' /// 
2007-08-03T14:44:15-05:00 : SELECT * FROM search_table WHERE value_text like '%i%' AND collection_id = '150' /// 
2007-08-03T14:44:56-05:00 : SELECT * FROM search_table WHERE value_text like '%dictionary%' AND collection_id = '87' /// 
2007-08-03T14:44:56-05:00 : SELECT * FROM search_table WHERE value_text like '%dictionary%' AND collection_id = '104' /// 
2007-08-03T14:44:56-05:00 : SELECT * FROM search_table WHERE value_text like '%dictionary%' AND collection_id = '124' /// 
2007-08-03T14:44:56-05:00 : SELECT * FROM search_table WHERE value_text like '%dictionary%' AND collection_id = '16' /// 
2007-08-03T14:44:56-05:00 : SELECT * FROM search_table WHERE value_text like '%dictionary%' AND collection_id = '12' /// 
2007-08-03T14:44:56-05:00 : SELECT * FROM search_table WHERE value_text like '%dictionary%' AND collection_id = '21' /// 
2007-08-03T14:44:56-05:00 : SELECT * FROM search_table WHERE value_text like '%dictionary%' AND collection_id = '22' /// 
2007-08-03T14:44:56-05:00 : SELECT * FROM search_table WHERE value_text like '%dictionary%' AND collection_id = '3' /// 
2007-08-03T14:44:56-05:00 : SELECT * FROM search_table WHERE value_text like '%dictionary%' AND collection_id = '2' /// 
2007-08-03T14:44:56-05:00 : SELECT * FROM search_table WHERE value_text like '%dictionary%' AND collection_id = '10' /// 
2007-08-03T14:44:56-05:00 : SELECT * FROM search_table WHERE value_text like '%dictionary%' AND collection_id = '11' /// 
2007-08-03T14:44:56-05:00 : SELECT * FROM search_table WHERE value_text like '%dictionary%' AND collection_id = '19' /// 
2007-08-03T14:44:56-05:00 : SELECT * FROM search_table WHERE value_text like '%dictionary%' AND collection_id = '1' /// 
2007-08-03T14:44:56-05:00 : SELECT * FROM search_table WHERE value_text like '%dictionary%' AND collection_id = '24' /// 
2007-08-03T14:44:56-05:00 : SELECT * FROM search_table WHERE value_text like '%dictionary%' AND collection_id = '26' /// 
2007-08-03T14:44:56-05:00 : SELECT * FROM search_table WHERE value_text like '%dictionary%' AND collection_id = '8' /// 
2007-08-03T14:44:56-05:00 : SELECT * FROM search_table WHERE value_text like '%dictionary%' AND collection_id = '17' /// 
2007-08-03T14:44:57-05:00 : SELECT * FROM search_table WHERE value_text like '%dictionary%' AND collection_id = '9' /// 
2007-08-03T14:44:57-05:00 : SELECT * FROM search_table WHERE value_text like '%dictionary%' AND collection_id = '7' /// 
2007-08-03T14:44:57-05:00 : SELECT * FROM search_table WHERE value_text like '%dictionary%' AND collection_id = '109' /// 
2007-08-03T14:44:57-05:00 : SELECT * FROM search_table WHERE value_text like '%dictionary%' AND collection_id = '29' /// 
2007-08-03T14:44:57-05:00 : SELECT * FROM search_table WHERE value_text like '%dictionary%' AND collection_id = '14' /// 
2007-08-03T14:44:57-05:00 : SELECT * FROM search_table WHERE value_text like '%dictionary%' AND collection_id = '6' /// 
2007-08-03T14:44:57-05:00 : SELECT * FROM search_table WHERE value_text like '%dictionary%' AND collection_id = '117' /// 
2007-08-03T14:44:57-05:00 : SELECT * FROM search_table WHERE value_text like '%dictionary%' AND collection_id = '18' /// 
2007-08-03T14:44:57-05:00 : SELECT * FROM search_table WHERE value_text like '%dictionary%' AND collection_id = '121' /// 
2007-08-03T14:44:57-05:00 : SELECT * FROM search_table WHERE value_text like '%dictionary%' AND collection_id = '57' /// 
2007-08-03T14:44:57-05:00 : SELECT * FROM search_table WHERE value_text like '%dictionary%' AND collection_id = '5' /// 
2007-08-03T14:44:57-05:00 : SELECT * FROM search_table WHERE value_text like '%dictionary%' AND collection_id = '52' /// 
2007-08-03T14:44:57-05:00 : SELECT * FROM search_table WHERE value_text like '%dictionary%' AND collection_id = '54' /// 
2007-08-03T14:44:57-05:00 : SELECT * FROM search_table WHERE value_text like '%dictionary%' AND collection_id = '58' /// 
2007-08-03T14:44:57-05:00 : SELECT * FROM search_table WHERE value_text like '%dictionary%' AND collection_id = '55' /// 
2007-08-03T14:44:57-05:00 : SELECT * FROM search_table WHERE value_text like '%dictionary%' AND collection_id = '15' /// 
2007-08-03T14:44:57-05:00 : SELECT * FROM search_table WHERE value_text like '%dictionary%' AND collection_id = '106' /// 
2007-08-03T14:44:57-05:00 : SELECT * FROM search_table WHERE value_text like '%dictionary%' AND collection_id = '110' /// 
2007-08-03T14:44:57-05:00 : SELECT * FROM search_table WHERE value_text like '%dictionary%' AND collection_id = '62' /// 
2007-08-03T14:44:57-05:00 : SELECT * FROM search_table WHERE value_text like '%dictionary%' AND collection_id = '59' /// 
2007-08-03T14:44:58-05:00 : SELECT * FROM search_table WHERE value_text like '%dictionary%' AND collection_id = '63' /// 
2007-08-03T14:44:58-05:00 : SELECT * FROM search_table WHERE value_text like '%dictionary%' AND collection_id = '60' /// 
2007-08-03T14:44:58-05:00 : SELECT * FROM search_table WHERE value_text like '%dictionary%' AND collection_id = '23' /// 
2007-08-03T14:44:58-05:00 : SELECT * FROM search_table WHERE value_text like '%dictionary%' AND collection_id = '114' /// 
2007-08-03T14:44:58-05:00 : SELECT * FROM search_table WHERE value_text like '%dictionary%' AND collection_id = '64' /// 
2007-08-03T14:44:58-05:00 : SELECT * FROM search_table WHERE value_text like '%dictionary%' AND collection_id = '118' /// 
2007-08-03T14:44:58-05:00 : SELECT * FROM search_table WHERE value_text like '%dictionary%' AND collection_id = '53' /// 
2007-08-03T14:44:58-05:00 : SELECT * FROM search_table WHERE value_text like '%dictionary%' AND collection_id = '66' /// 
2007-08-03T14:44:58-05:00 : SELECT * FROM search_table WHERE value_text like '%dictionary%' AND collection_id = '67' /// 
2007-08-03T14:44:58-05:00 : SELECT * FROM search_table WHERE value_text like '%dictionary%' AND collection_id = '122' /// 
2007-08-03T14:44:58-05:00 : SELECT * FROM search_table WHERE value_text like '%dictionary%' AND collection_id = '70' /// 
2007-08-03T14:44:58-05:00 : SELECT * FROM search_table WHERE value_text like '%dictionary%' AND collection_id = '71' /// 
2007-08-03T14:44:58-05:00 : SELECT * FROM search_table WHERE value_text like '%dictionary%' AND collection_id = '72' /// 
2007-08-03T14:44:58-05:00 : SELECT * FROM search_table WHERE value_text like '%dictionary%' AND collection_id = '102' /// 
2007-08-03T14:44:58-05:00 : SELECT * FROM search_table WHERE value_text like '%dictionary%' AND collection_id = '82' /// 
2007-08-03T14:44:58-05:00 : SELECT * FROM search_table WHERE value_text like '%dictionary%' AND collection_id = '111' /// 
2007-08-03T14:44:58-05:00 : SELECT * FROM search_table WHERE value_text like '%dictionary%' AND collection_id = '115' /// 
2007-08-03T14:44:58-05:00 : SELECT * FROM search_table WHERE value_text like '%dictionary%' AND collection_id = '56' /// 
2007-08-03T14:44:58-05:00 : SELECT * FROM search_table WHERE value_text like '%dictionary%' AND collection_id = '123' /// 
2007-08-03T14:44:58-05:00 : SELECT * FROM search_table WHERE value_text like '%dictionary%' AND collection_id = '125' /// 
2007-08-03T14:44:58-05:00 : SELECT * FROM search_table WHERE value_text like '%dictionary%' AND collection_id = '128' /// 
2007-08-03T14:44:58-05:00 : SELECT * FROM search_table WHERE value_text like '%dictionary%' AND collection_id = '130' /// 
2007-08-03T14:44:58-05:00 : SELECT * FROM search_table WHERE value_text like '%dictionary%' AND collection_id = '131' /// 
2007-08-03T14:44:58-05:00 : SELECT * FROM search_table WHERE value_text like '%dictionary%' AND collection_id = '132' /// 
2007-08-03T14:44:58-05:00 : SELECT * FROM search_table WHERE value_text like '%dictionary%' AND collection_id = '134' /// 
2007-08-03T14:44:58-05:00 : SELECT * FROM search_table WHERE value_text like '%dictionary%' AND collection_id = '135' /// 
2007-08-03T14:44:58-05:00 : SELECT * FROM search_table WHERE value_text like '%dictionary%' AND collection_id = '136' /// 
2007-08-03T14:44:58-05:00 : SELECT * FROM search_table WHERE value_text like '%dictionary%' AND collection_id = '137' /// 
2007-08-03T14:44:58-05:00 : SELECT * FROM search_table WHERE value_text like '%dictionary%' AND collection_id = '139' /// 
2007-08-03T14:44:58-05:00 : SELECT * FROM search_table WHERE value_text like '%dictionary%' AND collection_id = '138' /// 
2007-08-03T14:44:58-05:00 : SELECT * FROM search_table WHERE value_text like '%dictionary%' AND collection_id = '141' /// 
2007-08-03T14:44:58-05:00 : SELECT * FROM search_table WHERE value_text like '%dictionary%' AND collection_id = '140' /// 
2007-08-03T14:44:58-05:00 : SELECT * FROM search_table WHERE value_text like '%dictionary%' AND collection_id = '142' /// 
2007-08-03T14:44:58-05:00 : SELECT * FROM search_table WHERE value_text like '%dictionary%' AND collection_id = '143' /// 
2007-08-03T14:44:58-05:00 : SELECT * FROM search_table WHERE value_text like '%dictionary%' AND collection_id = '144' /// 
2007-08-03T14:44:59-05:00 : SELECT * FROM search_table WHERE value_text like '%dictionary%' AND collection_id = '145' /// 
2007-08-03T14:44:59-05:00 : SELECT * FROM search_table WHERE value_text like '%dictionary%' AND collection_id = '146' /// 
2007-08-03T14:44:59-05:00 : SELECT * FROM search_table WHERE value_text like '%dictionary%' AND collection_id = '147' /// 
2007-08-03T14:44:59-05:00 : SELECT * FROM search_table WHERE value_text like '%dictionary%' AND collection_id = '148' /// 
2007-08-03T14:44:59-05:00 : SELECT * FROM search_table WHERE value_text like '%dictionary%' AND collection_id = '149' /// 
2007-08-03T14:44:59-05:00 : SELECT * FROM search_table WHERE value_text like '%dictionary%' AND collection_id = '151' /// 
2007-08-03T14:44:59-05:00 : SELECT * FROM search_table WHERE value_text like '%dictionary%' AND collection_id = '152' /// 
2007-08-03T14:44:59-05:00 : SELECT * FROM search_table WHERE value_text like '%dictionary%' AND collection_id = '153' /// 
2007-08-03T14:44:59-05:00 : SELECT * FROM search_table WHERE value_text like '%dictionary%' AND collection_id = '61' /// 
2007-08-03T14:44:59-05:00 : SELECT * FROM search_table WHERE value_text like '%dictionary%' AND collection_id = '105' /// 
2007-08-03T14:44:59-05:00 : SELECT * FROM search_table WHERE value_text like '%dictionary%' AND collection_id = '103' /// 
2007-08-03T14:44:59-05:00 : SELECT * FROM search_table WHERE value_text like '%dictionary%' AND collection_id = '154' /// 
2007-08-03T14:44:59-05:00 : SELECT * FROM search_table WHERE value_text like '%dictionary%' AND collection_id = '150' /// 
